[06-24 22:33:49 848 ERROR] [main] contract.log.SystemPrintStream - 开始扫描全部引用jar包，如果扫描过程过长请在启动vm参数中设置scf.serializer.basepakage或者设置scf.serializer.scantype=asyn使用异步模式扫描。
[06-24 22:33:53 033 ERROR] [main] contract.log.SystemPrintStream - java.lang.NullPointerException
[06-24 22:33:53 033 ERROR] [main] contract.log.SystemPrintStream - 	at org.spat.scf.server.deploy.filemonitor.FileMonitor.addMonitorFile(FileMonitor.java:98)
[06-24 22:33:53 033 ERROR] [main] contract.log.SystemPrintStream - 	at org.spat.scf.server.bootstrap.Main.addFileMonitor(Main.java:354)
[06-24 22:33:53 034 ERROR] [main] contract.log.SystemPrintStream - 	at org.spat.scf.server.bootstrap.Main.main(Main.java:212)
[06-24 22:33:53 034 ERROR] [main] contract.log.SystemPrintStream - 	at org.spat.scf.maven.RunMojo.execute(RunMojo.java:33)
[06-24 22:33:53 035 ERROR] [main] contract.log.SystemPrintStream - 	at org.spat.scf.maven.RunMojo.main(RunMojo.java:18)
[06-24 22:35:27 831 ERROR] [main] contract.log.SystemPrintStream - 开始扫描全部引用jar包，如果扫描过程过长请在启动vm参数中设置scf.serializer.basepakage或者设置scf.serializer.scantype=asyn使用异步模式扫描。
[06-24 22:35:30 972 ERROR] [main] communication.tcp.SocketServer - init socket server error
org.jboss.netty.channel.ChannelException: Failed to bind to: /0.0.0.0:9090
	at org.jboss.netty.bootstrap.ServerBootstrap.bind(ServerBootstrap.java:296)
	at org.spat.scf.server.communication.tcp.SocketServer.initSocketServer(SocketServer.java:124)
	at org.spat.scf.server.communication.tcp.SocketServer.start(SocketServer.java:56)
	at org.spat.scf.server.bootstrap.Main.loadServers(Main.java:338)
	at org.spat.scf.server.bootstrap.Main.main(Main.java:206)
	at org.spat.scf.maven.RunMojo.execute(RunMojo.java:33)
	at org.spat.scf.maven.RunMojo.main(RunMojo.java:18)
Caused by: java.net.BindException: Address already in use: bind
	at sun.nio.ch.Net.bind0(Native Method)
	at sun.nio.ch.Net.bind(Net.java:444)
	at sun.nio.ch.Net.bind(Net.java:436)
	at sun.nio.ch.ServerSocketChannelImpl.bind(ServerSocketChannelImpl.java:214)
	at sun.nio.ch.ServerSocketAdaptor.bind(ServerSocketAdaptor.java:74)
	at org.jboss.netty.channel.socket.nio.NioServerSocketPipelineSink.bind(NioServerSocketPipelineSink.java:148)
	at org.jboss.netty.channel.socket.nio.NioServerSocketPipelineSink.handleServerSocket(NioServerSocketPipelineSink.java:100)
	at org.jboss.netty.channel.socket.nio.NioServerSocketPipelineSink.eventSunk(NioServerSocketPipelineSink.java:74)
	at org.jboss.netty.channel.Channels.bind(Channels.java:671)
	at org.jboss.netty.channel.AbstractChannel.bind(AbstractChannel.java:170)
	at org.jboss.netty.bootstrap.ServerBootstrap$Binder.channelOpen(ServerBootstrap.java:342)
	at org.jboss.netty.channel.Channels.fireChannelOpen(Channels.java:190)
	at org.jboss.netty.channel.socket.nio.NioServerSocketChannel.<init>(NioServerSocketChannel.java:80)
	at org.jboss.netty.channel.socket.nio.NioServerSocketChannelFactory.newChannel(NioServerSocketChannelFactory.java:142)
	at org.jboss.netty.channel.socket.nio.NioServerSocketChannelFactory.newChannel(NioServerSocketChannelFactory.java:90)
	at org.jboss.netty.bootstrap.ServerBootstrap.bind(ServerBootstrap.java:275)
	... 6 more
[06-24 22:35:47 295 ERROR] [main] contract.log.SystemPrintStream - 开始扫描全部引用jar包，如果扫描过程过长请在启动vm参数中设置scf.serializer.basepakage或者设置scf.serializer.scantype=asyn使用异步模式扫描。
[06-24 22:35:50 468 ERROR] [main] contract.log.SystemPrintStream - java.lang.NullPointerException
[06-24 22:35:50 469 ERROR] [main] contract.log.SystemPrintStream - 	at org.spat.scf.server.deploy.filemonitor.FileMonitor.addMonitorFile(FileMonitor.java:98)
[06-24 22:35:50 469 ERROR] [main] contract.log.SystemPrintStream - 	at org.spat.scf.server.bootstrap.Main.addFileMonitor(Main.java:354)
[06-24 22:35:50 470 ERROR] [main] contract.log.SystemPrintStream - 	at org.spat.scf.server.bootstrap.Main.main(Main.java:212)
[06-24 22:35:50 470 ERROR] [main] contract.log.SystemPrintStream - 	at org.spat.scf.maven.RunMojo.execute(RunMojo.java:33)
[06-24 22:35:50 470 ERROR] [main] contract.log.SystemPrintStream - 	at org.spat.scf.maven.RunMojo.main(RunMojo.java:18)
[06-24 22:37:29 431 ERROR] [main] contract.log.SystemPrintStream - 开始扫描全部引用jar包，如果扫描过程过长请在启动vm参数中设置scf.serializer.basepakage或者设置scf.serializer.scantype=asyn使用异步模式扫描。
[06-24 22:37:52 596 ERROR] [New I/O server worker #1-3] communication.tcp.SocketHandler - unexpected exception from downstream remoteAddress(/127.0.0.1:59042)
java.io.IOException: 远程主机强迫关闭了一个现有的连接。
	at sun.nio.ch.SocketDispatcher.read0(Native Method)
	at sun.nio.ch.SocketDispatcher.read(SocketDispatcher.java:43)
	at sun.nio.ch.IOUtil.readIntoNativeBuffer(IOUtil.java:223)
	at sun.nio.ch.IOUtil.read(IOUtil.java:197)
	at sun.nio.ch.SocketChannelImpl.read(SocketChannelImpl.java:379)
	at org.jboss.netty.buffer.HeapChannelBuffer.setBytes(HeapChannelBuffer.java:156)
	at org.jboss.netty.buffer.AbstractChannelBuffer.writeBytes(AbstractChannelBuffer.java:425)
	at org.jboss.netty.channel.socket.nio.NioWorker.read(NioWorker.java:305)
	at org.jboss.netty.channel.socket.nio.NioWorker.processSelectedKeys(NioWorker.java:275)
	at org.jboss.netty.channel.socket.nio.NioWorker.run(NioWorker.java:196)
	at org.jboss.netty.util.internal.IoWorkerRunnable.run(IoWorkerRunnable.java:46)
	at java.util.concurrent.ThreadPoolExecutor.runWorker(ThreadPoolExecutor.java:1145)
	at java.util.concurrent.ThreadPoolExecutor$Worker.run(ThreadPoolExecutor.java:615)
	at java.lang.Thread.run(Thread.java:745)
[06-24 22:37:52 614 ERROR] [New I/O server worker #1-1] communication.tcp.SocketHandler - unexpected exception from downstream remoteAddress(/127.0.0.1:59036)
java.io.IOException: 远程主机强迫关闭了一个现有的连接。
	at sun.nio.ch.SocketDispatcher.read0(Native Method)
	at sun.nio.ch.SocketDispatcher.read(SocketDispatcher.java:43)
	at sun.nio.ch.IOUtil.readIntoNativeBuffer(IOUtil.java:223)
	at sun.nio.ch.IOUtil.read(IOUtil.java:197)
	at sun.nio.ch.SocketChannelImpl.read(SocketChannelImpl.java:379)
	at org.jboss.netty.buffer.HeapChannelBuffer.setBytes(HeapChannelBuffer.java:156)
	at org.jboss.netty.buffer.AbstractChannelBuffer.writeBytes(AbstractChannelBuffer.java:425)
	at org.jboss.netty.channel.socket.nio.NioWorker.read(NioWorker.java:305)
	at org.jboss.netty.channel.socket.nio.NioWorker.processSelectedKeys(NioWorker.java:275)
	at org.jboss.netty.channel.socket.nio.NioWorker.run(NioWorker.java:196)
	at org.jboss.netty.util.internal.IoWorkerRunnable.run(IoWorkerRunnable.java:46)
	at java.util.concurrent.ThreadPoolExecutor.runWorker(ThreadPoolExecutor.java:1145)
	at java.util.concurrent.ThreadPoolExecutor$Worker.run(ThreadPoolExecutor.java:615)
	at java.lang.Thread.run(Thread.java:745)
[06-24 22:37:52 616 ERROR] [New I/O server worker #1-5] communication.tcp.SocketHandler - unexpected exception from downstream remoteAddress(/127.0.0.1:59050)
java.io.IOException: 远程主机强迫关闭了一个现有的连接。
	at sun.nio.ch.SocketDispatcher.read0(Native Method)
	at sun.nio.ch.SocketDispatcher.read(SocketDispatcher.java:43)
	at sun.nio.ch.IOUtil.readIntoNativeBuffer(IOUtil.java:223)
	at sun.nio.ch.IOUtil.read(IOUtil.java:197)
	at sun.nio.ch.SocketChannelImpl.read(SocketChannelImpl.java:379)
	at org.jboss.netty.buffer.HeapChannelBuffer.setBytes(HeapChannelBuffer.java:156)
	at org.jboss.netty.buffer.AbstractChannelBuffer.writeBytes(AbstractChannelBuffer.java:425)
	at org.jboss.netty.channel.socket.nio.NioWorker.read(NioWorker.java:305)
	at org.jboss.netty.channel.socket.nio.NioWorker.processSelectedKeys(NioWorker.java:275)
	at org.jboss.netty.channel.socket.nio.NioWorker.run(NioWorker.java:196)
	at org.jboss.netty.util.internal.IoWorkerRunnable.run(IoWorkerRunnable.java:46)
	at java.util.concurrent.ThreadPoolExecutor.runWorker(ThreadPoolExecutor.java:1145)
	at java.util.concurrent.ThreadPoolExecutor$Worker.run(ThreadPoolExecutor.java:615)
	at java.lang.Thread.run(Thread.java:745)
[06-24 22:37:52 618 ERROR] [New I/O server worker #1-2] communication.tcp.SocketHandler - unexpected exception from downstream remoteAddress(/127.0.0.1:59041)
java.io.IOException: 远程主机强迫关闭了一个现有的连接。
	at sun.nio.ch.SocketDispatcher.read0(Native Method)
	at sun.nio.ch.SocketDispatcher.read(SocketDispatcher.java:43)
	at sun.nio.ch.IOUtil.readIntoNativeBuffer(IOUtil.java:223)
	at sun.nio.ch.IOUtil.read(IOUtil.java:197)
	at sun.nio.ch.SocketChannelImpl.read(SocketChannelImpl.java:379)
	at org.jboss.netty.buffer.HeapChannelBuffer.setBytes(HeapChannelBuffer.java:156)
	at org.jboss.netty.buffer.AbstractChannelBuffer.writeBytes(AbstractChannelBuffer.java:425)
	at org.jboss.netty.channel.socket.nio.NioWorker.read(NioWorker.java:305)
	at org.jboss.netty.channel.socket.nio.NioWorker.processSelectedKeys(NioWorker.java:275)
	at org.jboss.netty.channel.socket.nio.NioWorker.run(NioWorker.java:196)
	at org.jboss.netty.util.internal.IoWorkerRunnable.run(IoWorkerRunnable.java:46)
	at java.util.concurrent.ThreadPoolExecutor.runWorker(ThreadPoolExecutor.java:1145)
	at java.util.concurrent.ThreadPoolExecutor$Worker.run(ThreadPoolExecutor.java:615)
	at java.lang.Thread.run(Thread.java:745)
[06-24 22:37:52 623 ERROR] [New I/O server worker #1-4] communication.tcp.SocketHandler - unexpected exception from downstream remoteAddress(/127.0.0.1:59047)
java.io.IOException: 远程主机强迫关闭了一个现有的连接。
	at sun.nio.ch.SocketDispatcher.read0(Native Method)
	at sun.nio.ch.SocketDispatcher.read(SocketDispatcher.java:43)
	at sun.nio.ch.IOUtil.readIntoNativeBuffer(IOUtil.java:223)
	at sun.nio.ch.IOUtil.read(IOUtil.java:197)
	at sun.nio.ch.SocketChannelImpl.read(SocketChannelImpl.java:379)
	at org.jboss.netty.buffer.HeapChannelBuffer.setBytes(HeapChannelBuffer.java:156)
	at org.jboss.netty.buffer.AbstractChannelBuffer.writeBytes(AbstractChannelBuffer.java:425)
	at org.jboss.netty.channel.socket.nio.NioWorker.read(NioWorker.java:305)
	at org.jboss.netty.channel.socket.nio.NioWorker.processSelectedKeys(NioWorker.java:275)
	at org.jboss.netty.channel.socket.nio.NioWorker.run(NioWorker.java:196)
	at org.jboss.netty.util.internal.IoWorkerRunnable.run(IoWorkerRunnable.java:46)
	at java.util.concurrent.ThreadPoolExecutor.runWorker(ThreadPoolExecutor.java:1145)
	at java.util.concurrent.ThreadPoolExecutor$Worker.run(ThreadPoolExecutor.java:615)
	at java.lang.Thread.run(Thread.java:745)
[06-24 22:38:39 346 ERROR] [main] contract.log.SystemPrintStream - java.lang.LinkageError: loader (instance of  org/spat/scf/server/deploy/hotdeploy/DynamicClassLoader): attempted  duplicate class definition for name: "org/spat/scf/demo/contract/IUserInfoService"
[06-24 22:38:39 347 ERROR] [main] contract.log.SystemPrintStream - 	at java.lang.ClassLoader.defineClass1(Native Method)
[06-24 22:38:39 347 ERROR] [main] contract.log.SystemPrintStream - 	at java.lang.ClassLoader.defineClass(ClassLoader.java:800)
[06-24 22:38:39 348 ERROR] [main] contract.log.SystemPrintStream - 	at org.spat.scf.server.deploy.hotdeploy.DynamicClassLoader.findClass(DynamicClassLoader.java:114)
[06-24 22:38:39 348 ERROR] [main] contract.log.SystemPrintStream - 	at org.spat.scf.server.deploy.hotdeploy.DynamicClassLoader.findClass(DynamicClassLoader.java:99)
[06-24 22:38:39 348 ERROR] [main] contract.log.SystemPrintStream - 	at org.spat.scf.server.deploy.hotdeploy.DynamicClassLoader.findClass(DynamicClassLoader.java:140)
[06-24 22:38:39 349 ERROR] [main] contract.log.SystemPrintStream - 	at org.spat.scf.server.utility.ClassHelper.getClassFromJar(ClassHelper.java:44)
[06-24 22:38:39 349 ERROR] [main] contract.log.SystemPrintStream - 	at org.spat.scf.server.deploy.bytecode.ScanClass.scan(ScanClass.java:128)
[06-24 22:38:39 349 ERROR] [main] contract.log.SystemPrintStream - 	at org.spat.scf.server.deploy.bytecode.ScanClass.getContractInfo(ScanClass.java:59)
[06-24 22:38:39 350 ERROR] [main] contract.log.SystemPrintStream - 	at org.spat.scf.server.deploy.bytecode.CreateManager.careteProxy(CreateManager.java:24)
[06-24 22:38:39 350 ERROR] [main] contract.log.SystemPrintStream - 	at org.spat.scf.server.deploy.hotdeploy.ProxyFactoryLoader.loadProxyFactory(ProxyFactoryLoader.java:25)
[06-24 22:38:39 350 ERROR] [main] contract.log.SystemPrintStream - 	at org.spat.scf.server.bootstrap.Main.main(Main.java:151)
[06-24 22:38:39 351 ERROR] [main] contract.log.SystemPrintStream - 	at org.spat.scf.maven.RunMojo.main(RunMojo.java:19)
[06-24 22:38:39 353 ERROR] [main] contract.log.SystemPrintStream - java.lang.LinkageError: loader (instance of  org/spat/scf/server/deploy/hotdeploy/DynamicClassLoader): attempted  duplicate class definition for name: "org/spat/scf/demo/entity/UserInfo"
[06-24 22:38:39 354 ERROR] [main] contract.log.SystemPrintStream - 	at java.lang.ClassLoader.defineClass1(Native Method)
[06-24 22:38:39 354 ERROR] [main] contract.log.SystemPrintStream - 	at java.lang.ClassLoader.defineClass(ClassLoader.java:800)
[06-24 22:38:39 355 ERROR] [main] contract.log.SystemPrintStream - 	at org.spat.scf.server.deploy.hotdeploy.DynamicClassLoader.findClass(DynamicClassLoader.java:114)
[06-24 22:38:39 355 ERROR] [main] contract.log.SystemPrintStream - 	at org.spat.scf.server.deploy.hotdeploy.DynamicClassLoader.findClass(DynamicClassLoader.java:99)
[06-24 22:38:39 355 ERROR] [main] contract.log.SystemPrintStream - 	at org.spat.scf.server.deploy.hotdeploy.DynamicClassLoader.findClass(DynamicClassLoader.java:140)
[06-24 22:38:39 356 ERROR] [main] contract.log.SystemPrintStream - 	at org.spat.scf.server.utility.ClassHelper.getClassFromJar(ClassHelper.java:44)
[06-24 22:38:39 356 ERROR] [main] contract.log.SystemPrintStream - 	at org.spat.scf.server.deploy.bytecode.ScanClass.scan(ScanClass.java:128)
[06-24 22:38:39 356 ERROR] [main] contract.log.SystemPrintStream - 	at org.spat.scf.server.deploy.bytecode.ScanClass.getContractInfo(ScanClass.java:59)
[06-24 22:38:39 356 ERROR] [main] contract.log.SystemPrintStream - 	at org.spat.scf.server.deploy.bytecode.CreateManager.careteProxy(CreateManager.java:24)
[06-24 22:38:39 357 ERROR] [main] contract.log.SystemPrintStream - 	at org.spat.scf.server.deploy.hotdeploy.ProxyFactoryLoader.loadProxyFactory(ProxyFactoryLoader.java:25)
[06-24 22:38:39 357 ERROR] [main] contract.log.SystemPrintStream - 	at org.spat.scf.server.bootstrap.Main.main(Main.java:151)
[06-24 22:38:39 357 ERROR] [main] contract.log.SystemPrintStream - 	at org.spat.scf.maven.RunMojo.main(RunMojo.java:19)
[06-24 22:38:39 488 ERROR] [main] contract.log.SystemPrintStream - 开始扫描全部引用jar包，如果扫描过程过长请在启动vm参数中设置scf.serializer.basepakage或者设置scf.serializer.scantype=asyn使用异步模式扫描。
[06-24 22:38:42 758 ERROR] [main] communication.tcp.SocketServer - init socket server error
org.jboss.netty.channel.ChannelException: Failed to bind to: /0.0.0.0:10019
	at org.jboss.netty.bootstrap.ServerBootstrap.bind(ServerBootstrap.java:296)
	at org.spat.scf.server.communication.tcp.SocketServer.initSocketServer(SocketServer.java:124)
	at org.spat.scf.server.communication.tcp.SocketServer.start(SocketServer.java:56)
	at org.spat.scf.server.bootstrap.Main.loadServers(Main.java:338)
	at org.spat.scf.server.bootstrap.Main.main(Main.java:206)
	at org.spat.scf.maven.RunMojo.main(RunMojo.java:19)
Caused by: java.net.BindException: Address already in use: bind
	at sun.nio.ch.Net.bind0(Native Method)
	at sun.nio.ch.Net.bind(Net.java:444)
	at sun.nio.ch.Net.bind(Net.java:436)
	at sun.nio.ch.ServerSocketChannelImpl.bind(ServerSocketChannelImpl.java:214)
	at sun.nio.ch.ServerSocketAdaptor.bind(ServerSocketAdaptor.java:74)
	at org.jboss.netty.channel.socket.nio.NioServerSocketPipelineSink.bind(NioServerSocketPipelineSink.java:148)
	at org.jboss.netty.channel.socket.nio.NioServerSocketPipelineSink.handleServerSocket(NioServerSocketPipelineSink.java:100)
	at org.jboss.netty.channel.socket.nio.NioServerSocketPipelineSink.eventSunk(NioServerSocketPipelineSink.java:74)
	at org.jboss.netty.channel.Channels.bind(Channels.java:671)
	at org.jboss.netty.channel.AbstractChannel.bind(AbstractChannel.java:170)
	at org.jboss.netty.bootstrap.ServerBootstrap$Binder.channelOpen(ServerBootstrap.java:342)
	at org.jboss.netty.channel.Channels.fireChannelOpen(Channels.java:190)
	at org.jboss.netty.channel.socket.nio.NioServerSocketChannel.<init>(NioServerSocketChannel.java:80)
	at org.jboss.netty.channel.socket.nio.NioServerSocketChannelFactory.newChannel(NioServerSocketChannelFactory.java:142)
	at org.jboss.netty.channel.socket.nio.NioServerSocketChannelFactory.newChannel(NioServerSocketChannelFactory.java:90)
	at org.jboss.netty.bootstrap.ServerBootstrap.bind(ServerBootstrap.java:275)
	... 5 more
[06-24 22:38:55 661 ERROR] [main] contract.log.SystemPrintStream - java.lang.LinkageError: loader (instance of  org/spat/scf/server/deploy/hotdeploy/DynamicClassLoader): attempted  duplicate class definition for name: "org/spat/scf/demo/contract/IUserInfoService"
[06-24 22:38:55 662 ERROR] [main] contract.log.SystemPrintStream - 	at java.lang.ClassLoader.defineClass1(Native Method)
[06-24 22:38:55 662 ERROR] [main] contract.log.SystemPrintStream - 	at java.lang.ClassLoader.defineClass(ClassLoader.java:800)
[06-24 22:38:55 663 ERROR] [main] contract.log.SystemPrintStream - 	at org.spat.scf.server.deploy.hotdeploy.DynamicClassLoader.findClass(DynamicClassLoader.java:114)
[06-24 22:38:55 663 ERROR] [main] contract.log.SystemPrintStream - 	at org.spat.scf.server.deploy.hotdeploy.DynamicClassLoader.findClass(DynamicClassLoader.java:99)
[06-24 22:38:55 663 ERROR] [main] contract.log.SystemPrintStream - 	at org.spat.scf.server.deploy.hotdeploy.DynamicClassLoader.findClass(DynamicClassLoader.java:140)
[06-24 22:38:55 663 ERROR] [main] contract.log.SystemPrintStream - 	at org.spat.scf.server.utility.ClassHelper.getClassFromJar(ClassHelper.java:44)
[06-24 22:38:55 664 ERROR] [main] contract.log.SystemPrintStream - 	at org.spat.scf.server.deploy.bytecode.ScanClass.scan(ScanClass.java:128)
[06-24 22:38:55 664 ERROR] [main] contract.log.SystemPrintStream - 	at org.spat.scf.server.deploy.bytecode.ScanClass.getContractInfo(ScanClass.java:59)
[06-24 22:38:55 664 ERROR] [main] contract.log.SystemPrintStream - 	at org.spat.scf.server.deploy.bytecode.CreateManager.careteProxy(CreateManager.java:24)
[06-24 22:38:55 665 ERROR] [main] contract.log.SystemPrintStream - 	at org.spat.scf.server.deploy.hotdeploy.ProxyFactoryLoader.loadProxyFactory(ProxyFactoryLoader.java:25)
[06-24 22:38:55 665 ERROR] [main] contract.log.SystemPrintStream - 	at org.spat.scf.server.bootstrap.Main.main(Main.java:151)
[06-24 22:38:55 666 ERROR] [main] contract.log.SystemPrintStream - 	at org.spat.scf.maven.RunMojo.main(RunMojo.java:19)
[06-24 22:38:55 668 ERROR] [main] contract.log.SystemPrintStream - java.lang.LinkageError: loader (instance of  org/spat/scf/server/deploy/hotdeploy/DynamicClassLoader): attempted  duplicate class definition for name: "org/spat/scf/demo/entity/UserInfo"
[06-24 22:38:55 668 ERROR] [main] contract.log.SystemPrintStream - 	at java.lang.ClassLoader.defineClass1(Native Method)
[06-24 22:38:55 669 ERROR] [main] contract.log.SystemPrintStream - 	at java.lang.ClassLoader.defineClass(ClassLoader.java:800)
[06-24 22:38:55 669 ERROR] [main] contract.log.SystemPrintStream - 	at org.spat.scf.server.deploy.hotdeploy.DynamicClassLoader.findClass(DynamicClassLoader.java:114)
[06-24 22:38:55 669 ERROR] [main] contract.log.SystemPrintStream - 	at org.spat.scf.server.deploy.hotdeploy.DynamicClassLoader.findClass(DynamicClassLoader.java:99)
[06-24 22:38:55 670 ERROR] [main] contract.log.SystemPrintStream - 	at org.spat.scf.server.deploy.hotdeploy.DynamicClassLoader.findClass(DynamicClassLoader.java:140)
[06-24 22:38:55 670 ERROR] [main] contract.log.SystemPrintStream - 	at org.spat.scf.server.utility.ClassHelper.getClassFromJar(ClassHelper.java:44)
[06-24 22:38:55 670 ERROR] [main] contract.log.SystemPrintStream - 	at org.spat.scf.server.deploy.bytecode.ScanClass.scan(ScanClass.java:128)
[06-24 22:38:55 670 ERROR] [main] contract.log.SystemPrintStream - 	at org.spat.scf.server.deploy.bytecode.ScanClass.getContractInfo(ScanClass.java:59)
[06-24 22:38:55 671 ERROR] [main] contract.log.SystemPrintStream - 	at org.spat.scf.server.deploy.bytecode.CreateManager.careteProxy(CreateManager.java:24)
[06-24 22:38:55 671 ERROR] [main] contract.log.SystemPrintStream - 	at org.spat.scf.server.deploy.hotdeploy.ProxyFactoryLoader.loadProxyFactory(ProxyFactoryLoader.java:25)
[06-24 22:38:55 671 ERROR] [main] contract.log.SystemPrintStream - 	at org.spat.scf.server.bootstrap.Main.main(Main.java:151)
[06-24 22:38:55 672 ERROR] [main] contract.log.SystemPrintStream - 	at org.spat.scf.maven.RunMojo.main(RunMojo.java:19)
[06-24 22:38:55 802 ERROR] [main] contract.log.SystemPrintStream - 开始扫描全部引用jar包，如果扫描过程过长请在启动vm参数中设置scf.serializer.basepakage或者设置scf.serializer.scantype=asyn使用异步模式扫描。
