[06-22 14:11:26 341 ERROR] [main] contract.log.SystemPrintStream - 开始扫描全部引用jar包，如果扫描过程过长请在启动vm参数中设置scf.serializer.basepakage或者设置scf.serializer.scantype=asyn使用异步模式扫描。
[06-22 14:28:00 937 ERROR] [main] contract.log.SystemPrintStream - 开始扫描全部引用jar包，如果扫描过程过长请在启动vm参数中设置scf.serializer.basepakage或者设置scf.serializer.scantype=asyn使用异步模式扫描。
[06-22 16:29:20 477 ERROR] [main] contract.log.SystemPrintStream - 开始扫描全部引用jar包，如果扫描过程过长请在启动vm参数中设置scf.serializer.basepakage或者设置scf.serializer.scantype=asyn使用异步模式扫描。
[06-22 16:29:23 976 ERROR] [main] contract.log.SystemPrintStream - java.lang.NullPointerException
[06-22 16:29:23 976 ERROR] [main] contract.log.SystemPrintStream - 	at org.spat.scf.serializer.component.ClassScaner.getClassFromFile(ClassScaner.java:160)
[06-22 16:29:23 977 ERROR] [main] contract.log.SystemPrintStream - 	at org.spat.scf.serializer.component.ClassScaner.getClassFromURL(ClassScaner.java:140)
[06-22 16:29:23 977 ERROR] [main] contract.log.SystemPrintStream - 	at org.spat.scf.serializer.component.ClassScaner.scanByURLClassLoader(ClassScaner.java:118)
[06-22 16:29:23 977 ERROR] [main] contract.log.SystemPrintStream - 	at org.spat.scf.serializer.component.ClassScaner.scan(ClassScaner.java:45)
[06-22 16:29:23 978 ERROR] [main] contract.log.SystemPrintStream - 	at org.spat.scf.serializer.component.TypeMap.LoadCustmeType(TypeMap.java:101)
[06-22 16:29:23 978 ERROR] [main] contract.log.SystemPrintStream - 	at org.spat.scf.serializer.component.TypeMap.InitTypeMap(TypeMap.java:86)
[06-22 16:29:23 978 ERROR] [main] contract.log.SystemPrintStream - 	at org.spat.scf.serializer.serializer.Serializer.Init(Serializer.java:28)
[06-22 16:29:23 978 ERROR] [main] contract.log.SystemPrintStream - 	at org.spat.scf.serializer.serializer.Serializer.<clinit>(Serializer.java:24)
[06-22 16:29:23 979 ERROR] [main] contract.log.SystemPrintStream - 	at org.spat.scf.protocol.serializer.SCFSerialize.<clinit>(SCFSerialize.java:14)
[06-22 16:29:23 979 ERROR] [main] contract.log.SystemPrintStream - 	at org.spat.scf.protocol.serializer.SerializeBaseFactory.<clinit>(SerializeBaseFactory.java:7)
[06-22 16:29:23 979 ERROR] [main] contract.log.SystemPrintStream - 	at org.spat.scf.server.contract.context.SerializerClassInit.init(SerializerClassInit.java:14)
[06-22 16:29:23 979 ERROR] [main] contract.log.SystemPrintStream - 	at org.spat.scf.server.bootstrap.Main.loadInitBeans(Main.java:269)
[06-22 16:29:23 980 ERROR] [main] contract.log.SystemPrintStream - 	at org.spat.scf.server.bootstrap.Main.main(Main.java:155)
[06-22 16:29:23 980 ERROR] [main] contract.log.SystemPrintStream - 	at org.spat.scf.maven.RunMojo.execute(RunMojo.java:77)
[06-22 16:29:23 981 ERROR] [main] contract.log.SystemPrintStream - 	at org.spat.scf.maven.RunMojo.main(RunMojo.java:33)
[06-22 16:53:48 863 ERROR] [main] contract.log.SystemPrintStream - 开始扫描全部引用jar包，如果扫描过程过长请在启动vm参数中设置scf.serializer.basepakage或者设置scf.serializer.scantype=asyn使用异步模式扫描。
[06-22 16:53:51 904 ERROR] [main] contract.log.SystemPrintStream - java.lang.NullPointerException
[06-22 16:53:51 905 ERROR] [main] contract.log.SystemPrintStream - 	at org.spat.scf.serializer.component.ClassScaner.getClassFromFile(ClassScaner.java:160)
[06-22 16:53:51 905 ERROR] [main] contract.log.SystemPrintStream - 	at org.spat.scf.serializer.component.ClassScaner.getClassFromURL(ClassScaner.java:140)
[06-22 16:53:51 906 ERROR] [main] contract.log.SystemPrintStream - 	at org.spat.scf.serializer.component.ClassScaner.scanByURLClassLoader(ClassScaner.java:118)
[06-22 16:53:51 906 ERROR] [main] contract.log.SystemPrintStream - 	at org.spat.scf.serializer.component.ClassScaner.scan(ClassScaner.java:45)
[06-22 16:53:51 906 ERROR] [main] contract.log.SystemPrintStream - 	at org.spat.scf.serializer.component.TypeMap.LoadCustmeType(TypeMap.java:101)
[06-22 16:53:51 906 ERROR] [main] contract.log.SystemPrintStream - 	at org.spat.scf.serializer.component.TypeMap.InitTypeMap(TypeMap.java:86)
[06-22 16:53:51 907 ERROR] [main] contract.log.SystemPrintStream - 	at org.spat.scf.serializer.serializer.Serializer.Init(Serializer.java:28)
[06-22 16:53:51 907 ERROR] [main] contract.log.SystemPrintStream - 	at org.spat.scf.serializer.serializer.Serializer.<clinit>(Serializer.java:24)
[06-22 16:53:51 908 ERROR] [main] contract.log.SystemPrintStream - 	at org.spat.scf.protocol.serializer.SCFSerialize.<clinit>(SCFSerialize.java:14)
[06-22 16:53:51 908 ERROR] [main] contract.log.SystemPrintStream - 	at org.spat.scf.protocol.serializer.SerializeBaseFactory.<clinit>(SerializeBaseFactory.java:7)
[06-22 16:53:51 908 ERROR] [main] contract.log.SystemPrintStream - 	at org.spat.scf.server.contract.context.SerializerClassInit.init(SerializerClassInit.java:14)
[06-22 16:53:51 908 ERROR] [main] contract.log.SystemPrintStream - 	at org.spat.scf.server.bootstrap.Main.loadInitBeans(Main.java:269)
[06-22 16:53:51 909 ERROR] [main] contract.log.SystemPrintStream - 	at org.spat.scf.server.bootstrap.Main.main(Main.java:155)
[06-22 16:53:51 909 ERROR] [main] contract.log.SystemPrintStream - 	at org.spat.scf.maven.RunMojo.execute(RunMojo.java:77)
[06-22 16:53:51 909 ERROR] [main] contract.log.SystemPrintStream - 	at org.spat.scf.maven.RunMojo.main(RunMojo.java:33)
[06-22 16:55:36 015 ERROR] [main] contract.log.SystemPrintStream - 开始扫描全部引用jar包，如果扫描过程过长请在启动vm参数中设置scf.serializer.basepakage或者设置scf.serializer.scantype=asyn使用异步模式扫描。
[06-22 16:57:21 127 ERROR] [main] contract.log.SystemPrintStream - java.lang.NullPointerException
[06-22 16:57:21 128 ERROR] [main] contract.log.SystemPrintStream - 	at org.spat.scf.serializer.component.ClassScaner.getClassFromFile(ClassScaner.java:160)
[06-22 16:57:21 128 ERROR] [main] contract.log.SystemPrintStream - 	at org.spat.scf.serializer.component.ClassScaner.getClassFromURL(ClassScaner.java:140)
[06-22 16:57:21 129 ERROR] [main] contract.log.SystemPrintStream - 	at org.spat.scf.serializer.component.ClassScaner.scanByURLClassLoader(ClassScaner.java:118)
[06-22 16:57:21 129 ERROR] [main] contract.log.SystemPrintStream - 	at org.spat.scf.serializer.component.ClassScaner.scan(ClassScaner.java:45)
[06-22 16:57:21 129 ERROR] [main] contract.log.SystemPrintStream - 	at org.spat.scf.serializer.component.TypeMap.LoadCustmeType(TypeMap.java:101)
[06-22 16:57:21 129 ERROR] [main] contract.log.SystemPrintStream - 	at org.spat.scf.serializer.component.TypeMap.InitTypeMap(TypeMap.java:86)
[06-22 16:57:21 130 ERROR] [main] contract.log.SystemPrintStream - 	at org.spat.scf.serializer.serializer.Serializer.Init(Serializer.java:28)
[06-22 16:57:21 130 ERROR] [main] contract.log.SystemPrintStream - 	at org.spat.scf.serializer.serializer.Serializer.<clinit>(Serializer.java:24)
[06-22 16:57:21 130 ERROR] [main] contract.log.SystemPrintStream - 	at org.spat.scf.protocol.serializer.SCFSerialize.<clinit>(SCFSerialize.java:14)
[06-22 16:57:21 130 ERROR] [main] contract.log.SystemPrintStream - 	at org.spat.scf.protocol.serializer.SerializeBaseFactory.<clinit>(SerializeBaseFactory.java:7)
[06-22 16:57:21 131 ERROR] [main] contract.log.SystemPrintStream - 	at org.spat.scf.server.contract.context.SerializerClassInit.init(SerializerClassInit.java:14)
[06-22 16:57:21 131 ERROR] [main] contract.log.SystemPrintStream - 	at org.spat.scf.server.bootstrap.Main.loadInitBeans(Main.java:269)
[06-22 16:57:21 131 ERROR] [main] contract.log.SystemPrintStream - 	at org.spat.scf.server.bootstrap.Main.main(Main.java:155)
[06-22 16:57:21 131 ERROR] [main] contract.log.SystemPrintStream - 	at org.spat.scf.maven.RunMojo.execute(RunMojo.java:77)
[06-22 16:57:21 132 ERROR] [main] contract.log.SystemPrintStream - 	at org.spat.scf.maven.RunMojo.main(RunMojo.java:33)
[06-22 17:02:27 485 ERROR] [main] contract.log.SystemPrintStream - 开始扫描全部引用jar包，如果扫描过程过长请在启动vm参数中设置scf.serializer.basepakage或者设置scf.serializer.scantype=asyn使用异步模式扫描。
[06-22 17:05:24 558 ERROR] [main] contract.log.SystemPrintStream - 开始扫描全部引用jar包，如果扫描过程过长请在启动vm参数中设置scf.serializer.basepakage或者设置scf.serializer.scantype=asyn使用异步模式扫描。
[06-22 17:11:07 486 ERROR] [main] contract.log.SystemPrintStream - 开始扫描全部引用jar包，如果扫描过程过长请在启动vm参数中设置scf.serializer.basepakage或者设置scf.serializer.scantype=asyn使用异步模式扫描。
[06-22 17:13:51 105 ERROR] [main] contract.log.SystemPrintStream - 开始扫描全部引用jar包，如果扫描过程过长请在启动vm参数中设置scf.serializer.basepakage或者设置scf.serializer.scantype=asyn使用异步模式扫描。
[06-22 17:13:53 834 ERROR] [main] contract.log.SystemPrintStream - java.lang.NullPointerException
[06-22 17:13:53 835 ERROR] [main] contract.log.SystemPrintStream - 	at org.spat.scf.serializer.component.ClassScaner.getClassFromFile(ClassScaner.java:163)
[06-22 17:13:53 835 ERROR] [main] contract.log.SystemPrintStream - 	at org.spat.scf.serializer.component.ClassScaner.getClassFromURL(ClassScaner.java:140)
[06-22 17:13:53 836 ERROR] [main] contract.log.SystemPrintStream - 	at org.spat.scf.serializer.component.ClassScaner.scanByURLClassLoader(ClassScaner.java:118)
[06-22 17:13:53 836 ERROR] [main] contract.log.SystemPrintStream - 	at org.spat.scf.serializer.component.ClassScaner.scan(ClassScaner.java:45)
[06-22 17:13:53 836 ERROR] [main] contract.log.SystemPrintStream - 	at org.spat.scf.serializer.component.TypeMap.LoadCustmeType(TypeMap.java:101)
[06-22 17:13:53 836 ERROR] [main] contract.log.SystemPrintStream - 	at org.spat.scf.serializer.component.TypeMap.InitTypeMap(TypeMap.java:86)
[06-22 17:13:53 837 ERROR] [main] contract.log.SystemPrintStream - 	at org.spat.scf.serializer.serializer.Serializer.Init(Serializer.java:28)
[06-22 17:13:53 837 ERROR] [main] contract.log.SystemPrintStream - 	at org.spat.scf.serializer.serializer.Serializer.<clinit>(Serializer.java:24)
[06-22 17:13:53 837 ERROR] [main] contract.log.SystemPrintStream - 	at org.spat.scf.protocol.serializer.SCFSerialize.<clinit>(SCFSerialize.java:14)
[06-22 17:13:53 838 ERROR] [main] contract.log.SystemPrintStream - 	at org.spat.scf.protocol.serializer.SerializeBaseFactory.<clinit>(SerializeBaseFactory.java:7)
[06-22 17:13:53 838 ERROR] [main] contract.log.SystemPrintStream - 	at org.spat.scf.server.contract.context.SerializerClassInit.init(SerializerClassInit.java:14)
[06-22 17:13:53 838 ERROR] [main] contract.log.SystemPrintStream - 	at org.spat.scf.server.bootstrap.Main.loadInitBeans(Main.java:269)
[06-22 17:13:53 839 ERROR] [main] contract.log.SystemPrintStream - 	at org.spat.scf.server.bootstrap.Main.main(Main.java:155)
[06-22 17:13:53 839 ERROR] [main] contract.log.SystemPrintStream - 	at org.spat.scf.maven.RunMojo.execute(RunMojo.java:77)
[06-22 17:13:53 839 ERROR] [main] contract.log.SystemPrintStream - 	at org.spat.scf.maven.RunMojo.main(RunMojo.java:33)
[06-22 17:16:04 144 ERROR] [main] contract.log.SystemPrintStream - 开始扫描全部引用jar包，如果扫描过程过长请在启动vm参数中设置scf.serializer.basepakage或者设置scf.serializer.scantype=asyn使用异步模式扫描。
[06-22 17:17:30 839 ERROR] [main] contract.log.SystemPrintStream - 开始扫描全部引用jar包，如果扫描过程过长请在启动vm参数中设置scf.serializer.basepakage或者设置scf.serializer.scantype=asyn使用异步模式扫描。
[06-22 17:18:44 836 ERROR] [main] contract.log.SystemPrintStream - 开始扫描全部引用jar包，如果扫描过程过长请在启动vm参数中设置scf.serializer.basepakage或者设置scf.serializer.scantype=asyn使用异步模式扫描。
[06-22 17:18:47 063 ERROR] [main] contract.log.SystemPrintStream - java.lang.ClassNotFoundException: .org.spat.scf.protocol.sdp.ExceptionProtocol
[06-22 17:18:47 064 ERROR] [main] contract.log.SystemPrintStream - 	at java.net.URLClassLoader$1.run(URLClassLoader.java:366)
[06-22 17:18:47 065 ERROR] [main] contract.log.SystemPrintStream - 	at java.net.URLClassLoader$1.run(URLClassLoader.java:355)
[06-22 17:18:47 065 ERROR] [main] contract.log.SystemPrintStream - 	at java.security.AccessController.doPrivileged(Native Method)
[06-22 17:18:47 065 ERROR] [main] contract.log.SystemPrintStream - 	at java.net.URLClassLoader.findClass(URLClassLoader.java:354)
[06-22 17:18:47 066 ERROR] [main] contract.log.SystemPrintStream - 	at java.lang.ClassLoader.loadClass(ClassLoader.java:425)
[06-22 17:18:47 067 ERROR] [main] contract.log.SystemPrintStream - 	at sun.misc.Launcher$AppClassLoader.loadClass(Launcher.java:308)
[06-22 17:18:47 068 ERROR] [main] contract.log.SystemPrintStream - 	at java.lang.ClassLoader.loadClass(ClassLoader.java:358)
[06-22 17:18:47 068 ERROR] [main] contract.log.SystemPrintStream - 	at org.spat.scf.serializer.component.ClassScaner.getClassFromFile(ClassScaner.java:171)
[06-22 17:18:47 069 ERROR] [main] contract.log.SystemPrintStream - 	at org.spat.scf.serializer.component.ClassScaner.getClassFromURL(ClassScaner.java:140)
[06-22 17:18:47 069 ERROR] [main] contract.log.SystemPrintStream - 	at org.spat.scf.serializer.component.ClassScaner.scanByURLClassLoader(ClassScaner.java:118)
[06-22 17:18:47 069 ERROR] [main] contract.log.SystemPrintStream - 	at org.spat.scf.serializer.component.ClassScaner.scan(ClassScaner.java:45)
[06-22 17:18:47 070 ERROR] [main] contract.log.SystemPrintStream - 	at org.spat.scf.serializer.component.TypeMap.LoadCustmeType(TypeMap.java:101)
[06-22 17:18:47 070 ERROR] [main] contract.log.SystemPrintStream - 	at org.spat.scf.serializer.component.TypeMap.InitTypeMap(TypeMap.java:86)
[06-22 17:18:47 070 ERROR] [main] contract.log.SystemPrintStream - 	at org.spat.scf.serializer.serializer.Serializer.Init(Serializer.java:28)
[06-22 17:18:47 071 ERROR] [main] contract.log.SystemPrintStream - 	at org.spat.scf.serializer.serializer.Serializer.<clinit>(Serializer.java:24)
[06-22 17:18:47 071 ERROR] [main] contract.log.SystemPrintStream - 	at org.spat.scf.protocol.serializer.SCFSerialize.<clinit>(SCFSerialize.java:14)
[06-22 17:18:47 072 ERROR] [main] contract.log.SystemPrintStream - 	at org.spat.scf.protocol.serializer.SerializeBaseFactory.<clinit>(SerializeBaseFactory.java:7)
[06-22 17:18:47 072 ERROR] [main] contract.log.SystemPrintStream - 	at org.spat.scf.server.contract.context.SerializerClassInit.init(SerializerClassInit.java:14)
[06-22 17:18:47 073 ERROR] [main] contract.log.SystemPrintStream - 	at org.spat.scf.server.bootstrap.Main.loadInitBeans(Main.java:269)
[06-22 17:18:47 073 ERROR] [main] contract.log.SystemPrintStream - 	at org.spat.scf.server.bootstrap.Main.main(Main.java:155)
[06-22 17:18:47 073 ERROR] [main] contract.log.SystemPrintStream - 	at org.spat.scf.maven.RunMojo.execute(RunMojo.java:77)
[06-22 17:18:47 074 ERROR] [main] contract.log.SystemPrintStream - 	at org.spat.scf.maven.RunMojo.main(RunMojo.java:33)
[06-22 17:19:27 891 ERROR] [main] contract.log.SystemPrintStream - 开始扫描全部引用jar包，如果扫描过程过长请在启动vm参数中设置scf.serializer.basepakage或者设置scf.serializer.scantype=asyn使用异步模式扫描。
[06-22 17:20:58 796 ERROR] [main] contract.log.SystemPrintStream - 开始扫描全部引用jar包，如果扫描过程过长请在启动vm参数中设置scf.serializer.basepakage或者设置scf.serializer.scantype=asyn使用异步模式扫描。
[06-22 17:21:56 695 ERROR] [main] contract.log.SystemPrintStream - 开始扫描全部引用jar包，如果扫描过程过长请在启动vm参数中设置scf.serializer.basepakage或者设置scf.serializer.scantype=asyn使用异步模式扫描。
[06-22 17:23:46 967 ERROR] [main] contract.log.SystemPrintStream - 开始扫描全部引用jar包，如果扫描过程过长请在启动vm参数中设置scf.serializer.basepakage或者设置scf.serializer.scantype=asyn使用异步模式扫描。
[06-22 17:30:35 704 ERROR] [main] contract.log.SystemPrintStream - 开始扫描全部引用jar包，如果扫描过程过长请在启动vm参数中设置scf.serializer.basepakage或者设置scf.serializer.scantype=asyn使用异步模式扫描。
[06-22 21:31:16 037 ERROR] [main] contract.log.SystemPrintStream - 开始扫描全部引用jar包，如果扫描过程过长请在启动vm参数中设置scf.serializer.basepakage或者设置scf.serializer.scantype=asyn使用异步模式扫描。
[06-22 21:31:18 990 ERROR] [main] contract.log.SystemPrintStream - java.lang.ClassNotFoundException: .org.spat.scf.protocol.sdp.ExceptionProtocol
[06-22 21:31:18 991 ERROR] [main] contract.log.SystemPrintStream - 	at java.net.URLClassLoader$1.run(URLClassLoader.java:366)
[06-22 21:31:18 991 ERROR] [main] contract.log.SystemPrintStream - 	at java.net.URLClassLoader$1.run(URLClassLoader.java:355)
[06-22 21:31:18 992 ERROR] [main] contract.log.SystemPrintStream - 	at java.security.AccessController.doPrivileged(Native Method)
[06-22 21:31:18 992 ERROR] [main] contract.log.SystemPrintStream - 	at java.net.URLClassLoader.findClass(URLClassLoader.java:354)
[06-22 21:31:18 992 ERROR] [main] contract.log.SystemPrintStream - 	at java.lang.ClassLoader.loadClass(ClassLoader.java:425)
[06-22 21:31:18 993 ERROR] [main] contract.log.SystemPrintStream - 	at sun.misc.Launcher$AppClassLoader.loadClass(Launcher.java:308)
[06-22 21:31:18 993 ERROR] [main] contract.log.SystemPrintStream - 	at java.lang.ClassLoader.loadClass(ClassLoader.java:358)
[06-22 21:31:18 993 ERROR] [main] contract.log.SystemPrintStream - 	at org.spat.scf.serializer.component.ClassScaner.getClassFromFile(ClassScaner.java:171)
[06-22 21:31:18 993 ERROR] [main] contract.log.SystemPrintStream - 	at org.spat.scf.serializer.component.ClassScaner.getClassFromURL(ClassScaner.java:140)
[06-22 21:31:18 994 ERROR] [main] contract.log.SystemPrintStream - 	at org.spat.scf.serializer.component.ClassScaner.scanByURLClassLoader(ClassScaner.java:118)
[06-22 21:31:18 994 ERROR] [main] contract.log.SystemPrintStream - 	at org.spat.scf.serializer.component.ClassScaner.scan(ClassScaner.java:45)
[06-22 21:31:18 994 ERROR] [main] contract.log.SystemPrintStream - 	at org.spat.scf.serializer.component.TypeMap.LoadCustmeType(TypeMap.java:101)
[06-22 21:31:18 994 ERROR] [main] contract.log.SystemPrintStream - 	at org.spat.scf.serializer.component.TypeMap.InitTypeMap(TypeMap.java:86)
[06-22 21:31:18 995 ERROR] [main] contract.log.SystemPrintStream - 	at org.spat.scf.serializer.serializer.Serializer.Init(Serializer.java:28)
[06-22 21:31:18 995 ERROR] [main] contract.log.SystemPrintStream - 	at org.spat.scf.serializer.serializer.Serializer.<clinit>(Serializer.java:24)
[06-22 21:31:18 995 ERROR] [main] contract.log.SystemPrintStream - 	at org.spat.scf.protocol.serializer.SCFSerialize.<clinit>(SCFSerialize.java:14)
[06-22 21:31:18 995 ERROR] [main] contract.log.SystemPrintStream - 	at org.spat.scf.protocol.serializer.SerializeBaseFactory.<clinit>(SerializeBaseFactory.java:7)
[06-22 21:31:18 996 ERROR] [main] contract.log.SystemPrintStream - 	at org.spat.scf.server.contract.context.SerializerClassInit.init(SerializerClassInit.java:14)
[06-22 21:31:18 996 ERROR] [main] contract.log.SystemPrintStream - 	at org.spat.scf.server.bootstrap.Main.loadInitBeans(Main.java:269)
[06-22 21:31:18 996 ERROR] [main] contract.log.SystemPrintStream - 	at org.spat.scf.server.bootstrap.Main.main(Main.java:155)
[06-22 21:31:18 997 ERROR] [main] contract.log.SystemPrintStream - 	at org.spat.scf.maven.RunMojo.execute(RunMojo.java:77)
[06-22 21:31:18 997 ERROR] [main] contract.log.SystemPrintStream - 	at org.spat.scf.maven.RunMojo.main(RunMojo.java:33)
[06-22 23:17:04 359 ERROR] [main] contract.log.SystemPrintStream - 开始扫描全部引用jar包，如果扫描过程过长请在启动vm参数中设置scf.serializer.basepakage或者设置scf.serializer.scantype=asyn使用异步模式扫描。
[06-22 23:17:05 544 ERROR] [main] contract.log.SystemPrintStream - java.lang.ClassNotFoundException: .org.spat.scf.protocol.sdp.ExceptionProtocol
[06-22 23:17:05 546 ERROR] [main] contract.log.SystemPrintStream - 	at java.net.URLClassLoader$1.run(URLClassLoader.java:366)
[06-22 23:17:05 546 ERROR] [main] contract.log.SystemPrintStream - 	at java.net.URLClassLoader$1.run(URLClassLoader.java:355)
[06-22 23:17:05 546 ERROR] [main] contract.log.SystemPrintStream - 	at java.security.AccessController.doPrivileged(Native Method)
[06-22 23:17:05 547 ERROR] [main] contract.log.SystemPrintStream - 	at java.net.URLClassLoader.findClass(URLClassLoader.java:354)
[06-22 23:17:05 547 ERROR] [main] contract.log.SystemPrintStream - 	at java.lang.ClassLoader.loadClass(ClassLoader.java:425)
[06-22 23:17:05 547 ERROR] [main] contract.log.SystemPrintStream - 	at java.lang.ClassLoader.loadClass(ClassLoader.java:358)
[06-22 23:17:05 548 ERROR] [main] contract.log.SystemPrintStream - 	at org.spat.scf.serializer.component.ClassScaner.getClassFromFile(ClassScaner.java:171)
[06-22 23:17:05 548 ERROR] [main] contract.log.SystemPrintStream - 	at org.spat.scf.serializer.component.ClassScaner.getClassFromURL(ClassScaner.java:140)
[06-22 23:17:05 548 ERROR] [main] contract.log.SystemPrintStream - 	at org.spat.scf.serializer.component.ClassScaner.scanByURLClassLoader(ClassScaner.java:118)
[06-22 23:17:05 549 ERROR] [main] contract.log.SystemPrintStream - 	at org.spat.scf.serializer.component.ClassScaner.scan(ClassScaner.java:45)
[06-22 23:17:05 549 ERROR] [main] contract.log.SystemPrintStream - 	at org.spat.scf.serializer.component.TypeMap.LoadCustmeType(TypeMap.java:101)
[06-22 23:17:05 549 ERROR] [main] contract.log.SystemPrintStream - 	at org.spat.scf.serializer.component.TypeMap.InitTypeMap(TypeMap.java:86)
[06-22 23:17:05 550 ERROR] [main] contract.log.SystemPrintStream - 	at org.spat.scf.serializer.serializer.Serializer.Init(Serializer.java:28)
[06-22 23:17:05 550 ERROR] [main] contract.log.SystemPrintStream - 	at org.spat.scf.serializer.serializer.Serializer.<clinit>(Serializer.java:24)
[06-22 23:17:05 550 ERROR] [main] contract.log.SystemPrintStream - 	at org.spat.scf.protocol.serializer.SCFSerialize.<clinit>(SCFSerialize.java:14)
[06-22 23:17:05 551 ERROR] [main] contract.log.SystemPrintStream - 	at org.spat.scf.protocol.serializer.SerializeBaseFactory.<clinit>(SerializeBaseFactory.java:7)
[06-22 23:17:05 551 ERROR] [main] contract.log.SystemPrintStream - 	at org.spat.scf.server.contract.context.SerializerClassInit.init(SerializerClassInit.java:14)
[06-22 23:17:05 551 ERROR] [main] contract.log.SystemPrintStream - 	at org.spat.scf.server.bootstrap.Main.loadInitBeans(Main.java:270)
[06-22 23:17:05 552 ERROR] [main] contract.log.SystemPrintStream - 	at org.spat.scf.server.bootstrap.Main.main(Main.java:156)
[06-22 23:17:05 552 ERROR] [main] contract.log.SystemPrintStream - 	at org.spat.scf.maven.RunMojo.execute(RunMojo.java:77)
[06-22 23:17:05 552 ERROR] [main] contract.log.SystemPrintStream - 	at org.spat.scf.maven.RunMojo.main(RunMojo.java:33)
[06-22 23:18:45 927 ERROR] [main] contract.log.SystemPrintStream - 开始扫描全部引用jar包，如果扫描过程过长请在启动vm参数中设置scf.serializer.basepakage或者设置scf.serializer.scantype=asyn使用异步模式扫描。
[06-22 23:18:46 657 ERROR] [main] contract.log.SystemPrintStream - java.lang.ClassNotFoundException: .org.spat.scf.protocol.sdp.ExceptionProtocol
[06-22 23:18:46 658 ERROR] [main] contract.log.SystemPrintStream - 	at java.net.URLClassLoader$1.run(URLClassLoader.java:366)
[06-22 23:18:46 658 ERROR] [main] contract.log.SystemPrintStream - 	at java.net.URLClassLoader$1.run(URLClassLoader.java:355)
[06-22 23:18:46 658 ERROR] [main] contract.log.SystemPrintStream - 	at java.security.AccessController.doPrivileged(Native Method)
[06-22 23:18:46 659 ERROR] [main] contract.log.SystemPrintStream - 	at java.net.URLClassLoader.findClass(URLClassLoader.java:354)
[06-22 23:18:46 659 ERROR] [main] contract.log.SystemPrintStream - 	at java.lang.ClassLoader.loadClass(ClassLoader.java:425)
[06-22 23:18:46 659 ERROR] [main] contract.log.SystemPrintStream - 	at java.lang.ClassLoader.loadClass(ClassLoader.java:358)
[06-22 23:18:46 659 ERROR] [main] contract.log.SystemPrintStream - 	at org.spat.scf.serializer.component.ClassScaner.getClassFromFile(ClassScaner.java:171)
[06-22 23:18:46 660 ERROR] [main] contract.log.SystemPrintStream - 	at org.spat.scf.serializer.component.ClassScaner.getClassFromURL(ClassScaner.java:140)
[06-22 23:18:46 660 ERROR] [main] contract.log.SystemPrintStream - 	at org.spat.scf.serializer.component.ClassScaner.scanByURLClassLoader(ClassScaner.java:118)
[06-22 23:18:46 660 ERROR] [main] contract.log.SystemPrintStream - 	at org.spat.scf.serializer.component.ClassScaner.scan(ClassScaner.java:45)
[06-22 23:18:46 660 ERROR] [main] contract.log.SystemPrintStream - 	at org.spat.scf.serializer.component.TypeMap.LoadCustmeType(TypeMap.java:101)
[06-22 23:18:46 661 ERROR] [main] contract.log.SystemPrintStream - 	at org.spat.scf.serializer.component.TypeMap.InitTypeMap(TypeMap.java:86)
[06-22 23:18:46 661 ERROR] [main] contract.log.SystemPrintStream - 	at org.spat.scf.serializer.serializer.Serializer.Init(Serializer.java:28)
[06-22 23:18:46 661 ERROR] [main] contract.log.SystemPrintStream - 	at org.spat.scf.serializer.serializer.Serializer.<clinit>(Serializer.java:24)
[06-22 23:18:46 661 ERROR] [main] contract.log.SystemPrintStream - 	at org.spat.scf.protocol.serializer.SCFSerialize.<clinit>(SCFSerialize.java:14)
[06-22 23:18:46 662 ERROR] [main] contract.log.SystemPrintStream - 	at org.spat.scf.protocol.serializer.SerializeBaseFactory.<clinit>(SerializeBaseFactory.java:7)
[06-22 23:18:46 662 ERROR] [main] contract.log.SystemPrintStream - 	at org.spat.scf.server.contract.context.SerializerClassInit.init(SerializerClassInit.java:14)
[06-22 23:18:46 662 ERROR] [main] contract.log.SystemPrintStream - 	at org.spat.scf.server.bootstrap.Main.loadInitBeans(Main.java:270)
[06-22 23:18:46 663 ERROR] [main] contract.log.SystemPrintStream - 	at org.spat.scf.server.bootstrap.Main.main(Main.java:156)
[06-22 23:18:46 663 ERROR] [main] contract.log.SystemPrintStream - 	at org.spat.scf.maven.RunMojo.execute(RunMojo.java:77)
[06-22 23:18:46 663 ERROR] [main] contract.log.SystemPrintStream - 	at org.spat.scf.maven.RunMojo.main(RunMojo.java:33)
[06-22 23:19:36 476 ERROR] [main] contract.log.SystemPrintStream - 开始扫描全部引用jar包，如果扫描过程过长请在启动vm参数中设置scf.serializer.basepakage或者设置scf.serializer.scantype=asyn使用异步模式扫描。
[06-22 23:19:37 373 ERROR] [main] contract.log.SystemPrintStream - java.lang.ClassNotFoundException: .org.spat.scf.protocol.sdp.ExceptionProtocol
[06-22 23:19:37 374 ERROR] [main] contract.log.SystemPrintStream - 	at java.net.URLClassLoader$1.run(URLClassLoader.java:366)
[06-22 23:19:37 374 ERROR] [main] contract.log.SystemPrintStream - 	at java.net.URLClassLoader$1.run(URLClassLoader.java:355)
[06-22 23:19:37 375 ERROR] [main] contract.log.SystemPrintStream - 	at java.security.AccessController.doPrivileged(Native Method)
[06-22 23:19:37 375 ERROR] [main] contract.log.SystemPrintStream - 	at java.net.URLClassLoader.findClass(URLClassLoader.java:354)
[06-22 23:19:37 375 ERROR] [main] contract.log.SystemPrintStream - 	at java.lang.ClassLoader.loadClass(ClassLoader.java:425)
[06-22 23:19:37 375 ERROR] [main] contract.log.SystemPrintStream - 	at java.lang.ClassLoader.loadClass(ClassLoader.java:358)
[06-22 23:19:37 376 ERROR] [main] contract.log.SystemPrintStream - 	at org.spat.scf.serializer.component.ClassScaner.getClassFromFile(ClassScaner.java:171)
[06-22 23:19:37 376 ERROR] [main] contract.log.SystemPrintStream - 	at org.spat.scf.serializer.component.ClassScaner.getClassFromURL(ClassScaner.java:140)
[06-22 23:19:37 376 ERROR] [main] contract.log.SystemPrintStream - 	at org.spat.scf.serializer.component.ClassScaner.scanByURLClassLoader(ClassScaner.java:118)
[06-22 23:19:37 376 ERROR] [main] contract.log.SystemPrintStream - 	at org.spat.scf.serializer.component.ClassScaner.scan(ClassScaner.java:45)
[06-22 23:19:37 377 ERROR] [main] contract.log.SystemPrintStream - 	at org.spat.scf.serializer.component.TypeMap.LoadCustmeType(TypeMap.java:101)
[06-22 23:19:37 377 ERROR] [main] contract.log.SystemPrintStream - 	at org.spat.scf.serializer.component.TypeMap.InitTypeMap(TypeMap.java:86)
[06-22 23:19:37 377 ERROR] [main] contract.log.SystemPrintStream - 	at org.spat.scf.serializer.serializer.Serializer.Init(Serializer.java:28)
[06-22 23:19:37 378 ERROR] [main] contract.log.SystemPrintStream - 	at org.spat.scf.serializer.serializer.Serializer.<clinit>(Serializer.java:24)
[06-22 23:19:37 378 ERROR] [main] contract.log.SystemPrintStream - 	at org.spat.scf.protocol.serializer.SCFSerialize.<clinit>(SCFSerialize.java:14)
[06-22 23:19:37 378 ERROR] [main] contract.log.SystemPrintStream - 	at org.spat.scf.protocol.serializer.SerializeBaseFactory.<clinit>(SerializeBaseFactory.java:7)
[06-22 23:19:37 378 ERROR] [main] contract.log.SystemPrintStream - 	at org.spat.scf.server.contract.context.SerializerClassInit.init(SerializerClassInit.java:14)
[06-22 23:19:37 379 ERROR] [main] contract.log.SystemPrintStream - 	at org.spat.scf.server.bootstrap.Main.loadInitBeans(Main.java:270)
[06-22 23:19:37 379 ERROR] [main] contract.log.SystemPrintStream - 	at org.spat.scf.server.bootstrap.Main.main(Main.java:156)
[06-22 23:19:37 379 ERROR] [main] contract.log.SystemPrintStream - 	at org.spat.scf.maven.RunMojo.execute(RunMojo.java:77)
[06-22 23:19:37 380 ERROR] [main] contract.log.SystemPrintStream - 	at org.spat.scf.maven.RunMojo.main(RunMojo.java:33)
[06-22 23:20:59 410 ERROR] [main] contract.log.SystemPrintStream - 开始扫描全部引用jar包，如果扫描过程过长请在启动vm参数中设置scf.serializer.basepakage或者设置scf.serializer.scantype=asyn使用异步模式扫描。
[06-22 23:21:01 438 ERROR] [main] contract.log.SystemPrintStream - java.lang.ClassNotFoundException: .org.spat.scf.protocol.sdp.ExceptionProtocol
[06-22 23:21:01 439 ERROR] [main] contract.log.SystemPrintStream - 	at java.net.URLClassLoader$1.run(URLClassLoader.java:366)
[06-22 23:21:01 439 ERROR] [main] contract.log.SystemPrintStream - 	at java.net.URLClassLoader$1.run(URLClassLoader.java:355)
[06-22 23:21:01 439 ERROR] [main] contract.log.SystemPrintStream - 	at java.security.AccessController.doPrivileged(Native Method)
[06-22 23:21:01 440 ERROR] [main] contract.log.SystemPrintStream - 	at java.net.URLClassLoader.findClass(URLClassLoader.java:354)
[06-22 23:21:01 440 ERROR] [main] contract.log.SystemPrintStream - 	at java.lang.ClassLoader.loadClass(ClassLoader.java:425)
[06-22 23:21:01 441 ERROR] [main] contract.log.SystemPrintStream - 	at sun.misc.Launcher$AppClassLoader.loadClass(Launcher.java:308)
[06-22 23:21:01 441 ERROR] [main] contract.log.SystemPrintStream - 	at java.lang.ClassLoader.loadClass(ClassLoader.java:358)
[06-22 23:21:01 441 ERROR] [main] contract.log.SystemPrintStream - 	at org.spat.scf.serializer.component.ClassScaner.getClassFromFile(ClassScaner.java:171)
[06-22 23:21:01 442 ERROR] [main] contract.log.SystemPrintStream - 	at org.spat.scf.serializer.component.ClassScaner.getClassFromURL(ClassScaner.java:140)
[06-22 23:21:01 442 ERROR] [main] contract.log.SystemPrintStream - 	at org.spat.scf.serializer.component.ClassScaner.scanByURLClassLoader(ClassScaner.java:118)
[06-22 23:21:01 442 ERROR] [main] contract.log.SystemPrintStream - 	at org.spat.scf.serializer.component.ClassScaner.scan(ClassScaner.java:45)
[06-22 23:21:01 443 ERROR] [main] contract.log.SystemPrintStream - 	at org.spat.scf.serializer.component.TypeMap.LoadCustmeType(TypeMap.java:101)
[06-22 23:21:01 443 ERROR] [main] contract.log.SystemPrintStream - 	at org.spat.scf.serializer.component.TypeMap.InitTypeMap(TypeMap.java:86)
[06-22 23:21:01 443 ERROR] [main] contract.log.SystemPrintStream - 	at org.spat.scf.serializer.serializer.Serializer.Init(Serializer.java:28)
[06-22 23:21:01 444 ERROR] [main] contract.log.SystemPrintStream - 	at org.spat.scf.serializer.serializer.Serializer.<clinit>(Serializer.java:24)
[06-22 23:21:01 444 ERROR] [main] contract.log.SystemPrintStream - 	at org.spat.scf.protocol.serializer.SCFSerialize.<clinit>(SCFSerialize.java:14)
[06-22 23:21:01 444 ERROR] [main] contract.log.SystemPrintStream - 	at org.spat.scf.protocol.serializer.SerializeBaseFactory.<clinit>(SerializeBaseFactory.java:7)
[06-22 23:21:01 444 ERROR] [main] contract.log.SystemPrintStream - 	at org.spat.scf.server.contract.context.SerializerClassInit.init(SerializerClassInit.java:14)
[06-22 23:21:01 445 ERROR] [main] contract.log.SystemPrintStream - 	at org.spat.scf.server.bootstrap.Main.loadInitBeans(Main.java:270)
[06-22 23:21:01 445 ERROR] [main] contract.log.SystemPrintStream - 	at org.spat.scf.server.bootstrap.Main.main(Main.java:156)
[06-22 23:21:01 445 ERROR] [main] contract.log.SystemPrintStream - 	at org.spat.scf.maven.RunMojo.execute(RunMojo.java:77)
[06-22 23:21:01 446 ERROR] [main] contract.log.SystemPrintStream - 	at org.spat.scf.maven.RunMojo.main(RunMojo.java:33)
[06-22 23:21:55 344 ERROR] [main] contract.log.SystemPrintStream - 开始扫描全部引用jar包，如果扫描过程过长请在启动vm参数中设置scf.serializer.basepakage或者设置scf.serializer.scantype=asyn使用异步模式扫描。
