[06-25 00:19:09 716 ERROR] [main] contract.log.SystemPrintStream - 开始扫描全部引用jar包，如果扫描过程过长请在启动vm参数中设置scf.serializer.basepakage或者设置scf.serializer.scantype=asyn使用异步模式扫描。
[06-25 00:19:13 259 ERROR] [main] contract.log.SystemPrintStream - SLF4J: Class path contains multiple SLF4J bindings.
[06-25 00:19:13 259 ERROR] [main] contract.log.SystemPrintStream - SLF4J: Found binding in [jar:file:/d:/scfV3/lib/log4j-slf4j-impl-2.2.jar!/org/slf4j/impl/StaticLoggerBinder.class]
[06-25 00:19:13 260 ERROR] [main] contract.log.SystemPrintStream - SLF4J: Found binding in [jar:file:D:\scfV3\lib\log4j-slf4j-impl-2.2.jar!/org/slf4j/impl/StaticLoggerBinder.class]
[06-25 00:19:13 260 ERROR] [main] contract.log.SystemPrintStream - SLF4J: See http://www.slf4j.org/codes.html#multiple_bindings for an explanation.
[06-25 00:19:13 263 ERROR] [main] contract.log.SystemPrintStream - SLF4J: Actual binding is of type [org.apache.logging.slf4j.Log4jLoggerFactory]
[06-25 00:28:43 896 ERROR] [main] contract.log.SystemPrintStream - 开始扫描全部引用jar包，如果扫描过程过长请在启动vm参数中设置scf.serializer.basepakage或者设置scf.serializer.scantype=asyn使用异步模式扫描。
[06-25 00:28:47 862 ERROR] [main] contract.log.SystemPrintStream - SLF4J: Class path contains multiple SLF4J bindings.
[06-25 00:28:47 863 ERROR] [main] contract.log.SystemPrintStream - SLF4J: Found binding in [jar:file:/d:/scfV3/lib/log4j-slf4j-impl-2.2.jar!/org/slf4j/impl/StaticLoggerBinder.class]
[06-25 00:28:47 863 ERROR] [main] contract.log.SystemPrintStream - SLF4J: Found binding in [jar:file:D:\scfV3\lib\log4j-slf4j-impl-2.2.jar!/org/slf4j/impl/StaticLoggerBinder.class]
[06-25 00:28:47 863 ERROR] [main] contract.log.SystemPrintStream - SLF4J: See http://www.slf4j.org/codes.html#multiple_bindings for an explanation.
[06-25 00:28:47 866 ERROR] [main] contract.log.SystemPrintStream - SLF4J: Actual binding is of type [org.apache.logging.slf4j.Log4jLoggerFactory]
[06-25 00:30:42 123 ERROR] [New I/O server worker #1-2] communication.tcp.SocketHandler - unexpected exception from downstream remoteAddress(/127.0.0.1:61000)
java.io.IOException: 远程主机强迫关闭了一个现有的连接。
	at sun.nio.ch.SocketDispatcher.read0(Native Method)
	at sun.nio.ch.SocketDispatcher.read(SocketDispatcher.java:43)
	at sun.nio.ch.IOUtil.readIntoNativeBuffer(IOUtil.java:223)
	at sun.nio.ch.IOUtil.read(IOUtil.java:197)
	at sun.nio.ch.SocketChannelImpl.read(SocketChannelImpl.java:379)
	at org.jboss.netty.buffer.HeapChannelBuffer.setBytes(HeapChannelBuffer.java:156)
	at org.jboss.netty.buffer.AbstractChannelBuffer.writeBytes(AbstractChannelBuffer.java:425)
	at org.jboss.netty.channel.socket.nio.NioWorker.read(NioWorker.java:305)
	at org.jboss.netty.channel.socket.nio.NioWorker.processSelectedKeys(NioWorker.java:275)
	at org.jboss.netty.channel.socket.nio.NioWorker.run(NioWorker.java:196)
	at org.jboss.netty.util.internal.IoWorkerRunnable.run(IoWorkerRunnable.java:46)
	at java.util.concurrent.ThreadPoolExecutor.runWorker(ThreadPoolExecutor.java:1145)
	at java.util.concurrent.ThreadPoolExecutor$Worker.run(ThreadPoolExecutor.java:615)
	at java.lang.Thread.run(Thread.java:745)
[06-25 00:30:42 123 ERROR] [New I/O server worker #1-3] communication.tcp.SocketHandler - unexpected exception from downstream remoteAddress(/127.0.0.1:61003)
java.io.IOException: 远程主机强迫关闭了一个现有的连接。
	at sun.nio.ch.SocketDispatcher.read0(Native Method)
	at sun.nio.ch.SocketDispatcher.read(SocketDispatcher.java:43)
	at sun.nio.ch.IOUtil.readIntoNativeBuffer(IOUtil.java:223)
	at sun.nio.ch.IOUtil.read(IOUtil.java:197)
	at sun.nio.ch.SocketChannelImpl.read(SocketChannelImpl.java:379)
	at org.jboss.netty.buffer.HeapChannelBuffer.setBytes(HeapChannelBuffer.java:156)
	at org.jboss.netty.buffer.AbstractChannelBuffer.writeBytes(AbstractChannelBuffer.java:425)
	at org.jboss.netty.channel.socket.nio.NioWorker.read(NioWorker.java:305)
	at org.jboss.netty.channel.socket.nio.NioWorker.processSelectedKeys(NioWorker.java:275)
	at org.jboss.netty.channel.socket.nio.NioWorker.run(NioWorker.java:196)
	at org.jboss.netty.util.internal.IoWorkerRunnable.run(IoWorkerRunnable.java:46)
	at java.util.concurrent.ThreadPoolExecutor.runWorker(ThreadPoolExecutor.java:1145)
	at java.util.concurrent.ThreadPoolExecutor$Worker.run(ThreadPoolExecutor.java:615)
	at java.lang.Thread.run(Thread.java:745)
[06-25 00:30:42 123 ERROR] [New I/O server worker #1-1] communication.tcp.SocketHandler - unexpected exception from downstream remoteAddress(/127.0.0.1:60995)
java.io.IOException: 远程主机强迫关闭了一个现有的连接。
	at sun.nio.ch.SocketDispatcher.read0(Native Method)
	at sun.nio.ch.SocketDispatcher.read(SocketDispatcher.java:43)
	at sun.nio.ch.IOUtil.readIntoNativeBuffer(IOUtil.java:223)
	at sun.nio.ch.IOUtil.read(IOUtil.java:197)
	at sun.nio.ch.SocketChannelImpl.read(SocketChannelImpl.java:379)
	at org.jboss.netty.buffer.HeapChannelBuffer.setBytes(HeapChannelBuffer.java:156)
	at org.jboss.netty.buffer.AbstractChannelBuffer.writeBytes(AbstractChannelBuffer.java:425)
	at org.jboss.netty.channel.socket.nio.NioWorker.read(NioWorker.java:305)
	at org.jboss.netty.channel.socket.nio.NioWorker.processSelectedKeys(NioWorker.java:275)
	at org.jboss.netty.channel.socket.nio.NioWorker.run(NioWorker.java:196)
	at org.jboss.netty.util.internal.IoWorkerRunnable.run(IoWorkerRunnable.java:46)
	at java.util.concurrent.ThreadPoolExecutor.runWorker(ThreadPoolExecutor.java:1145)
	at java.util.concurrent.ThreadPoolExecutor$Worker.run(ThreadPoolExecutor.java:615)
	at java.lang.Thread.run(Thread.java:745)
[06-25 00:30:42 123 ERROR] [New I/O server worker #1-4] communication.tcp.SocketHandler - unexpected exception from downstream remoteAddress(/127.0.0.1:61004)
java.io.IOException: 远程主机强迫关闭了一个现有的连接。
	at sun.nio.ch.SocketDispatcher.read0(Native Method)
	at sun.nio.ch.SocketDispatcher.read(SocketDispatcher.java:43)
	at sun.nio.ch.IOUtil.readIntoNativeBuffer(IOUtil.java:223)
	at sun.nio.ch.IOUtil.read(IOUtil.java:197)
	at sun.nio.ch.SocketChannelImpl.read(SocketChannelImpl.java:379)
	at org.jboss.netty.buffer.HeapChannelBuffer.setBytes(HeapChannelBuffer.java:156)
	at org.jboss.netty.buffer.AbstractChannelBuffer.writeBytes(AbstractChannelBuffer.java:425)
	at org.jboss.netty.channel.socket.nio.NioWorker.read(NioWorker.java:305)
	at org.jboss.netty.channel.socket.nio.NioWorker.processSelectedKeys(NioWorker.java:275)
	at org.jboss.netty.channel.socket.nio.NioWorker.run(NioWorker.java:196)
	at org.jboss.netty.util.internal.IoWorkerRunnable.run(IoWorkerRunnable.java:46)
	at java.util.concurrent.ThreadPoolExecutor.runWorker(ThreadPoolExecutor.java:1145)
	at java.util.concurrent.ThreadPoolExecutor$Worker.run(ThreadPoolExecutor.java:615)
	at java.lang.Thread.run(Thread.java:745)
[06-25 00:30:42 129 ERROR] [New I/O server worker #1-5] communication.tcp.SocketHandler - unexpected exception from downstream remoteAddress(/127.0.0.1:61009)
java.io.IOException: 远程主机强迫关闭了一个现有的连接。
	at sun.nio.ch.SocketDispatcher.read0(Native Method)
	at sun.nio.ch.SocketDispatcher.read(SocketDispatcher.java:43)
	at sun.nio.ch.IOUtil.readIntoNativeBuffer(IOUtil.java:223)
	at sun.nio.ch.IOUtil.read(IOUtil.java:197)
	at sun.nio.ch.SocketChannelImpl.read(SocketChannelImpl.java:379)
	at org.jboss.netty.buffer.HeapChannelBuffer.setBytes(HeapChannelBuffer.java:156)
	at org.jboss.netty.buffer.AbstractChannelBuffer.writeBytes(AbstractChannelBuffer.java:425)
	at org.jboss.netty.channel.socket.nio.NioWorker.read(NioWorker.java:305)
	at org.jboss.netty.channel.socket.nio.NioWorker.processSelectedKeys(NioWorker.java:275)
	at org.jboss.netty.channel.socket.nio.NioWorker.run(NioWorker.java:196)
	at org.jboss.netty.util.internal.IoWorkerRunnable.run(IoWorkerRunnable.java:46)
	at java.util.concurrent.ThreadPoolExecutor.runWorker(ThreadPoolExecutor.java:1145)
	at java.util.concurrent.ThreadPoolExecutor$Worker.run(ThreadPoolExecutor.java:615)
	at java.lang.Thread.run(Thread.java:745)
[06-25 00:31:26 673 ERROR] [main] contract.log.SystemPrintStream - 开始扫描全部引用jar包，如果扫描过程过长请在启动vm参数中设置scf.serializer.basepakage或者设置scf.serializer.scantype=asyn使用异步模式扫描。
[06-25 00:31:30 733 ERROR] [main] contract.log.SystemPrintStream - SLF4J: Class path contains multiple SLF4J bindings.
[06-25 00:31:30 734 ERROR] [main] contract.log.SystemPrintStream - SLF4J: Found binding in [jar:file:/d:/scfV3/lib/log4j-slf4j-impl-2.2.jar!/org/slf4j/impl/StaticLoggerBinder.class]
[06-25 00:31:30 734 ERROR] [main] contract.log.SystemPrintStream - SLF4J: Found binding in [jar:file:D:\scfV3\lib\log4j-slf4j-impl-2.2.jar!/org/slf4j/impl/StaticLoggerBinder.class]
[06-25 00:31:30 734 ERROR] [main] contract.log.SystemPrintStream - SLF4J: See http://www.slf4j.org/codes.html#multiple_bindings for an explanation.
[06-25 00:31:30 738 ERROR] [main] contract.log.SystemPrintStream - SLF4J: Actual binding is of type [org.apache.logging.slf4j.Log4jLoggerFactory]
[06-25 12:35:47 027 ERROR] [main] contract.log.SystemPrintStream - 开始扫描全部引用jar包，如果扫描过程过长请在启动vm参数中设置scf.serializer.basepakage或者设置scf.serializer.scantype=asyn使用异步模式扫描。
[06-25 12:35:50 776 ERROR] [main] contract.log.SystemPrintStream - SLF4J: Class path contains multiple SLF4J bindings.
[06-25 12:35:50 776 ERROR] [main] contract.log.SystemPrintStream - SLF4J: Found binding in [jar:file:/d:/scfV3/lib/log4j-slf4j-impl-2.2.jar!/org/slf4j/impl/StaticLoggerBinder.class]
[06-25 12:35:50 777 ERROR] [main] contract.log.SystemPrintStream - SLF4J: Found binding in [jar:file:D:\scfV3\lib\log4j-slf4j-impl-2.2.jar!/org/slf4j/impl/StaticLoggerBinder.class]
[06-25 12:35:50 777 ERROR] [main] contract.log.SystemPrintStream - SLF4J: See http://www.slf4j.org/codes.html#multiple_bindings for an explanation.
[06-25 12:35:50 780 ERROR] [main] contract.log.SystemPrintStream - SLF4J: Actual binding is of type [org.apache.logging.slf4j.Log4jLoggerFactory]
[06-25 12:36:19 778 ERROR] [New I/O server worker #1-1] communication.tcp.SocketHandler - unexpected exception from downstream remoteAddress(/127.0.0.1:52474)
java.io.IOException: 远程主机强迫关闭了一个现有的连接。
	at sun.nio.ch.SocketDispatcher.read0(Native Method)
	at sun.nio.ch.SocketDispatcher.read(SocketDispatcher.java:43)
	at sun.nio.ch.IOUtil.readIntoNativeBuffer(IOUtil.java:223)
	at sun.nio.ch.IOUtil.read(IOUtil.java:197)
	at sun.nio.ch.SocketChannelImpl.read(SocketChannelImpl.java:379)
	at org.jboss.netty.buffer.HeapChannelBuffer.setBytes(HeapChannelBuffer.java:156)
	at org.jboss.netty.buffer.AbstractChannelBuffer.writeBytes(AbstractChannelBuffer.java:425)
	at org.jboss.netty.channel.socket.nio.NioWorker.read(NioWorker.java:305)
	at org.jboss.netty.channel.socket.nio.NioWorker.processSelectedKeys(NioWorker.java:275)
	at org.jboss.netty.channel.socket.nio.NioWorker.run(NioWorker.java:196)
	at org.jboss.netty.util.internal.IoWorkerRunnable.run(IoWorkerRunnable.java:46)
	at java.util.concurrent.ThreadPoolExecutor.runWorker(ThreadPoolExecutor.java:1145)
	at java.util.concurrent.ThreadPoolExecutor$Worker.run(ThreadPoolExecutor.java:615)
	at java.lang.Thread.run(Thread.java:745)
[06-25 12:36:19 779 ERROR] [New I/O server worker #1-2] communication.tcp.SocketHandler - unexpected exception from downstream remoteAddress(/127.0.0.1:52479)
java.io.IOException: 远程主机强迫关闭了一个现有的连接。
	at sun.nio.ch.SocketDispatcher.read0(Native Method)
	at sun.nio.ch.SocketDispatcher.read(SocketDispatcher.java:43)
	at sun.nio.ch.IOUtil.readIntoNativeBuffer(IOUtil.java:223)
	at sun.nio.ch.IOUtil.read(IOUtil.java:197)
	at sun.nio.ch.SocketChannelImpl.read(SocketChannelImpl.java:379)
	at org.jboss.netty.buffer.HeapChannelBuffer.setBytes(HeapChannelBuffer.java:156)
	at org.jboss.netty.buffer.AbstractChannelBuffer.writeBytes(AbstractChannelBuffer.java:425)
	at org.jboss.netty.channel.socket.nio.NioWorker.read(NioWorker.java:305)
	at org.jboss.netty.channel.socket.nio.NioWorker.processSelectedKeys(NioWorker.java:275)
	at org.jboss.netty.channel.socket.nio.NioWorker.run(NioWorker.java:196)
	at org.jboss.netty.util.internal.IoWorkerRunnable.run(IoWorkerRunnable.java:46)
	at java.util.concurrent.ThreadPoolExecutor.runWorker(ThreadPoolExecutor.java:1145)
	at java.util.concurrent.ThreadPoolExecutor$Worker.run(ThreadPoolExecutor.java:615)
	at java.lang.Thread.run(Thread.java:745)
[06-25 12:36:19 779 ERROR] [New I/O server worker #1-5] communication.tcp.SocketHandler - unexpected exception from downstream remoteAddress(/127.0.0.1:52488)
java.io.IOException: 远程主机强迫关闭了一个现有的连接。
	at sun.nio.ch.SocketDispatcher.read0(Native Method)
	at sun.nio.ch.SocketDispatcher.read(SocketDispatcher.java:43)
	at sun.nio.ch.IOUtil.readIntoNativeBuffer(IOUtil.java:223)
	at sun.nio.ch.IOUtil.read(IOUtil.java:197)
	at sun.nio.ch.SocketChannelImpl.read(SocketChannelImpl.java:379)
	at org.jboss.netty.buffer.HeapChannelBuffer.setBytes(HeapChannelBuffer.java:156)
	at org.jboss.netty.buffer.AbstractChannelBuffer.writeBytes(AbstractChannelBuffer.java:425)
	at org.jboss.netty.channel.socket.nio.NioWorker.read(NioWorker.java:305)
	at org.jboss.netty.channel.socket.nio.NioWorker.processSelectedKeys(NioWorker.java:275)
	at org.jboss.netty.channel.socket.nio.NioWorker.run(NioWorker.java:196)
	at org.jboss.netty.util.internal.IoWorkerRunnable.run(IoWorkerRunnable.java:46)
	at java.util.concurrent.ThreadPoolExecutor.runWorker(ThreadPoolExecutor.java:1145)
	at java.util.concurrent.ThreadPoolExecutor$Worker.run(ThreadPoolExecutor.java:615)
	at java.lang.Thread.run(Thread.java:745)
[06-25 12:36:19 786 ERROR] [New I/O server worker #1-3] communication.tcp.SocketHandler - unexpected exception from downstream remoteAddress(/127.0.0.1:52482)
java.io.IOException: 远程主机强迫关闭了一个现有的连接。
	at sun.nio.ch.SocketDispatcher.read0(Native Method)
	at sun.nio.ch.SocketDispatcher.read(SocketDispatcher.java:43)
	at sun.nio.ch.IOUtil.readIntoNativeBuffer(IOUtil.java:223)
	at sun.nio.ch.IOUtil.read(IOUtil.java:197)
	at sun.nio.ch.SocketChannelImpl.read(SocketChannelImpl.java:379)
	at org.jboss.netty.buffer.HeapChannelBuffer.setBytes(HeapChannelBuffer.java:156)
	at org.jboss.netty.buffer.AbstractChannelBuffer.writeBytes(AbstractChannelBuffer.java:425)
	at org.jboss.netty.channel.socket.nio.NioWorker.read(NioWorker.java:305)
	at org.jboss.netty.channel.socket.nio.NioWorker.processSelectedKeys(NioWorker.java:275)
	at org.jboss.netty.channel.socket.nio.NioWorker.run(NioWorker.java:196)
	at org.jboss.netty.util.internal.IoWorkerRunnable.run(IoWorkerRunnable.java:46)
	at java.util.concurrent.ThreadPoolExecutor.runWorker(ThreadPoolExecutor.java:1145)
	at java.util.concurrent.ThreadPoolExecutor$Worker.run(ThreadPoolExecutor.java:615)
	at java.lang.Thread.run(Thread.java:745)
[06-25 12:36:19 779 ERROR] [New I/O server worker #1-4] communication.tcp.SocketHandler - unexpected exception from downstream remoteAddress(/127.0.0.1:52483)
java.io.IOException: 远程主机强迫关闭了一个现有的连接。
	at sun.nio.ch.SocketDispatcher.read0(Native Method)
	at sun.nio.ch.SocketDispatcher.read(SocketDispatcher.java:43)
	at sun.nio.ch.IOUtil.readIntoNativeBuffer(IOUtil.java:223)
	at sun.nio.ch.IOUtil.read(IOUtil.java:197)
	at sun.nio.ch.SocketChannelImpl.read(SocketChannelImpl.java:379)
	at org.jboss.netty.buffer.HeapChannelBuffer.setBytes(HeapChannelBuffer.java:156)
	at org.jboss.netty.buffer.AbstractChannelBuffer.writeBytes(AbstractChannelBuffer.java:425)
	at org.jboss.netty.channel.socket.nio.NioWorker.read(NioWorker.java:305)
	at org.jboss.netty.channel.socket.nio.NioWorker.processSelectedKeys(NioWorker.java:275)
	at org.jboss.netty.channel.socket.nio.NioWorker.run(NioWorker.java:196)
	at org.jboss.netty.util.internal.IoWorkerRunnable.run(IoWorkerRunnable.java:46)
	at java.util.concurrent.ThreadPoolExecutor.runWorker(ThreadPoolExecutor.java:1145)
	at java.util.concurrent.ThreadPoolExecutor$Worker.run(ThreadPoolExecutor.java:615)
	at java.lang.Thread.run(Thread.java:745)
[06-25 12:37:08 207 ERROR] [main] contract.log.SystemPrintStream - 开始扫描全部引用jar包，如果扫描过程过长请在启动vm参数中设置scf.serializer.basepakage或者设置scf.serializer.scantype=asyn使用异步模式扫描。
[06-25 12:37:12 119 ERROR] [main] contract.log.SystemPrintStream - SLF4J: Class path contains multiple SLF4J bindings.
[06-25 12:37:12 119 ERROR] [main] contract.log.SystemPrintStream - SLF4J: Found binding in [jar:file:/d:/scfV3/lib/log4j-slf4j-impl-2.2.jar!/org/slf4j/impl/StaticLoggerBinder.class]
[06-25 12:37:12 120 ERROR] [main] contract.log.SystemPrintStream - SLF4J: Found binding in [jar:file:D:\scfV3\lib\log4j-slf4j-impl-2.2.jar!/org/slf4j/impl/StaticLoggerBinder.class]
[06-25 12:37:12 120 ERROR] [main] contract.log.SystemPrintStream - SLF4J: See http://www.slf4j.org/codes.html#multiple_bindings for an explanation.
[06-25 12:37:12 123 ERROR] [main] contract.log.SystemPrintStream - SLF4J: Actual binding is of type [org.apache.logging.slf4j.Log4jLoggerFactory]
[06-25 12:37:57 810 ERROR] [New I/O server worker #1-4] communication.tcp.SocketHandler - unexpected exception from downstream remoteAddress(/127.0.0.1:52536)
java.io.IOException: 远程主机强迫关闭了一个现有的连接。
	at sun.nio.ch.SocketDispatcher.read0(Native Method)
	at sun.nio.ch.SocketDispatcher.read(SocketDispatcher.java:43)
	at sun.nio.ch.IOUtil.readIntoNativeBuffer(IOUtil.java:223)
	at sun.nio.ch.IOUtil.read(IOUtil.java:197)
	at sun.nio.ch.SocketChannelImpl.read(SocketChannelImpl.java:379)
	at org.jboss.netty.buffer.HeapChannelBuffer.setBytes(HeapChannelBuffer.java:156)
	at org.jboss.netty.buffer.AbstractChannelBuffer.writeBytes(AbstractChannelBuffer.java:425)
	at org.jboss.netty.channel.socket.nio.NioWorker.read(NioWorker.java:305)
	at org.jboss.netty.channel.socket.nio.NioWorker.processSelectedKeys(NioWorker.java:275)
	at org.jboss.netty.channel.socket.nio.NioWorker.run(NioWorker.java:196)
	at org.jboss.netty.util.internal.IoWorkerRunnable.run(IoWorkerRunnable.java:46)
	at java.util.concurrent.ThreadPoolExecutor.runWorker(ThreadPoolExecutor.java:1145)
	at java.util.concurrent.ThreadPoolExecutor$Worker.run(ThreadPoolExecutor.java:615)
	at java.lang.Thread.run(Thread.java:745)
[06-25 12:37:57 810 ERROR] [New I/O server worker #1-2] communication.tcp.SocketHandler - unexpected exception from downstream remoteAddress(/127.0.0.1:52530)
java.io.IOException: 远程主机强迫关闭了一个现有的连接。
	at sun.nio.ch.SocketDispatcher.read0(Native Method)
	at sun.nio.ch.SocketDispatcher.read(SocketDispatcher.java:43)
	at sun.nio.ch.IOUtil.readIntoNativeBuffer(IOUtil.java:223)
	at sun.nio.ch.IOUtil.read(IOUtil.java:197)
	at sun.nio.ch.SocketChannelImpl.read(SocketChannelImpl.java:379)
	at org.jboss.netty.buffer.HeapChannelBuffer.setBytes(HeapChannelBuffer.java:156)
	at org.jboss.netty.buffer.AbstractChannelBuffer.writeBytes(AbstractChannelBuffer.java:425)
	at org.jboss.netty.channel.socket.nio.NioWorker.read(NioWorker.java:305)
	at org.jboss.netty.channel.socket.nio.NioWorker.processSelectedKeys(NioWorker.java:275)
	at org.jboss.netty.channel.socket.nio.NioWorker.run(NioWorker.java:196)
	at org.jboss.netty.util.internal.IoWorkerRunnable.run(IoWorkerRunnable.java:46)
	at java.util.concurrent.ThreadPoolExecutor.runWorker(ThreadPoolExecutor.java:1145)
	at java.util.concurrent.ThreadPoolExecutor$Worker.run(ThreadPoolExecutor.java:615)
	at java.lang.Thread.run(Thread.java:745)
[06-25 12:37:57 839 ERROR] [New I/O server worker #1-3] communication.tcp.SocketHandler - unexpected exception from downstream remoteAddress(/127.0.0.1:52533)
java.io.IOException: 远程主机强迫关闭了一个现有的连接。
	at sun.nio.ch.SocketDispatcher.read0(Native Method)
	at sun.nio.ch.SocketDispatcher.read(SocketDispatcher.java:43)
	at sun.nio.ch.IOUtil.readIntoNativeBuffer(IOUtil.java:223)
	at sun.nio.ch.IOUtil.read(IOUtil.java:197)
	at sun.nio.ch.SocketChannelImpl.read(SocketChannelImpl.java:379)
	at org.jboss.netty.buffer.HeapChannelBuffer.setBytes(HeapChannelBuffer.java:156)
	at org.jboss.netty.buffer.AbstractChannelBuffer.writeBytes(AbstractChannelBuffer.java:425)
	at org.jboss.netty.channel.socket.nio.NioWorker.read(NioWorker.java:305)
	at org.jboss.netty.channel.socket.nio.NioWorker.processSelectedKeys(NioWorker.java:275)
	at org.jboss.netty.channel.socket.nio.NioWorker.run(NioWorker.java:196)
	at org.jboss.netty.util.internal.IoWorkerRunnable.run(IoWorkerRunnable.java:46)
	at java.util.concurrent.ThreadPoolExecutor.runWorker(ThreadPoolExecutor.java:1145)
	at java.util.concurrent.ThreadPoolExecutor$Worker.run(ThreadPoolExecutor.java:615)
	at java.lang.Thread.run(Thread.java:745)
[06-25 12:37:57 817 ERROR] [New I/O server worker #1-5] communication.tcp.SocketHandler - unexpected exception from downstream remoteAddress(/127.0.0.1:52537)
java.io.IOException: 远程主机强迫关闭了一个现有的连接。
	at sun.nio.ch.SocketDispatcher.read0(Native Method)
	at sun.nio.ch.SocketDispatcher.read(SocketDispatcher.java:43)
	at sun.nio.ch.IOUtil.readIntoNativeBuffer(IOUtil.java:223)
	at sun.nio.ch.IOUtil.read(IOUtil.java:197)
	at sun.nio.ch.SocketChannelImpl.read(SocketChannelImpl.java:379)
	at org.jboss.netty.buffer.HeapChannelBuffer.setBytes(HeapChannelBuffer.java:156)
	at org.jboss.netty.buffer.AbstractChannelBuffer.writeBytes(AbstractChannelBuffer.java:425)
	at org.jboss.netty.channel.socket.nio.NioWorker.read(NioWorker.java:305)
	at org.jboss.netty.channel.socket.nio.NioWorker.processSelectedKeys(NioWorker.java:275)
	at org.jboss.netty.channel.socket.nio.NioWorker.run(NioWorker.java:196)
	at org.jboss.netty.util.internal.IoWorkerRunnable.run(IoWorkerRunnable.java:46)
	at java.util.concurrent.ThreadPoolExecutor.runWorker(ThreadPoolExecutor.java:1145)
	at java.util.concurrent.ThreadPoolExecutor$Worker.run(ThreadPoolExecutor.java:615)
	at java.lang.Thread.run(Thread.java:745)
[06-25 12:37:57 810 ERROR] [New I/O server worker #1-1] communication.tcp.SocketHandler - unexpected exception from downstream remoteAddress(/127.0.0.1:52525)
java.io.IOException: 远程主机强迫关闭了一个现有的连接。
	at sun.nio.ch.SocketDispatcher.read0(Native Method)
	at sun.nio.ch.SocketDispatcher.read(SocketDispatcher.java:43)
	at sun.nio.ch.IOUtil.readIntoNativeBuffer(IOUtil.java:223)
	at sun.nio.ch.IOUtil.read(IOUtil.java:197)
	at sun.nio.ch.SocketChannelImpl.read(SocketChannelImpl.java:379)
	at org.jboss.netty.buffer.HeapChannelBuffer.setBytes(HeapChannelBuffer.java:156)
	at org.jboss.netty.buffer.AbstractChannelBuffer.writeBytes(AbstractChannelBuffer.java:425)
	at org.jboss.netty.channel.socket.nio.NioWorker.read(NioWorker.java:305)
	at org.jboss.netty.channel.socket.nio.NioWorker.processSelectedKeys(NioWorker.java:275)
	at org.jboss.netty.channel.socket.nio.NioWorker.run(NioWorker.java:196)
	at org.jboss.netty.util.internal.IoWorkerRunnable.run(IoWorkerRunnable.java:46)
	at java.util.concurrent.ThreadPoolExecutor.runWorker(ThreadPoolExecutor.java:1145)
	at java.util.concurrent.ThreadPoolExecutor$Worker.run(ThreadPoolExecutor.java:615)
	at java.lang.Thread.run(Thread.java:745)
[06-25 12:54:41 451 ERROR] [main] contract.log.SystemPrintStream - 开始扫描全部引用jar包，如果扫描过程过长请在启动vm参数中设置scf.serializer.basepakage或者设置scf.serializer.scantype=asyn使用异步模式扫描。
[06-25 12:54:45 463 ERROR] [main] contract.log.SystemPrintStream - SLF4J: Class path contains multiple SLF4J bindings.
[06-25 12:54:45 463 ERROR] [main] contract.log.SystemPrintStream - SLF4J: Found binding in [jar:file:/d:/scfV3/lib/log4j-slf4j-impl-2.2.jar!/org/slf4j/impl/StaticLoggerBinder.class]
[06-25 12:54:45 464 ERROR] [main] contract.log.SystemPrintStream - SLF4J: Found binding in [jar:file:D:\scfV3\lib\log4j-slf4j-impl-2.2.jar!/org/slf4j/impl/StaticLoggerBinder.class]
[06-25 12:54:45 464 ERROR] [main] contract.log.SystemPrintStream - SLF4J: See http://www.slf4j.org/codes.html#multiple_bindings for an explanation.
[06-25 12:54:45 468 ERROR] [main] contract.log.SystemPrintStream - SLF4J: Actual binding is of type [org.apache.logging.slf4j.Log4jLoggerFactory]
[06-25 12:59:32 000 ERROR] [main] contract.log.SystemPrintStream - 开始扫描全部引用jar包，如果扫描过程过长请在启动vm参数中设置scf.serializer.basepakage或者设置scf.serializer.scantype=asyn使用异步模式扫描。
[06-25 12:59:35 942 ERROR] [main] contract.log.SystemPrintStream - SLF4J: Class path contains multiple SLF4J bindings.
[06-25 12:59:35 943 ERROR] [main] contract.log.SystemPrintStream - SLF4J: Found binding in [jar:file:/d:/scfV3/lib/log4j-slf4j-impl-2.2.jar!/org/slf4j/impl/StaticLoggerBinder.class]
[06-25 12:59:35 943 ERROR] [main] contract.log.SystemPrintStream - SLF4J: Found binding in [jar:file:D:\scfV3\lib\log4j-slf4j-impl-2.2.jar!/org/slf4j/impl/StaticLoggerBinder.class]
[06-25 12:59:35 944 ERROR] [main] contract.log.SystemPrintStream - SLF4J: See http://www.slf4j.org/codes.html#multiple_bindings for an explanation.
[06-25 12:59:35 947 ERROR] [main] contract.log.SystemPrintStream - SLF4J: Actual binding is of type [org.apache.logging.slf4j.Log4jLoggerFactory]
[06-25 13:00:34 904 ERROR] [main] contract.log.SystemPrintStream - 开始扫描全部引用jar包，如果扫描过程过长请在启动vm参数中设置scf.serializer.basepakage或者设置scf.serializer.scantype=asyn使用异步模式扫描。
[06-25 13:00:38 659 ERROR] [main] contract.log.SystemPrintStream - SLF4J: Class path contains multiple SLF4J bindings.
[06-25 13:00:38 660 ERROR] [main] contract.log.SystemPrintStream - SLF4J: Found binding in [jar:file:/d:/scfV3/lib/log4j-slf4j-impl-2.2.jar!/org/slf4j/impl/StaticLoggerBinder.class]
[06-25 13:00:38 660 ERROR] [main] contract.log.SystemPrintStream - SLF4J: Found binding in [jar:file:D:\scfV3\lib\log4j-slf4j-impl-2.2.jar!/org/slf4j/impl/StaticLoggerBinder.class]
[06-25 13:00:38 661 ERROR] [main] contract.log.SystemPrintStream - SLF4J: See http://www.slf4j.org/codes.html#multiple_bindings for an explanation.
[06-25 13:00:38 664 ERROR] [main] contract.log.SystemPrintStream - SLF4J: Actual binding is of type [org.apache.logging.slf4j.Log4jLoggerFactory]
[06-25 17:21:27 652 ERROR] [main] contract.log.SystemPrintStream - 开始扫描全部引用jar包，如果扫描过程过长请在启动vm参数中设置scf.serializer.basepakage或者设置scf.serializer.scantype=asyn使用异步模式扫描。
[06-25 17:21:31 686 ERROR] [main] contract.log.SystemPrintStream - SLF4J: Class path contains multiple SLF4J bindings.
[06-25 17:21:31 687 ERROR] [main] contract.log.SystemPrintStream - SLF4J: Found binding in [jar:file:/d:/scfV3/lib/log4j-slf4j-impl-2.2.jar!/org/slf4j/impl/StaticLoggerBinder.class]
[06-25 17:21:31 687 ERROR] [main] contract.log.SystemPrintStream - SLF4J: Found binding in [jar:file:D:\scfV3\lib\log4j-slf4j-impl-2.2.jar!/org/slf4j/impl/StaticLoggerBinder.class]
[06-25 17:21:31 688 ERROR] [main] contract.log.SystemPrintStream - SLF4J: See http://www.slf4j.org/codes.html#multiple_bindings for an explanation.
[06-25 17:21:31 691 ERROR] [main] contract.log.SystemPrintStream - SLF4J: Actual binding is of type [org.apache.logging.slf4j.Log4jLoggerFactory]
[06-25 17:24:36 388 ERROR] [New I/O server worker #1-4] communication.tcp.SocketHandler - unexpected exception from downstream remoteAddress(/127.0.0.1:58486)
java.io.IOException: 远程主机强迫关闭了一个现有的连接。
	at sun.nio.ch.SocketDispatcher.read0(Native Method)
	at sun.nio.ch.SocketDispatcher.read(SocketDispatcher.java:43)
	at sun.nio.ch.IOUtil.readIntoNativeBuffer(IOUtil.java:223)
	at sun.nio.ch.IOUtil.read(IOUtil.java:197)
	at sun.nio.ch.SocketChannelImpl.read(SocketChannelImpl.java:379)
	at org.jboss.netty.buffer.HeapChannelBuffer.setBytes(HeapChannelBuffer.java:156)
	at org.jboss.netty.buffer.AbstractChannelBuffer.writeBytes(AbstractChannelBuffer.java:425)
	at org.jboss.netty.channel.socket.nio.NioWorker.read(NioWorker.java:305)
	at org.jboss.netty.channel.socket.nio.NioWorker.processSelectedKeys(NioWorker.java:275)
	at org.jboss.netty.channel.socket.nio.NioWorker.run(NioWorker.java:196)
	at org.jboss.netty.util.internal.IoWorkerRunnable.run(IoWorkerRunnable.java:46)
	at java.util.concurrent.ThreadPoolExecutor.runWorker(ThreadPoolExecutor.java:1145)
	at java.util.concurrent.ThreadPoolExecutor$Worker.run(ThreadPoolExecutor.java:615)
	at java.lang.Thread.run(Thread.java:745)
[06-25 17:24:36 391 ERROR] [New I/O server worker #1-2] communication.tcp.SocketHandler - unexpected exception from downstream remoteAddress(/127.0.0.1:58480)
java.io.IOException: 远程主机强迫关闭了一个现有的连接。
	at sun.nio.ch.SocketDispatcher.read0(Native Method)
	at sun.nio.ch.SocketDispatcher.read(SocketDispatcher.java:43)
	at sun.nio.ch.IOUtil.readIntoNativeBuffer(IOUtil.java:223)
	at sun.nio.ch.IOUtil.read(IOUtil.java:197)
	at sun.nio.ch.SocketChannelImpl.read(SocketChannelImpl.java:379)
	at org.jboss.netty.buffer.HeapChannelBuffer.setBytes(HeapChannelBuffer.java:156)
	at org.jboss.netty.buffer.AbstractChannelBuffer.writeBytes(AbstractChannelBuffer.java:425)
	at org.jboss.netty.channel.socket.nio.NioWorker.read(NioWorker.java:305)
	at org.jboss.netty.channel.socket.nio.NioWorker.processSelectedKeys(NioWorker.java:275)
	at org.jboss.netty.channel.socket.nio.NioWorker.run(NioWorker.java:196)
	at org.jboss.netty.util.internal.IoWorkerRunnable.run(IoWorkerRunnable.java:46)
	at java.util.concurrent.ThreadPoolExecutor.runWorker(ThreadPoolExecutor.java:1145)
	at java.util.concurrent.ThreadPoolExecutor$Worker.run(ThreadPoolExecutor.java:615)
	at java.lang.Thread.run(Thread.java:745)
[06-25 17:24:36 391 ERROR] [New I/O server worker #1-5] communication.tcp.SocketHandler - unexpected exception from downstream remoteAddress(/127.0.0.1:58489)
java.io.IOException: 远程主机强迫关闭了一个现有的连接。
	at sun.nio.ch.SocketDispatcher.read0(Native Method)
	at sun.nio.ch.SocketDispatcher.read(SocketDispatcher.java:43)
	at sun.nio.ch.IOUtil.readIntoNativeBuffer(IOUtil.java:223)
	at sun.nio.ch.IOUtil.read(IOUtil.java:197)
	at sun.nio.ch.SocketChannelImpl.read(SocketChannelImpl.java:379)
	at org.jboss.netty.buffer.HeapChannelBuffer.setBytes(HeapChannelBuffer.java:156)
	at org.jboss.netty.buffer.AbstractChannelBuffer.writeBytes(AbstractChannelBuffer.java:425)
	at org.jboss.netty.channel.socket.nio.NioWorker.read(NioWorker.java:305)
	at org.jboss.netty.channel.socket.nio.NioWorker.processSelectedKeys(NioWorker.java:275)
	at org.jboss.netty.channel.socket.nio.NioWorker.run(NioWorker.java:196)
	at org.jboss.netty.util.internal.IoWorkerRunnable.run(IoWorkerRunnable.java:46)
	at java.util.concurrent.ThreadPoolExecutor.runWorker(ThreadPoolExecutor.java:1145)
	at java.util.concurrent.ThreadPoolExecutor$Worker.run(ThreadPoolExecutor.java:615)
	at java.lang.Thread.run(Thread.java:745)
[06-25 17:24:36 388 ERROR] [New I/O server worker #1-1] communication.tcp.SocketHandler - unexpected exception from downstream remoteAddress(/127.0.0.1:58475)
java.io.IOException: 远程主机强迫关闭了一个现有的连接。
	at sun.nio.ch.SocketDispatcher.read0(Native Method)
	at sun.nio.ch.SocketDispatcher.read(SocketDispatcher.java:43)
	at sun.nio.ch.IOUtil.readIntoNativeBuffer(IOUtil.java:223)
	at sun.nio.ch.IOUtil.read(IOUtil.java:197)
	at sun.nio.ch.SocketChannelImpl.read(SocketChannelImpl.java:379)
	at org.jboss.netty.buffer.HeapChannelBuffer.setBytes(HeapChannelBuffer.java:156)
	at org.jboss.netty.buffer.AbstractChannelBuffer.writeBytes(AbstractChannelBuffer.java:425)
	at org.jboss.netty.channel.socket.nio.NioWorker.read(NioWorker.java:305)
	at org.jboss.netty.channel.socket.nio.NioWorker.processSelectedKeys(NioWorker.java:275)
	at org.jboss.netty.channel.socket.nio.NioWorker.run(NioWorker.java:196)
	at org.jboss.netty.util.internal.IoWorkerRunnable.run(IoWorkerRunnable.java:46)
	at java.util.concurrent.ThreadPoolExecutor.runWorker(ThreadPoolExecutor.java:1145)
	at java.util.concurrent.ThreadPoolExecutor$Worker.run(ThreadPoolExecutor.java:615)
	at java.lang.Thread.run(Thread.java:745)
[06-25 17:24:36 391 ERROR] [New I/O server worker #1-3] communication.tcp.SocketHandler - unexpected exception from downstream remoteAddress(/127.0.0.1:58483)
java.io.IOException: 远程主机强迫关闭了一个现有的连接。
	at sun.nio.ch.SocketDispatcher.read0(Native Method)
	at sun.nio.ch.SocketDispatcher.read(SocketDispatcher.java:43)
	at sun.nio.ch.IOUtil.readIntoNativeBuffer(IOUtil.java:223)
	at sun.nio.ch.IOUtil.read(IOUtil.java:197)
	at sun.nio.ch.SocketChannelImpl.read(SocketChannelImpl.java:379)
	at org.jboss.netty.buffer.HeapChannelBuffer.setBytes(HeapChannelBuffer.java:156)
	at org.jboss.netty.buffer.AbstractChannelBuffer.writeBytes(AbstractChannelBuffer.java:425)
	at org.jboss.netty.channel.socket.nio.NioWorker.read(NioWorker.java:305)
	at org.jboss.netty.channel.socket.nio.NioWorker.processSelectedKeys(NioWorker.java:275)
	at org.jboss.netty.channel.socket.nio.NioWorker.run(NioWorker.java:196)
	at org.jboss.netty.util.internal.IoWorkerRunnable.run(IoWorkerRunnable.java:46)
	at java.util.concurrent.ThreadPoolExecutor.runWorker(ThreadPoolExecutor.java:1145)
	at java.util.concurrent.ThreadPoolExecutor$Worker.run(ThreadPoolExecutor.java:615)
	at java.lang.Thread.run(Thread.java:745)
[06-25 17:43:43 565 ERROR] [main] contract.log.SystemPrintStream - 开始扫描全部引用jar包，如果扫描过程过长请在启动vm参数中设置scf.serializer.basepakage或者设置scf.serializer.scantype=asyn使用异步模式扫描。
[06-25 17:43:47 338 ERROR] [main] contract.log.SystemPrintStream - SLF4J: Class path contains multiple SLF4J bindings.
[06-25 17:43:47 338 ERROR] [main] contract.log.SystemPrintStream - SLF4J: Found binding in [jar:file:/d:/scfV3/lib/log4j-slf4j-impl-2.2.jar!/org/slf4j/impl/StaticLoggerBinder.class]
[06-25 17:43:47 339 ERROR] [main] contract.log.SystemPrintStream - SLF4J: Found binding in [jar:file:D:\scfV3\lib\log4j-slf4j-impl-2.2.jar!/org/slf4j/impl/StaticLoggerBinder.class]
[06-25 17:43:47 339 ERROR] [main] contract.log.SystemPrintStream - SLF4J: See http://www.slf4j.org/codes.html#multiple_bindings for an explanation.
[06-25 17:43:47 342 ERROR] [main] contract.log.SystemPrintStream - SLF4J: Actual binding is of type [org.apache.logging.slf4j.Log4jLoggerFactory]
