[06-22 00:04:42 578 ERROR] [main] contract.log.SystemPrintStream - java.lang.ClassCastException: com.sun.proxy.$Proxy26 cannot be cast to org.spat.scf.protocol.annotation.ServiceContract
[06-22 00:04:42 583 ERROR] [main] contract.log.SystemPrintStream - 	at org.spat.scf.server.deploy.bytecode.ScanClass.scan(ScanClass.java:149)
[06-22 00:04:42 584 ERROR] [main] contract.log.SystemPrintStream - 	at org.spat.scf.server.deploy.bytecode.ScanClass.getContractInfo(ScanClass.java:61)
[06-22 00:04:42 584 ERROR] [main] contract.log.SystemPrintStream - 	at org.spat.scf.server.deploy.bytecode.CreateManager.careteProxy(CreateManager.java:24)
[06-22 00:04:42 585 ERROR] [main] contract.log.SystemPrintStream - 	at org.spat.scf.server.deploy.hotdeploy.ProxyFactoryLoader.loadProxyFactory(ProxyFactoryLoader.java:25)
[06-22 00:04:42 588 ERROR] [main] contract.log.SystemPrintStream - 	at org.spat.scf.server.bootstrap.Main.main(Main.java:149)
[06-22 00:04:42 589 ERROR] [main] contract.log.SystemPrintStream - 	at org.spat.scf.maven.RunMojo.execute(RunMojo.java:47)
[06-22 00:04:42 589 ERROR] [main] contract.log.SystemPrintStream - 	at org.apache.maven.plugin.DefaultBuildPluginManager.executeMojo(DefaultBuildPluginManager.java:101)
[06-22 00:04:42 590 ERROR] [main] contract.log.SystemPrintStream - 	at org.apache.maven.lifecycle.internal.MojoExecutor.execute(MojoExecutor.java:209)
[06-22 00:04:42 591 ERROR] [main] contract.log.SystemPrintStream - 	at org.apache.maven.lifecycle.internal.MojoExecutor.execute(MojoExecutor.java:153)
[06-22 00:04:42 592 ERROR] [main] contract.log.SystemPrintStream - 	at org.apache.maven.lifecycle.internal.MojoExecutor.execute(MojoExecutor.java:145)
[06-22 00:04:42 593 ERROR] [main] contract.log.SystemPrintStream - 	at org.apache.maven.lifecycle.internal.LifecycleModuleBuilder.buildProject(LifecycleModuleBuilder.java:84)
[06-22 00:04:42 594 ERROR] [main] contract.log.SystemPrintStream - 	at org.apache.maven.lifecycle.internal.LifecycleModuleBuilder.buildProject(LifecycleModuleBuilder.java:59)
[06-22 00:04:42 594 ERROR] [main] contract.log.SystemPrintStream - 	at org.apache.maven.lifecycle.internal.LifecycleStarter.singleThreadedBuild(LifecycleStarter.java:183)
[06-22 00:04:42 595 ERROR] [main] contract.log.SystemPrintStream - 	at org.apache.maven.lifecycle.internal.LifecycleStarter.execute(LifecycleStarter.java:161)
[06-22 00:04:42 596 ERROR] [main] contract.log.SystemPrintStream - 	at org.apache.maven.DefaultMaven.doExecute(DefaultMaven.java:319)
[06-22 00:04:42 597 ERROR] [main] contract.log.SystemPrintStream - 	at org.apache.maven.DefaultMaven.execute(DefaultMaven.java:156)
[06-22 00:04:42 598 ERROR] [main] contract.log.SystemPrintStream - 	at org.apache.maven.cli.MavenCli.execute(MavenCli.java:537)
[06-22 00:04:42 599 ERROR] [main] contract.log.SystemPrintStream - 	at org.apache.maven.cli.MavenCli.doMain(MavenCli.java:196)
[06-22 00:04:42 600 ERROR] [main] contract.log.SystemPrintStream - 	at org.apache.maven.cli.MavenCli.main(MavenCli.java:141)
[06-22 00:04:42 601 ERROR] [main] contract.log.SystemPrintStream - 	at sun.reflect.NativeMethodAccessorImpl.invoke0(Native Method)
[06-22 00:04:42 602 ERROR] [main] contract.log.SystemPrintStream - 	at sun.reflect.NativeMethodAccessorImpl.invoke(NativeMethodAccessorImpl.java:57)
[06-22 00:04:42 603 ERROR] [main] contract.log.SystemPrintStream - 	at sun.reflect.DelegatingMethodAccessorImpl.invoke(DelegatingMethodAccessorImpl.java:43)
[06-22 00:04:42 604 ERROR] [main] contract.log.SystemPrintStream - 	at java.lang.reflect.Method.invoke(Method.java:606)
[06-22 00:04:42 604 ERROR] [main] contract.log.SystemPrintStream - 	at org.codehaus.plexus.classworlds.launcher.Launcher.launchEnhanced(Launcher.java:290)
[06-22 00:04:42 605 ERROR] [main] contract.log.SystemPrintStream - 	at org.codehaus.plexus.classworlds.launcher.Launcher.launch(Launcher.java:230)
[06-22 00:04:42 606 ERROR] [main] contract.log.SystemPrintStream - 	at org.codehaus.plexus.classworlds.launcher.Launcher.mainWithExitCode(Launcher.java:409)
[06-22 00:04:42 606 ERROR] [main] contract.log.SystemPrintStream - 	at org.codehaus.plexus.classworlds.launcher.Launcher.main(Launcher.java:352)
[06-22 00:07:59 392 ERROR] [main] contract.log.SystemPrintStream - java.lang.ClassCastException: com.sun.proxy.$Proxy26 cannot be cast to org.spat.scf.protocol.annotation.ServiceContract
[06-22 00:07:59 394 ERROR] [main] contract.log.SystemPrintStream - 	at org.spat.scf.server.deploy.bytecode.ScanClass.scan(ScanClass.java:149)
[06-22 00:07:59 395 ERROR] [main] contract.log.SystemPrintStream - 	at org.spat.scf.server.deploy.bytecode.ScanClass.getContractInfo(ScanClass.java:61)
[06-22 00:07:59 399 ERROR] [main] contract.log.SystemPrintStream - 	at org.spat.scf.server.deploy.bytecode.CreateManager.careteProxy(CreateManager.java:24)
[06-22 00:07:59 400 ERROR] [main] contract.log.SystemPrintStream - 	at org.spat.scf.server.deploy.hotdeploy.ProxyFactoryLoader.loadProxyFactory(ProxyFactoryLoader.java:25)
[06-22 00:07:59 401 ERROR] [main] contract.log.SystemPrintStream - 	at org.spat.scf.server.bootstrap.Main.main(Main.java:149)
[06-22 00:07:59 402 ERROR] [main] contract.log.SystemPrintStream - 	at org.spat.scf.maven.RunMojo.execute(RunMojo.java:47)
[06-22 00:07:59 403 ERROR] [main] contract.log.SystemPrintStream - 	at org.apache.maven.plugin.DefaultBuildPluginManager.executeMojo(DefaultBuildPluginManager.java:101)
[06-22 00:07:59 404 ERROR] [main] contract.log.SystemPrintStream - 	at org.apache.maven.lifecycle.internal.MojoExecutor.execute(MojoExecutor.java:209)
[06-22 00:07:59 405 ERROR] [main] contract.log.SystemPrintStream - 	at org.apache.maven.lifecycle.internal.MojoExecutor.execute(MojoExecutor.java:153)
[06-22 00:07:59 405 ERROR] [main] contract.log.SystemPrintStream - 	at org.apache.maven.lifecycle.internal.MojoExecutor.execute(MojoExecutor.java:145)
[06-22 00:07:59 406 ERROR] [main] contract.log.SystemPrintStream - 	at org.apache.maven.lifecycle.internal.LifecycleModuleBuilder.buildProject(LifecycleModuleBuilder.java:84)
[06-22 00:07:59 407 ERROR] [main] contract.log.SystemPrintStream - 	at org.apache.maven.lifecycle.internal.LifecycleModuleBuilder.buildProject(LifecycleModuleBuilder.java:59)
[06-22 00:07:59 407 ERROR] [main] contract.log.SystemPrintStream - 	at org.apache.maven.lifecycle.internal.LifecycleStarter.singleThreadedBuild(LifecycleStarter.java:183)
[06-22 00:07:59 408 ERROR] [main] contract.log.SystemPrintStream - 	at org.apache.maven.lifecycle.internal.LifecycleStarter.execute(LifecycleStarter.java:161)
[06-22 00:07:59 410 ERROR] [main] contract.log.SystemPrintStream - 	at org.apache.maven.DefaultMaven.doExecute(DefaultMaven.java:319)
[06-22 00:07:59 410 ERROR] [main] contract.log.SystemPrintStream - 	at org.apache.maven.DefaultMaven.execute(DefaultMaven.java:156)
[06-22 00:07:59 410 ERROR] [main] contract.log.SystemPrintStream - 	at org.apache.maven.cli.MavenCli.execute(MavenCli.java:537)
[06-22 00:07:59 411 ERROR] [main] contract.log.SystemPrintStream - 	at org.apache.maven.cli.MavenCli.doMain(MavenCli.java:196)
[06-22 00:07:59 411 ERROR] [main] contract.log.SystemPrintStream - 	at org.apache.maven.cli.MavenCli.main(MavenCli.java:141)
[06-22 00:07:59 412 ERROR] [main] contract.log.SystemPrintStream - 	at sun.reflect.NativeMethodAccessorImpl.invoke0(Native Method)
[06-22 00:07:59 412 ERROR] [main] contract.log.SystemPrintStream - 	at sun.reflect.NativeMethodAccessorImpl.invoke(NativeMethodAccessorImpl.java:57)
[06-22 00:07:59 412 ERROR] [main] contract.log.SystemPrintStream - 	at sun.reflect.DelegatingMethodAccessorImpl.invoke(DelegatingMethodAccessorImpl.java:43)
[06-22 00:07:59 413 ERROR] [main] contract.log.SystemPrintStream - 	at java.lang.reflect.Method.invoke(Method.java:606)
[06-22 00:07:59 413 ERROR] [main] contract.log.SystemPrintStream - 	at org.codehaus.plexus.classworlds.launcher.Launcher.launchEnhanced(Launcher.java:290)
[06-22 00:07:59 414 ERROR] [main] contract.log.SystemPrintStream - 	at org.codehaus.plexus.classworlds.launcher.Launcher.launch(Launcher.java:230)
[06-22 00:07:59 414 ERROR] [main] contract.log.SystemPrintStream - 	at org.codehaus.plexus.classworlds.launcher.Launcher.mainWithExitCode(Launcher.java:409)
[06-22 00:07:59 415 ERROR] [main] contract.log.SystemPrintStream - 	at org.codehaus.plexus.classworlds.launcher.Launcher.main(Launcher.java:352)
[06-22 11:46:39 450 ERROR] [main] contract.log.SystemPrintStream - java.lang.ClassCastException: com.sun.proxy.$Proxy26 cannot be cast to org.spat.scf.protocol.annotation.ServiceContract
[06-22 11:46:39 451 ERROR] [main] contract.log.SystemPrintStream - 	at org.spat.scf.server.deploy.bytecode.ScanClass.scan(ScanClass.java:149)
[06-22 11:46:39 452 ERROR] [main] contract.log.SystemPrintStream - 	at org.spat.scf.server.deploy.bytecode.ScanClass.getContractInfo(ScanClass.java:61)
[06-22 11:46:39 453 ERROR] [main] contract.log.SystemPrintStream - 	at org.spat.scf.server.deploy.bytecode.CreateManager.careteProxy(CreateManager.java:24)
[06-22 11:46:39 453 ERROR] [main] contract.log.SystemPrintStream - 	at org.spat.scf.server.deploy.hotdeploy.ProxyFactoryLoader.loadProxyFactory(ProxyFactoryLoader.java:25)
[06-22 11:46:39 454 ERROR] [main] contract.log.SystemPrintStream - 	at org.spat.scf.server.bootstrap.Main.main(Main.java:149)
[06-22 11:46:39 455 ERROR] [main] contract.log.SystemPrintStream - 	at org.spat.scf.maven.RunMojo.execute(RunMojo.java:49)
[06-22 11:46:39 455 ERROR] [main] contract.log.SystemPrintStream - 	at org.apache.maven.plugin.DefaultBuildPluginManager.executeMojo(DefaultBuildPluginManager.java:101)
[06-22 11:46:39 456 ERROR] [main] contract.log.SystemPrintStream - 	at org.apache.maven.lifecycle.internal.MojoExecutor.execute(MojoExecutor.java:209)
[06-22 11:46:39 457 ERROR] [main] contract.log.SystemPrintStream - 	at org.apache.maven.lifecycle.internal.MojoExecutor.execute(MojoExecutor.java:153)
[06-22 11:46:39 457 ERROR] [main] contract.log.SystemPrintStream - 	at org.apache.maven.lifecycle.internal.MojoExecutor.execute(MojoExecutor.java:145)
[06-22 11:46:39 458 ERROR] [main] contract.log.SystemPrintStream - 	at org.apache.maven.lifecycle.internal.LifecycleModuleBuilder.buildProject(LifecycleModuleBuilder.java:84)
[06-22 11:46:39 459 ERROR] [main] contract.log.SystemPrintStream - 	at org.apache.maven.lifecycle.internal.LifecycleModuleBuilder.buildProject(LifecycleModuleBuilder.java:59)
[06-22 11:46:39 459 ERROR] [main] contract.log.SystemPrintStream - 	at org.apache.maven.lifecycle.internal.LifecycleStarter.singleThreadedBuild(LifecycleStarter.java:183)
[06-22 11:46:39 460 ERROR] [main] contract.log.SystemPrintStream - 	at org.apache.maven.lifecycle.internal.LifecycleStarter.execute(LifecycleStarter.java:161)
[06-22 11:46:39 461 ERROR] [main] contract.log.SystemPrintStream - 	at org.apache.maven.DefaultMaven.doExecute(DefaultMaven.java:319)
[06-22 11:46:39 461 ERROR] [main] contract.log.SystemPrintStream - 	at org.apache.maven.DefaultMaven.execute(DefaultMaven.java:156)
[06-22 11:46:39 462 ERROR] [main] contract.log.SystemPrintStream - 	at org.apache.maven.cli.MavenCli.execute(MavenCli.java:537)
[06-22 11:46:39 463 ERROR] [main] contract.log.SystemPrintStream - 	at org.apache.maven.cli.MavenCli.doMain(MavenCli.java:196)
[06-22 11:46:39 463 ERROR] [main] contract.log.SystemPrintStream - 	at org.apache.maven.cli.MavenCli.main(MavenCli.java:141)
[06-22 11:46:39 464 ERROR] [main] contract.log.SystemPrintStream - 	at sun.reflect.NativeMethodAccessorImpl.invoke0(Native Method)
[06-22 11:46:39 465 ERROR] [main] contract.log.SystemPrintStream - 	at sun.reflect.NativeMethodAccessorImpl.invoke(NativeMethodAccessorImpl.java:57)
[06-22 11:46:39 466 ERROR] [main] contract.log.SystemPrintStream - 	at sun.reflect.DelegatingMethodAccessorImpl.invoke(DelegatingMethodAccessorImpl.java:43)
[06-22 11:46:39 466 ERROR] [main] contract.log.SystemPrintStream - 	at java.lang.reflect.Method.invoke(Method.java:606)
[06-22 11:46:39 467 ERROR] [main] contract.log.SystemPrintStream - 	at org.codehaus.plexus.classworlds.launcher.Launcher.launchEnhanced(Launcher.java:290)
[06-22 11:46:39 467 ERROR] [main] contract.log.SystemPrintStream - 	at org.codehaus.plexus.classworlds.launcher.Launcher.launch(Launcher.java:230)
[06-22 11:46:39 469 ERROR] [main] contract.log.SystemPrintStream - 	at org.codehaus.plexus.classworlds.launcher.Launcher.mainWithExitCode(Launcher.java:409)
[06-22 11:46:39 469 ERROR] [main] contract.log.SystemPrintStream - 	at org.codehaus.plexus.classworlds.launcher.Launcher.main(Launcher.java:352)
[06-22 14:15:54 948 ERROR] [main] contract.log.SystemPrintStream - java.lang.ClassCastException: com.sun.proxy.$Proxy26 cannot be cast to org.spat.scf.protocol.annotation.ServiceContract
[06-22 14:15:54 949 ERROR] [main] contract.log.SystemPrintStream - 	at org.spat.scf.server.deploy.bytecode.ScanClass.scan(ScanClass.java:149)
[06-22 14:15:54 950 ERROR] [main] contract.log.SystemPrintStream - 	at org.spat.scf.server.deploy.bytecode.ScanClass.getContractInfo(ScanClass.java:61)
[06-22 14:15:54 950 ERROR] [main] contract.log.SystemPrintStream - 	at org.spat.scf.server.deploy.bytecode.CreateManager.careteProxy(CreateManager.java:24)
[06-22 14:15:54 950 ERROR] [main] contract.log.SystemPrintStream - 	at org.spat.scf.server.deploy.hotdeploy.ProxyFactoryLoader.loadProxyFactory(ProxyFactoryLoader.java:25)
[06-22 14:15:54 951 ERROR] [main] contract.log.SystemPrintStream - 	at org.spat.scf.server.bootstrap.Main.main(Main.java:149)
[06-22 14:15:54 951 ERROR] [main] contract.log.SystemPrintStream - 	at org.spat.scf.maven.RunMojo.execute(RunMojo.java:49)
[06-22 14:15:54 951 ERROR] [main] contract.log.SystemPrintStream - 	at org.apache.maven.plugin.DefaultBuildPluginManager.executeMojo(DefaultBuildPluginManager.java:101)
[06-22 14:15:54 952 ERROR] [main] contract.log.SystemPrintStream - 	at org.apache.maven.lifecycle.internal.MojoExecutor.execute(MojoExecutor.java:209)
[06-22 14:15:54 952 ERROR] [main] contract.log.SystemPrintStream - 	at org.apache.maven.lifecycle.internal.MojoExecutor.execute(MojoExecutor.java:153)
[06-22 14:15:54 952 ERROR] [main] contract.log.SystemPrintStream - 	at org.apache.maven.lifecycle.internal.MojoExecutor.execute(MojoExecutor.java:145)
[06-22 14:15:54 952 ERROR] [main] contract.log.SystemPrintStream - 	at org.apache.maven.lifecycle.internal.LifecycleModuleBuilder.buildProject(LifecycleModuleBuilder.java:84)
[06-22 14:15:54 953 ERROR] [main] contract.log.SystemPrintStream - 	at org.apache.maven.lifecycle.internal.LifecycleModuleBuilder.buildProject(LifecycleModuleBuilder.java:59)
[06-22 14:15:54 954 ERROR] [main] contract.log.SystemPrintStream - 	at org.apache.maven.lifecycle.internal.LifecycleStarter.singleThreadedBuild(LifecycleStarter.java:183)
[06-22 14:15:54 954 ERROR] [main] contract.log.SystemPrintStream - 	at org.apache.maven.lifecycle.internal.LifecycleStarter.execute(LifecycleStarter.java:161)
[06-22 14:15:54 954 ERROR] [main] contract.log.SystemPrintStream - 	at org.apache.maven.DefaultMaven.doExecute(DefaultMaven.java:319)
[06-22 14:15:54 955 ERROR] [main] contract.log.SystemPrintStream - 	at org.apache.maven.DefaultMaven.execute(DefaultMaven.java:156)
[06-22 14:15:54 955 ERROR] [main] contract.log.SystemPrintStream - 	at org.apache.maven.cli.MavenCli.execute(MavenCli.java:537)
[06-22 14:15:54 955 ERROR] [main] contract.log.SystemPrintStream - 	at org.apache.maven.cli.MavenCli.doMain(MavenCli.java:196)
[06-22 14:15:54 955 ERROR] [main] contract.log.SystemPrintStream - 	at org.apache.maven.cli.MavenCli.main(MavenCli.java:141)
[06-22 14:15:54 956 ERROR] [main] contract.log.SystemPrintStream - 	at sun.reflect.NativeMethodAccessorImpl.invoke0(Native Method)
[06-22 14:15:54 956 ERROR] [main] contract.log.SystemPrintStream - 	at sun.reflect.NativeMethodAccessorImpl.invoke(NativeMethodAccessorImpl.java:57)
[06-22 14:15:54 956 ERROR] [main] contract.log.SystemPrintStream - 	at sun.reflect.DelegatingMethodAccessorImpl.invoke(DelegatingMethodAccessorImpl.java:43)
[06-22 14:15:54 957 ERROR] [main] contract.log.SystemPrintStream - 	at java.lang.reflect.Method.invoke(Method.java:606)
[06-22 14:15:54 957 ERROR] [main] contract.log.SystemPrintStream - 	at org.codehaus.plexus.classworlds.launcher.Launcher.launchEnhanced(Launcher.java:290)
[06-22 14:15:54 957 ERROR] [main] contract.log.SystemPrintStream - 	at org.codehaus.plexus.classworlds.launcher.Launcher.launch(Launcher.java:230)
[06-22 14:15:54 958 ERROR] [main] contract.log.SystemPrintStream - 	at org.codehaus.plexus.classworlds.launcher.Launcher.mainWithExitCode(Launcher.java:409)
[06-22 14:15:54 958 ERROR] [main] contract.log.SystemPrintStream - 	at org.codehaus.plexus.classworlds.launcher.Launcher.main(Launcher.java:352)
[06-22 14:16:44 930 ERROR] [main] contract.log.SystemPrintStream - java.lang.ClassCastException: com.sun.proxy.$Proxy26 cannot be cast to org.spat.scf.protocol.annotation.ServiceContract
[06-22 14:16:44 931 ERROR] [main] contract.log.SystemPrintStream - 	at org.spat.scf.server.deploy.bytecode.ScanClass.scan(ScanClass.java:149)
[06-22 14:16:44 931 ERROR] [main] contract.log.SystemPrintStream - 	at org.spat.scf.server.deploy.bytecode.ScanClass.getContractInfo(ScanClass.java:61)
[06-22 14:16:44 932 ERROR] [main] contract.log.SystemPrintStream - 	at org.spat.scf.server.deploy.bytecode.CreateManager.careteProxy(CreateManager.java:24)
[06-22 14:16:44 932 ERROR] [main] contract.log.SystemPrintStream - 	at org.spat.scf.server.deploy.hotdeploy.ProxyFactoryLoader.loadProxyFactory(ProxyFactoryLoader.java:25)
[06-22 14:16:44 933 ERROR] [main] contract.log.SystemPrintStream - 	at org.spat.scf.server.bootstrap.Main.main(Main.java:149)
[06-22 14:16:44 933 ERROR] [main] contract.log.SystemPrintStream - 	at org.spat.scf.maven.RunMojo.execute(RunMojo.java:49)
[06-22 14:16:44 934 ERROR] [main] contract.log.SystemPrintStream - 	at org.apache.maven.plugin.DefaultBuildPluginManager.executeMojo(DefaultBuildPluginManager.java:101)
[06-22 14:16:44 934 ERROR] [main] contract.log.SystemPrintStream - 	at org.apache.maven.lifecycle.internal.MojoExecutor.execute(MojoExecutor.java:209)
[06-22 14:16:44 935 ERROR] [main] contract.log.SystemPrintStream - 	at org.apache.maven.lifecycle.internal.MojoExecutor.execute(MojoExecutor.java:153)
[06-22 14:16:44 936 ERROR] [main] contract.log.SystemPrintStream - 	at org.apache.maven.lifecycle.internal.MojoExecutor.execute(MojoExecutor.java:145)
[06-22 14:16:44 936 ERROR] [main] contract.log.SystemPrintStream - 	at org.apache.maven.lifecycle.internal.LifecycleModuleBuilder.buildProject(LifecycleModuleBuilder.java:84)
[06-22 14:16:44 937 ERROR] [main] contract.log.SystemPrintStream - 	at org.apache.maven.lifecycle.internal.LifecycleModuleBuilder.buildProject(LifecycleModuleBuilder.java:59)
[06-22 14:16:44 937 ERROR] [main] contract.log.SystemPrintStream - 	at org.apache.maven.lifecycle.internal.LifecycleStarter.singleThreadedBuild(LifecycleStarter.java:183)
[06-22 14:16:44 938 ERROR] [main] contract.log.SystemPrintStream - 	at org.apache.maven.lifecycle.internal.LifecycleStarter.execute(LifecycleStarter.java:161)
[06-22 14:16:44 938 ERROR] [main] contract.log.SystemPrintStream - 	at org.apache.maven.DefaultMaven.doExecute(DefaultMaven.java:319)
[06-22 14:16:44 939 ERROR] [main] contract.log.SystemPrintStream - 	at org.apache.maven.DefaultMaven.execute(DefaultMaven.java:156)
[06-22 14:16:44 939 ERROR] [main] contract.log.SystemPrintStream - 	at org.apache.maven.cli.MavenCli.execute(MavenCli.java:537)
[06-22 14:16:44 940 ERROR] [main] contract.log.SystemPrintStream - 	at org.apache.maven.cli.MavenCli.doMain(MavenCli.java:196)
[06-22 14:16:44 940 ERROR] [main] contract.log.SystemPrintStream - 	at org.apache.maven.cli.MavenCli.main(MavenCli.java:141)
[06-22 14:16:44 941 ERROR] [main] contract.log.SystemPrintStream - 	at sun.reflect.NativeMethodAccessorImpl.invoke0(Native Method)
[06-22 14:16:44 941 ERROR] [main] contract.log.SystemPrintStream - 	at sun.reflect.NativeMethodAccessorImpl.invoke(NativeMethodAccessorImpl.java:57)
[06-22 14:16:44 942 ERROR] [main] contract.log.SystemPrintStream - 	at sun.reflect.DelegatingMethodAccessorImpl.invoke(DelegatingMethodAccessorImpl.java:43)
[06-22 14:16:44 942 ERROR] [main] contract.log.SystemPrintStream - 	at java.lang.reflect.Method.invoke(Method.java:606)
[06-22 14:16:44 943 ERROR] [main] contract.log.SystemPrintStream - 	at org.codehaus.plexus.classworlds.launcher.Launcher.launchEnhanced(Launcher.java:290)
[06-22 14:16:44 943 ERROR] [main] contract.log.SystemPrintStream - 	at org.codehaus.plexus.classworlds.launcher.Launcher.launch(Launcher.java:230)
[06-22 14:16:44 945 ERROR] [main] contract.log.SystemPrintStream - 	at org.codehaus.plexus.classworlds.launcher.Launcher.mainWithExitCode(Launcher.java:409)
[06-22 14:16:44 946 ERROR] [main] contract.log.SystemPrintStream - 	at org.codehaus.plexus.classworlds.launcher.Launcher.main(Launcher.java:352)
[06-22 14:18:31 091 ERROR] [main] contract.log.SystemPrintStream - java.lang.ClassCastException: com.sun.proxy.$Proxy26 cannot be cast to org.spat.scf.protocol.annotation.ServiceContract
[06-22 14:18:31 092 ERROR] [main] contract.log.SystemPrintStream - 	at org.spat.scf.server.deploy.bytecode.ScanClass.scan(ScanClass.java:149)
[06-22 14:18:31 092 ERROR] [main] contract.log.SystemPrintStream - 	at org.spat.scf.server.deploy.bytecode.ScanClass.getContractInfo(ScanClass.java:61)
[06-22 14:18:31 093 ERROR] [main] contract.log.SystemPrintStream - 	at org.spat.scf.server.deploy.bytecode.CreateManager.careteProxy(CreateManager.java:24)
[06-22 14:18:31 094 ERROR] [main] contract.log.SystemPrintStream - 	at org.spat.scf.server.deploy.hotdeploy.ProxyFactoryLoader.loadProxyFactory(ProxyFactoryLoader.java:25)
[06-22 14:18:31 094 ERROR] [main] contract.log.SystemPrintStream - 	at org.spat.scf.server.bootstrap.Main.main(Main.java:149)
[06-22 14:18:31 095 ERROR] [main] contract.log.SystemPrintStream - 	at org.spat.scf.maven.RunMojo.execute(RunMojo.java:49)
[06-22 14:18:31 095 ERROR] [main] contract.log.SystemPrintStream - 	at org.apache.maven.plugin.DefaultBuildPluginManager.executeMojo(DefaultBuildPluginManager.java:101)
[06-22 14:18:31 095 ERROR] [main] contract.log.SystemPrintStream - 	at org.apache.maven.lifecycle.internal.MojoExecutor.execute(MojoExecutor.java:209)
[06-22 14:18:31 096 ERROR] [main] contract.log.SystemPrintStream - 	at org.apache.maven.lifecycle.internal.MojoExecutor.execute(MojoExecutor.java:153)
[06-22 14:18:31 096 ERROR] [main] contract.log.SystemPrintStream - 	at org.apache.maven.lifecycle.internal.MojoExecutor.execute(MojoExecutor.java:145)
[06-22 14:18:31 097 ERROR] [main] contract.log.SystemPrintStream - 	at org.apache.maven.lifecycle.internal.LifecycleModuleBuilder.buildProject(LifecycleModuleBuilder.java:84)
[06-22 14:18:31 097 ERROR] [main] contract.log.SystemPrintStream - 	at org.apache.maven.lifecycle.internal.LifecycleModuleBuilder.buildProject(LifecycleModuleBuilder.java:59)
[06-22 14:18:31 098 ERROR] [main] contract.log.SystemPrintStream - 	at org.apache.maven.lifecycle.internal.LifecycleStarter.singleThreadedBuild(LifecycleStarter.java:183)
[06-22 14:18:31 098 ERROR] [main] contract.log.SystemPrintStream - 	at org.apache.maven.lifecycle.internal.LifecycleStarter.execute(LifecycleStarter.java:161)
[06-22 14:18:31 098 ERROR] [main] contract.log.SystemPrintStream - 	at org.apache.maven.DefaultMaven.doExecute(DefaultMaven.java:319)
[06-22 14:18:31 099 ERROR] [main] contract.log.SystemPrintStream - 	at org.apache.maven.DefaultMaven.execute(DefaultMaven.java:156)
[06-22 14:18:31 099 ERROR] [main] contract.log.SystemPrintStream - 	at org.apache.maven.cli.MavenCli.execute(MavenCli.java:537)
[06-22 14:18:31 100 ERROR] [main] contract.log.SystemPrintStream - 	at org.apache.maven.cli.MavenCli.doMain(MavenCli.java:196)
[06-22 14:18:31 100 ERROR] [main] contract.log.SystemPrintStream - 	at org.apache.maven.cli.MavenCli.main(MavenCli.java:141)
[06-22 14:18:31 101 ERROR] [main] contract.log.SystemPrintStream - 	at sun.reflect.NativeMethodAccessorImpl.invoke0(Native Method)
[06-22 14:18:31 101 ERROR] [main] contract.log.SystemPrintStream - 	at sun.reflect.NativeMethodAccessorImpl.invoke(NativeMethodAccessorImpl.java:57)
[06-22 14:18:31 101 ERROR] [main] contract.log.SystemPrintStream - 	at sun.reflect.DelegatingMethodAccessorImpl.invoke(DelegatingMethodAccessorImpl.java:43)
[06-22 14:18:31 102 ERROR] [main] contract.log.SystemPrintStream - 	at java.lang.reflect.Method.invoke(Method.java:606)
[06-22 14:18:31 102 ERROR] [main] contract.log.SystemPrintStream - 	at org.codehaus.plexus.classworlds.launcher.Launcher.launchEnhanced(Launcher.java:290)
[06-22 14:18:31 103 ERROR] [main] contract.log.SystemPrintStream - 	at org.codehaus.plexus.classworlds.launcher.Launcher.launch(Launcher.java:230)
[06-22 14:18:31 103 ERROR] [main] contract.log.SystemPrintStream - 	at org.codehaus.plexus.classworlds.launcher.Launcher.mainWithExitCode(Launcher.java:409)
[06-22 14:18:31 104 ERROR] [main] contract.log.SystemPrintStream - 	at org.codehaus.plexus.classworlds.launcher.Launcher.main(Launcher.java:352)
[06-22 14:25:12 657 ERROR] [main] contract.log.SystemPrintStream - java.lang.ClassCastException: com.sun.proxy.$Proxy26 cannot be cast to org.spat.scf.protocol.annotation.ServiceContract
[06-22 14:25:12 658 ERROR] [main] contract.log.SystemPrintStream - 	at org.spat.scf.server.deploy.bytecode.ScanClass.scan(ScanClass.java:149)
[06-22 14:25:12 659 ERROR] [main] contract.log.SystemPrintStream - 	at org.spat.scf.server.deploy.bytecode.ScanClass.getContractInfo(ScanClass.java:61)
[06-22 14:25:12 660 ERROR] [main] contract.log.SystemPrintStream - 	at org.spat.scf.server.deploy.bytecode.CreateManager.careteProxy(CreateManager.java:24)
[06-22 14:25:12 660 ERROR] [main] contract.log.SystemPrintStream - 	at org.spat.scf.server.deploy.hotdeploy.ProxyFactoryLoader.loadProxyFactory(ProxyFactoryLoader.java:25)
[06-22 14:25:12 661 ERROR] [main] contract.log.SystemPrintStream - 	at org.spat.scf.server.bootstrap.Main.main(Main.java:149)
[06-22 14:25:12 661 ERROR] [main] contract.log.SystemPrintStream - 	at org.spat.scf.maven.RunMojo.execute(RunMojo.java:49)
[06-22 14:25:12 662 ERROR] [main] contract.log.SystemPrintStream - 	at org.apache.maven.plugin.DefaultBuildPluginManager.executeMojo(DefaultBuildPluginManager.java:101)
[06-22 14:25:12 662 ERROR] [main] contract.log.SystemPrintStream - 	at org.apache.maven.lifecycle.internal.MojoExecutor.execute(MojoExecutor.java:209)
[06-22 14:25:12 663 ERROR] [main] contract.log.SystemPrintStream - 	at org.apache.maven.lifecycle.internal.MojoExecutor.execute(MojoExecutor.java:153)
[06-22 14:25:12 663 ERROR] [main] contract.log.SystemPrintStream - 	at org.apache.maven.lifecycle.internal.MojoExecutor.execute(MojoExecutor.java:145)
[06-22 14:25:12 664 ERROR] [main] contract.log.SystemPrintStream - 	at org.apache.maven.lifecycle.internal.LifecycleModuleBuilder.buildProject(LifecycleModuleBuilder.java:84)
[06-22 14:25:12 664 ERROR] [main] contract.log.SystemPrintStream - 	at org.apache.maven.lifecycle.internal.LifecycleModuleBuilder.buildProject(LifecycleModuleBuilder.java:59)
[06-22 14:25:12 665 ERROR] [main] contract.log.SystemPrintStream - 	at org.apache.maven.lifecycle.internal.LifecycleStarter.singleThreadedBuild(LifecycleStarter.java:183)
[06-22 14:25:12 665 ERROR] [main] contract.log.SystemPrintStream - 	at org.apache.maven.lifecycle.internal.LifecycleStarter.execute(LifecycleStarter.java:161)
[06-22 14:25:12 666 ERROR] [main] contract.log.SystemPrintStream - 	at org.apache.maven.DefaultMaven.doExecute(DefaultMaven.java:319)
[06-22 14:25:12 666 ERROR] [main] contract.log.SystemPrintStream - 	at org.apache.maven.DefaultMaven.execute(DefaultMaven.java:156)
[06-22 14:25:12 666 ERROR] [main] contract.log.SystemPrintStream - 	at org.apache.maven.cli.MavenCli.execute(MavenCli.java:537)
[06-22 14:25:12 667 ERROR] [main] contract.log.SystemPrintStream - 	at org.apache.maven.cli.MavenCli.doMain(MavenCli.java:196)
[06-22 14:25:12 667 ERROR] [main] contract.log.SystemPrintStream - 	at org.apache.maven.cli.MavenCli.main(MavenCli.java:141)
[06-22 14:25:12 668 ERROR] [main] contract.log.SystemPrintStream - 	at sun.reflect.NativeMethodAccessorImpl.invoke0(Native Method)
[06-22 14:25:12 668 ERROR] [main] contract.log.SystemPrintStream - 	at sun.reflect.NativeMethodAccessorImpl.invoke(NativeMethodAccessorImpl.java:57)
[06-22 14:25:12 669 ERROR] [main] contract.log.SystemPrintStream - 	at sun.reflect.DelegatingMethodAccessorImpl.invoke(DelegatingMethodAccessorImpl.java:43)
[06-22 14:25:12 669 ERROR] [main] contract.log.SystemPrintStream - 	at java.lang.reflect.Method.invoke(Method.java:606)
[06-22 14:25:12 670 ERROR] [main] contract.log.SystemPrintStream - 	at org.codehaus.plexus.classworlds.launcher.Launcher.launchEnhanced(Launcher.java:290)
[06-22 14:25:12 670 ERROR] [main] contract.log.SystemPrintStream - 	at org.codehaus.plexus.classworlds.launcher.Launcher.launch(Launcher.java:230)
[06-22 14:25:12 671 ERROR] [main] contract.log.SystemPrintStream - 	at org.codehaus.plexus.classworlds.launcher.Launcher.mainWithExitCode(Launcher.java:409)
[06-22 14:25:12 671 ERROR] [main] contract.log.SystemPrintStream - 	at org.codehaus.plexus.classworlds.launcher.Launcher.main(Launcher.java:352)
[06-22 14:27:00 528 ERROR] [main] contract.log.SystemPrintStream - java.lang.ClassCastException: com.sun.proxy.$Proxy26 cannot be cast to org.spat.scf.protocol.annotation.ServiceContract
[06-22 14:27:00 529 ERROR] [main] contract.log.SystemPrintStream - 	at org.spat.scf.server.deploy.bytecode.ScanClass.scan(ScanClass.java:149)
[06-22 14:27:00 530 ERROR] [main] contract.log.SystemPrintStream - 	at org.spat.scf.server.deploy.bytecode.ScanClass.getContractInfo(ScanClass.java:61)
[06-22 14:27:00 530 ERROR] [main] contract.log.SystemPrintStream - 	at org.spat.scf.server.deploy.bytecode.CreateManager.careteProxy(CreateManager.java:24)
[06-22 14:27:00 531 ERROR] [main] contract.log.SystemPrintStream - 	at org.spat.scf.server.deploy.hotdeploy.ProxyFactoryLoader.loadProxyFactory(ProxyFactoryLoader.java:25)
[06-22 14:27:00 532 ERROR] [main] contract.log.SystemPrintStream - 	at org.spat.scf.server.bootstrap.Main.main(Main.java:149)
[06-22 14:27:00 532 ERROR] [main] contract.log.SystemPrintStream - 	at org.spat.scf.maven.RunMojo.execute(RunMojo.java:51)
[06-22 14:27:00 533 ERROR] [main] contract.log.SystemPrintStream - 	at org.apache.maven.plugin.DefaultBuildPluginManager.executeMojo(DefaultBuildPluginManager.java:101)
[06-22 14:27:00 533 ERROR] [main] contract.log.SystemPrintStream - 	at org.apache.maven.lifecycle.internal.MojoExecutor.execute(MojoExecutor.java:209)
[06-22 14:27:00 534 ERROR] [main] contract.log.SystemPrintStream - 	at org.apache.maven.lifecycle.internal.MojoExecutor.execute(MojoExecutor.java:153)
[06-22 14:27:00 534 ERROR] [main] contract.log.SystemPrintStream - 	at org.apache.maven.lifecycle.internal.MojoExecutor.execute(MojoExecutor.java:145)
[06-22 14:27:00 535 ERROR] [main] contract.log.SystemPrintStream - 	at org.apache.maven.lifecycle.internal.LifecycleModuleBuilder.buildProject(LifecycleModuleBuilder.java:84)
[06-22 14:27:00 535 ERROR] [main] contract.log.SystemPrintStream - 	at org.apache.maven.lifecycle.internal.LifecycleModuleBuilder.buildProject(LifecycleModuleBuilder.java:59)
[06-22 14:27:00 536 ERROR] [main] contract.log.SystemPrintStream - 	at org.apache.maven.lifecycle.internal.LifecycleStarter.singleThreadedBuild(LifecycleStarter.java:183)
[06-22 14:27:00 536 ERROR] [main] contract.log.SystemPrintStream - 	at org.apache.maven.lifecycle.internal.LifecycleStarter.execute(LifecycleStarter.java:161)
[06-22 14:27:00 536 ERROR] [main] contract.log.SystemPrintStream - 	at org.apache.maven.DefaultMaven.doExecute(DefaultMaven.java:319)
[06-22 14:27:00 537 ERROR] [main] contract.log.SystemPrintStream - 	at org.apache.maven.DefaultMaven.execute(DefaultMaven.java:156)
[06-22 14:27:00 537 ERROR] [main] contract.log.SystemPrintStream - 	at org.apache.maven.cli.MavenCli.execute(MavenCli.java:537)
[06-22 14:27:00 537 ERROR] [main] contract.log.SystemPrintStream - 	at org.apache.maven.cli.MavenCli.doMain(MavenCli.java:196)
[06-22 14:27:00 538 ERROR] [main] contract.log.SystemPrintStream - 	at org.apache.maven.cli.MavenCli.main(MavenCli.java:141)
[06-22 14:27:00 538 ERROR] [main] contract.log.SystemPrintStream - 	at sun.reflect.NativeMethodAccessorImpl.invoke0(Native Method)
[06-22 14:27:00 538 ERROR] [main] contract.log.SystemPrintStream - 	at sun.reflect.NativeMethodAccessorImpl.invoke(NativeMethodAccessorImpl.java:57)
[06-22 14:27:00 538 ERROR] [main] contract.log.SystemPrintStream - 	at sun.reflect.DelegatingMethodAccessorImpl.invoke(DelegatingMethodAccessorImpl.java:43)
[06-22 14:27:00 539 ERROR] [main] contract.log.SystemPrintStream - 	at java.lang.reflect.Method.invoke(Method.java:606)
[06-22 14:27:00 539 ERROR] [main] contract.log.SystemPrintStream - 	at org.codehaus.plexus.classworlds.launcher.Launcher.launchEnhanced(Launcher.java:290)
[06-22 14:27:00 539 ERROR] [main] contract.log.SystemPrintStream - 	at org.codehaus.plexus.classworlds.launcher.Launcher.launch(Launcher.java:230)
[06-22 14:27:00 540 ERROR] [main] contract.log.SystemPrintStream - 	at org.codehaus.plexus.classworlds.launcher.Launcher.mainWithExitCode(Launcher.java:409)
[06-22 14:27:00 540 ERROR] [main] contract.log.SystemPrintStream - 	at org.codehaus.plexus.classworlds.launcher.Launcher.main(Launcher.java:352)
[06-22 15:06:34 526 ERROR] [main] contract.log.SystemPrintStream - java.lang.ClassCastException: com.sun.proxy.$Proxy26 cannot be cast to org.spat.scf.protocol.annotation.ServiceContract
[06-22 15:06:34 527 ERROR] [main] contract.log.SystemPrintStream - 	at org.spat.scf.server.deploy.bytecode.ScanClass.scan(ScanClass.java:149)
[06-22 15:06:34 528 ERROR] [main] contract.log.SystemPrintStream - 	at org.spat.scf.server.deploy.bytecode.ScanClass.getContractInfo(ScanClass.java:61)
[06-22 15:06:34 528 ERROR] [main] contract.log.SystemPrintStream - 	at org.spat.scf.server.deploy.bytecode.CreateManager.careteProxy(CreateManager.java:24)
[06-22 15:06:34 528 ERROR] [main] contract.log.SystemPrintStream - 	at org.spat.scf.server.deploy.hotdeploy.ProxyFactoryLoader.loadProxyFactory(ProxyFactoryLoader.java:25)
[06-22 15:06:34 529 ERROR] [main] contract.log.SystemPrintStream - 	at org.spat.scf.server.bootstrap.Main.main(Main.java:149)
[06-22 15:06:34 529 ERROR] [main] contract.log.SystemPrintStream - 	at org.spat.scf.maven.RunMojo.execute(RunMojo.java:60)
[06-22 15:06:34 529 ERROR] [main] contract.log.SystemPrintStream - 	at org.apache.maven.plugin.DefaultBuildPluginManager.executeMojo(DefaultBuildPluginManager.java:101)
[06-22 15:06:34 529 ERROR] [main] contract.log.SystemPrintStream - 	at org.apache.maven.lifecycle.internal.MojoExecutor.execute(MojoExecutor.java:209)
[06-22 15:06:34 530 ERROR] [main] contract.log.SystemPrintStream - 	at org.apache.maven.lifecycle.internal.MojoExecutor.execute(MojoExecutor.java:153)
[06-22 15:06:34 530 ERROR] [main] contract.log.SystemPrintStream - 	at org.apache.maven.lifecycle.internal.MojoExecutor.execute(MojoExecutor.java:145)
[06-22 15:06:34 530 ERROR] [main] contract.log.SystemPrintStream - 	at org.apache.maven.lifecycle.internal.LifecycleModuleBuilder.buildProject(LifecycleModuleBuilder.java:84)
[06-22 15:06:34 530 ERROR] [main] contract.log.SystemPrintStream - 	at org.apache.maven.lifecycle.internal.LifecycleModuleBuilder.buildProject(LifecycleModuleBuilder.java:59)
[06-22 15:06:34 531 ERROR] [main] contract.log.SystemPrintStream - 	at org.apache.maven.lifecycle.internal.LifecycleStarter.singleThreadedBuild(LifecycleStarter.java:183)
[06-22 15:06:34 531 ERROR] [main] contract.log.SystemPrintStream - 	at org.apache.maven.lifecycle.internal.LifecycleStarter.execute(LifecycleStarter.java:161)
[06-22 15:06:34 531 ERROR] [main] contract.log.SystemPrintStream - 	at org.apache.maven.DefaultMaven.doExecute(DefaultMaven.java:319)
[06-22 15:06:34 532 ERROR] [main] contract.log.SystemPrintStream - 	at org.apache.maven.DefaultMaven.execute(DefaultMaven.java:156)
[06-22 15:06:34 532 ERROR] [main] contract.log.SystemPrintStream - 	at org.apache.maven.cli.MavenCli.execute(MavenCli.java:537)
[06-22 15:06:34 532 ERROR] [main] contract.log.SystemPrintStream - 	at org.apache.maven.cli.MavenCli.doMain(MavenCli.java:196)
[06-22 15:06:34 532 ERROR] [main] contract.log.SystemPrintStream - 	at org.apache.maven.cli.MavenCli.main(MavenCli.java:141)
[06-22 15:06:34 533 ERROR] [main] contract.log.SystemPrintStream - 	at sun.reflect.NativeMethodAccessorImpl.invoke0(Native Method)
[06-22 15:06:34 533 ERROR] [main] contract.log.SystemPrintStream - 	at sun.reflect.NativeMethodAccessorImpl.invoke(NativeMethodAccessorImpl.java:57)
[06-22 15:06:34 533 ERROR] [main] contract.log.SystemPrintStream - 	at sun.reflect.DelegatingMethodAccessorImpl.invoke(DelegatingMethodAccessorImpl.java:43)
[06-22 15:06:34 533 ERROR] [main] contract.log.SystemPrintStream - 	at java.lang.reflect.Method.invoke(Method.java:606)
[06-22 15:06:34 534 ERROR] [main] contract.log.SystemPrintStream - 	at org.codehaus.plexus.classworlds.launcher.Launcher.launchEnhanced(Launcher.java:290)
[06-22 15:06:34 534 ERROR] [main] contract.log.SystemPrintStream - 	at org.codehaus.plexus.classworlds.launcher.Launcher.launch(Launcher.java:230)
[06-22 15:06:34 534 ERROR] [main] contract.log.SystemPrintStream - 	at org.codehaus.plexus.classworlds.launcher.Launcher.mainWithExitCode(Launcher.java:409)
[06-22 15:06:34 534 ERROR] [main] contract.log.SystemPrintStream - 	at org.codehaus.plexus.classworlds.launcher.Launcher.main(Launcher.java:352)
[06-22 15:11:03 532 ERROR] [main] contract.log.SystemPrintStream - java.lang.ClassCastException: com.sun.proxy.$Proxy26 cannot be cast to org.spat.scf.protocol.annotation.ServiceContract
[06-22 15:11:03 533 ERROR] [main] contract.log.SystemPrintStream - 	at org.spat.scf.server.deploy.bytecode.ScanClass.scan(ScanClass.java:149)
[06-22 15:11:03 533 ERROR] [main] contract.log.SystemPrintStream - 	at org.spat.scf.server.deploy.bytecode.ScanClass.getContractInfo(ScanClass.java:61)
[06-22 15:11:03 534 ERROR] [main] contract.log.SystemPrintStream - 	at org.spat.scf.server.deploy.bytecode.CreateManager.careteProxy(CreateManager.java:24)
[06-22 15:11:03 534 ERROR] [main] contract.log.SystemPrintStream - 	at org.spat.scf.server.deploy.hotdeploy.ProxyFactoryLoader.loadProxyFactory(ProxyFactoryLoader.java:25)
[06-22 15:11:03 534 ERROR] [main] contract.log.SystemPrintStream - 	at org.spat.scf.server.bootstrap.Main.main(Main.java:149)
[06-22 15:11:03 535 ERROR] [main] contract.log.SystemPrintStream - 	at org.spat.scf.maven.RunMojo.execute(RunMojo.java:62)
[06-22 15:11:03 535 ERROR] [main] contract.log.SystemPrintStream - 	at org.apache.maven.plugin.DefaultBuildPluginManager.executeMojo(DefaultBuildPluginManager.java:101)
[06-22 15:11:03 535 ERROR] [main] contract.log.SystemPrintStream - 	at org.apache.maven.lifecycle.internal.MojoExecutor.execute(MojoExecutor.java:209)
[06-22 15:11:03 535 ERROR] [main] contract.log.SystemPrintStream - 	at org.apache.maven.lifecycle.internal.MojoExecutor.execute(MojoExecutor.java:153)
[06-22 15:11:03 536 ERROR] [main] contract.log.SystemPrintStream - 	at org.apache.maven.lifecycle.internal.MojoExecutor.execute(MojoExecutor.java:145)
[06-22 15:11:03 536 ERROR] [main] contract.log.SystemPrintStream - 	at org.apache.maven.lifecycle.internal.LifecycleModuleBuilder.buildProject(LifecycleModuleBuilder.java:84)
[06-22 15:11:03 537 ERROR] [main] contract.log.SystemPrintStream - 	at org.apache.maven.lifecycle.internal.LifecycleModuleBuilder.buildProject(LifecycleModuleBuilder.java:59)
[06-22 15:11:03 537 ERROR] [main] contract.log.SystemPrintStream - 	at org.apache.maven.lifecycle.internal.LifecycleStarter.singleThreadedBuild(LifecycleStarter.java:183)
[06-22 15:11:03 538 ERROR] [main] contract.log.SystemPrintStream - 	at org.apache.maven.lifecycle.internal.LifecycleStarter.execute(LifecycleStarter.java:161)
[06-22 15:11:03 538 ERROR] [main] contract.log.SystemPrintStream - 	at org.apache.maven.DefaultMaven.doExecute(DefaultMaven.java:319)
[06-22 15:11:03 538 ERROR] [main] contract.log.SystemPrintStream - 	at org.apache.maven.DefaultMaven.execute(DefaultMaven.java:156)
[06-22 15:11:03 539 ERROR] [main] contract.log.SystemPrintStream - 	at org.apache.maven.cli.MavenCli.execute(MavenCli.java:537)
[06-22 15:11:03 539 ERROR] [main] contract.log.SystemPrintStream - 	at org.apache.maven.cli.MavenCli.doMain(MavenCli.java:196)
[06-22 15:11:03 539 ERROR] [main] contract.log.SystemPrintStream - 	at org.apache.maven.cli.MavenCli.main(MavenCli.java:141)
[06-22 15:11:03 539 ERROR] [main] contract.log.SystemPrintStream - 	at sun.reflect.NativeMethodAccessorImpl.invoke0(Native Method)
[06-22 15:11:03 540 ERROR] [main] contract.log.SystemPrintStream - 	at sun.reflect.NativeMethodAccessorImpl.invoke(NativeMethodAccessorImpl.java:57)
[06-22 15:11:03 540 ERROR] [main] contract.log.SystemPrintStream - 	at sun.reflect.DelegatingMethodAccessorImpl.invoke(DelegatingMethodAccessorImpl.java:43)
[06-22 15:11:03 540 ERROR] [main] contract.log.SystemPrintStream - 	at java.lang.reflect.Method.invoke(Method.java:606)
[06-22 15:11:03 541 ERROR] [main] contract.log.SystemPrintStream - 	at org.codehaus.plexus.classworlds.launcher.Launcher.launchEnhanced(Launcher.java:290)
[06-22 15:11:03 541 ERROR] [main] contract.log.SystemPrintStream - 	at org.codehaus.plexus.classworlds.launcher.Launcher.launch(Launcher.java:230)
[06-22 15:11:03 541 ERROR] [main] contract.log.SystemPrintStream - 	at org.codehaus.plexus.classworlds.launcher.Launcher.mainWithExitCode(Launcher.java:409)
[06-22 15:11:03 541 ERROR] [main] contract.log.SystemPrintStream - 	at org.codehaus.plexus.classworlds.launcher.Launcher.main(Launcher.java:352)
[06-22 21:33:22 532 ERROR] [main] contract.log.SystemPrintStream - java.lang.ClassCastException: com.sun.proxy.$Proxy26 cannot be cast to org.spat.scf.protocol.annotation.ServiceContract
[06-22 21:33:22 533 ERROR] [main] contract.log.SystemPrintStream - 	at org.spat.scf.server.deploy.bytecode.ScanClass.scan(ScanClass.java:149)
[06-22 21:33:22 534 ERROR] [main] contract.log.SystemPrintStream - 	at org.spat.scf.server.deploy.bytecode.ScanClass.getContractInfo(ScanClass.java:61)
[06-22 21:33:22 535 ERROR] [main] contract.log.SystemPrintStream - 	at org.spat.scf.server.deploy.bytecode.CreateManager.careteProxy(CreateManager.java:24)
[06-22 21:33:22 535 ERROR] [main] contract.log.SystemPrintStream - 	at org.spat.scf.server.deploy.hotdeploy.ProxyFactoryLoader.loadProxyFactory(ProxyFactoryLoader.java:25)
[06-22 21:33:22 536 ERROR] [main] contract.log.SystemPrintStream - 	at org.spat.scf.server.bootstrap.Main.main(Main.java:149)
[06-22 21:33:22 536 ERROR] [main] contract.log.SystemPrintStream - 	at org.spat.scf.maven.RunMojo.execute(RunMojo.java:77)
[06-22 21:33:22 536 ERROR] [main] contract.log.SystemPrintStream - 	at org.apache.maven.plugin.DefaultBuildPluginManager.executeMojo(DefaultBuildPluginManager.java:101)
[06-22 21:33:22 537 ERROR] [main] contract.log.SystemPrintStream - 	at org.apache.maven.lifecycle.internal.MojoExecutor.execute(MojoExecutor.java:209)
[06-22 21:33:22 537 ERROR] [main] contract.log.SystemPrintStream - 	at org.apache.maven.lifecycle.internal.MojoExecutor.execute(MojoExecutor.java:153)
[06-22 21:33:22 538 ERROR] [main] contract.log.SystemPrintStream - 	at org.apache.maven.lifecycle.internal.MojoExecutor.execute(MojoExecutor.java:145)
[06-22 21:33:22 539 ERROR] [main] contract.log.SystemPrintStream - 	at org.apache.maven.lifecycle.internal.LifecycleModuleBuilder.buildProject(LifecycleModuleBuilder.java:84)
[06-22 21:33:22 539 ERROR] [main] contract.log.SystemPrintStream - 	at org.apache.maven.lifecycle.internal.LifecycleModuleBuilder.buildProject(LifecycleModuleBuilder.java:59)
[06-22 21:33:22 540 ERROR] [main] contract.log.SystemPrintStream - 	at org.apache.maven.lifecycle.internal.LifecycleStarter.singleThreadedBuild(LifecycleStarter.java:183)
[06-22 21:33:22 540 ERROR] [main] contract.log.SystemPrintStream - 	at org.apache.maven.lifecycle.internal.LifecycleStarter.execute(LifecycleStarter.java:161)
[06-22 21:33:22 541 ERROR] [main] contract.log.SystemPrintStream - 	at org.apache.maven.DefaultMaven.doExecute(DefaultMaven.java:319)
[06-22 21:33:22 541 ERROR] [main] contract.log.SystemPrintStream - 	at org.apache.maven.DefaultMaven.execute(DefaultMaven.java:156)
[06-22 21:33:22 542 ERROR] [main] contract.log.SystemPrintStream - 	at org.apache.maven.cli.MavenCli.execute(MavenCli.java:537)
[06-22 21:33:22 542 ERROR] [main] contract.log.SystemPrintStream - 	at org.apache.maven.cli.MavenCli.doMain(MavenCli.java:196)
[06-22 21:33:22 543 ERROR] [main] contract.log.SystemPrintStream - 	at org.apache.maven.cli.MavenCli.main(MavenCli.java:141)
[06-22 21:33:22 544 ERROR] [main] contract.log.SystemPrintStream - 	at sun.reflect.NativeMethodAccessorImpl.invoke0(Native Method)
[06-22 21:33:22 545 ERROR] [main] contract.log.SystemPrintStream - 	at sun.reflect.NativeMethodAccessorImpl.invoke(NativeMethodAccessorImpl.java:57)
[06-22 21:33:22 545 ERROR] [main] contract.log.SystemPrintStream - 	at sun.reflect.DelegatingMethodAccessorImpl.invoke(DelegatingMethodAccessorImpl.java:43)
[06-22 21:33:22 546 ERROR] [main] contract.log.SystemPrintStream - 	at java.lang.reflect.Method.invoke(Method.java:606)
[06-22 21:33:22 547 ERROR] [main] contract.log.SystemPrintStream - 	at org.codehaus.plexus.classworlds.launcher.Launcher.launchEnhanced(Launcher.java:290)
[06-22 21:33:22 547 ERROR] [main] contract.log.SystemPrintStream - 	at org.codehaus.plexus.classworlds.launcher.Launcher.launch(Launcher.java:230)
[06-22 21:33:22 548 ERROR] [main] contract.log.SystemPrintStream - 	at org.codehaus.plexus.classworlds.launcher.Launcher.mainWithExitCode(Launcher.java:409)
[06-22 21:33:22 549 ERROR] [main] contract.log.SystemPrintStream - 	at org.codehaus.plexus.classworlds.launcher.Launcher.main(Launcher.java:352)
[06-22 21:35:06 633 ERROR] [main] contract.log.SystemPrintStream - java.lang.ClassCastException: com.sun.proxy.$Proxy26 cannot be cast to org.spat.scf.protocol.annotation.ServiceContract
[06-22 21:35:06 634 ERROR] [main] contract.log.SystemPrintStream - 	at org.spat.scf.server.deploy.bytecode.ScanClass.scan(ScanClass.java:149)
[06-22 21:35:06 634 ERROR] [main] contract.log.SystemPrintStream - 	at org.spat.scf.server.deploy.bytecode.ScanClass.getContractInfo(ScanClass.java:61)
[06-22 21:35:06 635 ERROR] [main] contract.log.SystemPrintStream - 	at org.spat.scf.server.deploy.bytecode.CreateManager.careteProxy(CreateManager.java:24)
[06-22 21:35:06 635 ERROR] [main] contract.log.SystemPrintStream - 	at org.spat.scf.server.deploy.hotdeploy.ProxyFactoryLoader.loadProxyFactory(ProxyFactoryLoader.java:25)
[06-22 21:35:06 636 ERROR] [main] contract.log.SystemPrintStream - 	at org.spat.scf.server.bootstrap.Main.main(Main.java:149)
[06-22 21:35:06 636 ERROR] [main] contract.log.SystemPrintStream - 	at org.spat.scf.maven.RunMojo.execute(RunMojo.java:77)
[06-22 21:35:06 636 ERROR] [main] contract.log.SystemPrintStream - 	at org.apache.maven.plugin.DefaultBuildPluginManager.executeMojo(DefaultBuildPluginManager.java:101)
[06-22 21:35:06 637 ERROR] [main] contract.log.SystemPrintStream - 	at org.apache.maven.lifecycle.internal.MojoExecutor.execute(MojoExecutor.java:209)
[06-22 21:35:06 637 ERROR] [main] contract.log.SystemPrintStream - 	at org.apache.maven.lifecycle.internal.MojoExecutor.execute(MojoExecutor.java:153)
[06-22 21:35:06 638 ERROR] [main] contract.log.SystemPrintStream - 	at org.apache.maven.lifecycle.internal.MojoExecutor.execute(MojoExecutor.java:145)
[06-22 21:35:06 638 ERROR] [main] contract.log.SystemPrintStream - 	at org.apache.maven.lifecycle.internal.LifecycleModuleBuilder.buildProject(LifecycleModuleBuilder.java:84)
[06-22 21:35:06 639 ERROR] [main] contract.log.SystemPrintStream - 	at org.apache.maven.lifecycle.internal.LifecycleModuleBuilder.buildProject(LifecycleModuleBuilder.java:59)
[06-22 21:35:06 639 ERROR] [main] contract.log.SystemPrintStream - 	at org.apache.maven.lifecycle.internal.LifecycleStarter.singleThreadedBuild(LifecycleStarter.java:183)
[06-22 21:35:06 640 ERROR] [main] contract.log.SystemPrintStream - 	at org.apache.maven.lifecycle.internal.LifecycleStarter.execute(LifecycleStarter.java:161)
[06-22 21:35:06 640 ERROR] [main] contract.log.SystemPrintStream - 	at org.apache.maven.DefaultMaven.doExecute(DefaultMaven.java:319)
[06-22 21:35:06 641 ERROR] [main] contract.log.SystemPrintStream - 	at org.apache.maven.DefaultMaven.execute(DefaultMaven.java:156)
[06-22 21:35:06 641 ERROR] [main] contract.log.SystemPrintStream - 	at org.apache.maven.cli.MavenCli.execute(MavenCli.java:537)
[06-22 21:35:06 642 ERROR] [main] contract.log.SystemPrintStream - 	at org.apache.maven.cli.MavenCli.doMain(MavenCli.java:196)
[06-22 21:35:06 642 ERROR] [main] contract.log.SystemPrintStream - 	at org.apache.maven.cli.MavenCli.main(MavenCli.java:141)
[06-22 21:35:06 643 ERROR] [main] contract.log.SystemPrintStream - 	at sun.reflect.NativeMethodAccessorImpl.invoke0(Native Method)
[06-22 21:35:06 643 ERROR] [main] contract.log.SystemPrintStream - 	at sun.reflect.NativeMethodAccessorImpl.invoke(NativeMethodAccessorImpl.java:57)
[06-22 21:35:06 643 ERROR] [main] contract.log.SystemPrintStream - 	at sun.reflect.DelegatingMethodAccessorImpl.invoke(DelegatingMethodAccessorImpl.java:43)
[06-22 21:35:06 644 ERROR] [main] contract.log.SystemPrintStream - 	at java.lang.reflect.Method.invoke(Method.java:606)
[06-22 21:35:06 644 ERROR] [main] contract.log.SystemPrintStream - 	at org.codehaus.plexus.classworlds.launcher.Launcher.launchEnhanced(Launcher.java:290)
[06-22 21:35:06 645 ERROR] [main] contract.log.SystemPrintStream - 	at org.codehaus.plexus.classworlds.launcher.Launcher.launch(Launcher.java:230)
[06-22 21:35:06 645 ERROR] [main] contract.log.SystemPrintStream - 	at org.codehaus.plexus.classworlds.launcher.Launcher.mainWithExitCode(Launcher.java:409)
[06-22 21:35:06 645 ERROR] [main] contract.log.SystemPrintStream - 	at org.codehaus.plexus.classworlds.launcher.Launcher.main(Launcher.java:352)
[06-22 21:44:59 881 ERROR] [main] contract.log.SystemPrintStream - java.lang.ClassCastException: ProxyFactory1466602908151 cannot be cast to org.spat.scf.server.contract.context.IProxyFactory
[06-22 21:44:59 882 ERROR] [main] contract.log.SystemPrintStream - 	at org.spat.scf.server.deploy.bytecode.CreateManager.careteProxy(CreateManager.java:40)
[06-22 21:44:59 883 ERROR] [main] contract.log.SystemPrintStream - 	at org.spat.scf.server.deploy.hotdeploy.ProxyFactoryLoader.loadProxyFactory(ProxyFactoryLoader.java:25)
[06-22 21:44:59 884 ERROR] [main] contract.log.SystemPrintStream - 	at org.spat.scf.server.bootstrap.Main.main(Main.java:149)
[06-22 21:44:59 884 ERROR] [main] contract.log.SystemPrintStream - 	at org.spat.scf.maven.RunMojo.execute(RunMojo.java:77)
[06-22 21:44:59 884 ERROR] [main] contract.log.SystemPrintStream - 	at org.apache.maven.plugin.DefaultBuildPluginManager.executeMojo(DefaultBuildPluginManager.java:101)
[06-22 21:44:59 885 ERROR] [main] contract.log.SystemPrintStream - 	at org.apache.maven.lifecycle.internal.MojoExecutor.execute(MojoExecutor.java:209)
[06-22 21:44:59 885 ERROR] [main] contract.log.SystemPrintStream - 	at org.apache.maven.lifecycle.internal.MojoExecutor.execute(MojoExecutor.java:153)
[06-22 21:44:59 885 ERROR] [main] contract.log.SystemPrintStream - 	at org.apache.maven.lifecycle.internal.MojoExecutor.execute(MojoExecutor.java:145)
[06-22 21:44:59 885 ERROR] [main] contract.log.SystemPrintStream - 	at org.apache.maven.lifecycle.internal.LifecycleModuleBuilder.buildProject(LifecycleModuleBuilder.java:84)
[06-22 21:44:59 886 ERROR] [main] contract.log.SystemPrintStream - 	at org.apache.maven.lifecycle.internal.LifecycleModuleBuilder.buildProject(LifecycleModuleBuilder.java:59)
[06-22 21:44:59 886 ERROR] [main] contract.log.SystemPrintStream - 	at org.apache.maven.lifecycle.internal.LifecycleStarter.singleThreadedBuild(LifecycleStarter.java:183)
[06-22 21:44:59 886 ERROR] [main] contract.log.SystemPrintStream - 	at org.apache.maven.lifecycle.internal.LifecycleStarter.execute(LifecycleStarter.java:161)
[06-22 21:44:59 886 ERROR] [main] contract.log.SystemPrintStream - 	at org.apache.maven.DefaultMaven.doExecute(DefaultMaven.java:319)
[06-22 21:44:59 887 ERROR] [main] contract.log.SystemPrintStream - 	at org.apache.maven.DefaultMaven.execute(DefaultMaven.java:156)
[06-22 21:44:59 887 ERROR] [main] contract.log.SystemPrintStream - 	at org.apache.maven.cli.MavenCli.execute(MavenCli.java:537)
[06-22 21:44:59 887 ERROR] [main] contract.log.SystemPrintStream - 	at org.apache.maven.cli.MavenCli.doMain(MavenCli.java:196)
[06-22 21:44:59 887 ERROR] [main] contract.log.SystemPrintStream - 	at org.apache.maven.cli.MavenCli.main(MavenCli.java:141)
[06-22 21:44:59 888 ERROR] [main] contract.log.SystemPrintStream - 	at sun.reflect.NativeMethodAccessorImpl.invoke0(Native Method)
[06-22 21:44:59 888 ERROR] [main] contract.log.SystemPrintStream - 	at sun.reflect.NativeMethodAccessorImpl.invoke(NativeMethodAccessorImpl.java:57)
[06-22 21:44:59 889 ERROR] [main] contract.log.SystemPrintStream - 	at sun.reflect.DelegatingMethodAccessorImpl.invoke(DelegatingMethodAccessorImpl.java:43)
[06-22 21:44:59 889 ERROR] [main] contract.log.SystemPrintStream - 	at java.lang.reflect.Method.invoke(Method.java:606)
[06-22 21:44:59 889 ERROR] [main] contract.log.SystemPrintStream - 	at org.codehaus.plexus.classworlds.launcher.Launcher.launchEnhanced(Launcher.java:290)
[06-22 21:44:59 889 ERROR] [main] contract.log.SystemPrintStream - 	at org.codehaus.plexus.classworlds.launcher.Launcher.launch(Launcher.java:230)
[06-22 21:44:59 890 ERROR] [main] contract.log.SystemPrintStream - 	at org.codehaus.plexus.classworlds.launcher.Launcher.mainWithExitCode(Launcher.java:409)
[06-22 21:44:59 890 ERROR] [main] contract.log.SystemPrintStream - 	at org.codehaus.plexus.classworlds.launcher.Launcher.main(Launcher.java:352)
[06-22 22:31:30 489 ERROR] [main] contract.log.SystemPrintStream - java.lang.ClassCastException: ProxyFactory1466605886617 cannot be cast to org.spat.scf.server.contract.context.IProxyFactory
[06-22 22:31:30 492 ERROR] [main] contract.log.SystemPrintStream - 	at org.spat.scf.server.deploy.bytecode.CreateManager.careteProxy(CreateManager.java:40)
[06-22 22:31:30 493 ERROR] [main] contract.log.SystemPrintStream - 	at org.spat.scf.server.deploy.hotdeploy.ProxyFactoryLoader.loadProxyFactory(ProxyFactoryLoader.java:25)
[06-22 22:31:30 494 ERROR] [main] contract.log.SystemPrintStream - 	at org.spat.scf.server.bootstrap.Main.main(Main.java:149)
[06-22 22:31:30 495 ERROR] [main] contract.log.SystemPrintStream - 	at org.spat.scf.maven.RunMojo.execute(RunMojo.java:77)
[06-22 22:31:30 496 ERROR] [main] contract.log.SystemPrintStream - 	at org.apache.maven.plugin.DefaultBuildPluginManager.executeMojo(DefaultBuildPluginManager.java:101)
[06-22 22:31:30 497 ERROR] [main] contract.log.SystemPrintStream - 	at org.apache.maven.lifecycle.internal.MojoExecutor.execute(MojoExecutor.java:209)
[06-22 22:31:30 498 ERROR] [main] contract.log.SystemPrintStream - 	at org.apache.maven.lifecycle.internal.MojoExecutor.execute(MojoExecutor.java:153)
[06-22 22:31:30 499 ERROR] [main] contract.log.SystemPrintStream - 	at org.apache.maven.lifecycle.internal.MojoExecutor.execute(MojoExecutor.java:145)
[06-22 22:31:30 500 ERROR] [main] contract.log.SystemPrintStream - 	at org.apache.maven.lifecycle.internal.LifecycleModuleBuilder.buildProject(LifecycleModuleBuilder.java:84)
[06-22 22:31:30 501 ERROR] [main] contract.log.SystemPrintStream - 	at org.apache.maven.lifecycle.internal.LifecycleModuleBuilder.buildProject(LifecycleModuleBuilder.java:59)
[06-22 22:31:30 503 ERROR] [main] contract.log.SystemPrintStream - 	at org.apache.maven.lifecycle.internal.LifecycleStarter.singleThreadedBuild(LifecycleStarter.java:183)
[06-22 22:31:30 504 ERROR] [main] contract.log.SystemPrintStream - 	at org.apache.maven.lifecycle.internal.LifecycleStarter.execute(LifecycleStarter.java:161)
[06-22 22:31:30 506 ERROR] [main] contract.log.SystemPrintStream - 	at org.apache.maven.DefaultMaven.doExecute(DefaultMaven.java:319)
[06-22 22:31:30 507 ERROR] [main] contract.log.SystemPrintStream - 	at org.apache.maven.DefaultMaven.execute(DefaultMaven.java:156)
[06-22 22:31:30 509 ERROR] [main] contract.log.SystemPrintStream - 	at org.apache.maven.cli.MavenCli.execute(MavenCli.java:537)
[06-22 22:31:30 511 ERROR] [main] contract.log.SystemPrintStream - 	at org.apache.maven.cli.MavenCli.doMain(MavenCli.java:196)
[06-22 22:31:30 514 ERROR] [main] contract.log.SystemPrintStream - 	at org.apache.maven.cli.MavenCli.main(MavenCli.java:141)
[06-22 22:31:30 514 ERROR] [main] contract.log.SystemPrintStream - 	at sun.reflect.NativeMethodAccessorImpl.invoke0(Native Method)
[06-22 22:31:30 515 ERROR] [main] contract.log.SystemPrintStream - 	at sun.reflect.NativeMethodAccessorImpl.invoke(NativeMethodAccessorImpl.java:57)
[06-22 22:31:30 516 ERROR] [main] contract.log.SystemPrintStream - 	at sun.reflect.DelegatingMethodAccessorImpl.invoke(DelegatingMethodAccessorImpl.java:43)
[06-22 22:31:30 516 ERROR] [main] contract.log.SystemPrintStream - 	at java.lang.reflect.Method.invoke(Method.java:606)
[06-22 22:31:30 517 ERROR] [main] contract.log.SystemPrintStream - 	at org.codehaus.plexus.classworlds.launcher.Launcher.launchEnhanced(Launcher.java:290)
[06-22 22:31:30 517 ERROR] [main] contract.log.SystemPrintStream - 	at org.codehaus.plexus.classworlds.launcher.Launcher.launch(Launcher.java:230)
[06-22 22:31:30 518 ERROR] [main] contract.log.SystemPrintStream - 	at org.codehaus.plexus.classworlds.launcher.Launcher.mainWithExitCode(Launcher.java:409)
[06-22 22:31:30 518 ERROR] [main] contract.log.SystemPrintStream - 	at org.codehaus.plexus.classworlds.launcher.Launcher.main(Launcher.java:352)
[06-22 23:31:39 373 ERROR] [main] contract.log.SystemPrintStream - jarvmscf.serializer.basepakagescf.serializer.scantype=asyn
[06-22 23:32:39 035 ERROR] [main] contract.log.SystemPrintStream - jarvmscf.serializer.basepakagescf.serializer.scantype=asyn
[06-22 23:34:09 996 ERROR] [pool-3-thread-1] server.proxy.InvokerBase - localProxy is null
org.spat.scf.server.utility.ServiceFrameException: method:ProxyHandle.invoke--msg:UserInfoService.insertUser not fond
	at org.spat.scf.server.proxy.InvokerBase.doInvoke(InvokerBase.java:78)
	at org.spat.scf.server.proxy.AsyncInvokerHandle$1.run(AsyncInvokerHandle.java:84)
	at org.spat.utility.expandasync.AsyncWorker.execTimeoutTask(AsyncWorker.java:131)
	at org.spat.utility.expandasync.AsyncWorker.access$2(AsyncWorker.java:126)
	at org.spat.utility.expandasync.AsyncWorker$executeThread.run(AsyncWorker.java:156)
	at java.util.concurrent.ThreadPoolExecutor.runWorker(ThreadPoolExecutor.java:1145)
	at java.util.concurrent.ThreadPoolExecutor$Worker.run(ThreadPoolExecutor.java:615)
	at java.lang.Thread.run(Thread.java:745)
