[06-21 22:46:28 578 ERROR] [main] contract.log.SystemPrintStream - java.lang.ClassCastException: ProxyFactory1466520387545 cannot be cast to org.spat.scf.server.contract.context.IProxyFactory
[06-21 22:46:28 580 ERROR] [main] contract.log.SystemPrintStream - 	at org.spat.scf.server.deploy.bytecode.CreateManager.careteProxy(CreateManager.java:40)
[06-21 22:46:28 580 ERROR] [main] contract.log.SystemPrintStream - 	at org.spat.scf.server.deploy.hotdeploy.ProxyFactoryLoader.loadProxyFactory(ProxyFactoryLoader.java:25)
[06-21 22:46:28 580 ERROR] [main] contract.log.SystemPrintStream - 	at org.spat.scf.server.bootstrap.Main.main(Main.java:149)
[06-21 22:46:28 581 ERROR] [main] contract.log.SystemPrintStream - 	at org.spat.scf.maven.RunMojo.execute(RunMojo.java:47)
[06-21 22:46:28 581 ERROR] [main] contract.log.SystemPrintStream - 	at org.apache.maven.plugin.DefaultBuildPluginManager.executeMojo(DefaultBuildPluginManager.java:101)
[06-21 22:46:28 581 ERROR] [main] contract.log.SystemPrintStream - 	at org.apache.maven.lifecycle.internal.MojoExecutor.execute(MojoExecutor.java:209)
[06-21 22:46:28 582 ERROR] [main] contract.log.SystemPrintStream - 	at org.apache.maven.lifecycle.internal.MojoExecutor.execute(MojoExecutor.java:153)
[06-21 22:46:28 582 ERROR] [main] contract.log.SystemPrintStream - 	at org.apache.maven.lifecycle.internal.MojoExecutor.execute(MojoExecutor.java:145)
[06-21 22:46:28 582 ERROR] [main] contract.log.SystemPrintStream - 	at org.apache.maven.lifecycle.internal.LifecycleModuleBuilder.buildProject(LifecycleModuleBuilder.java:84)
[06-21 22:46:28 583 ERROR] [main] contract.log.SystemPrintStream - 	at org.apache.maven.lifecycle.internal.LifecycleModuleBuilder.buildProject(LifecycleModuleBuilder.java:59)
[06-21 22:46:28 583 ERROR] [main] contract.log.SystemPrintStream - 	at org.apache.maven.lifecycle.internal.LifecycleStarter.singleThreadedBuild(LifecycleStarter.java:183)
[06-21 22:46:28 583 ERROR] [main] contract.log.SystemPrintStream - 	at org.apache.maven.lifecycle.internal.LifecycleStarter.execute(LifecycleStarter.java:161)
[06-21 22:46:28 583 ERROR] [main] contract.log.SystemPrintStream - 	at org.apache.maven.DefaultMaven.doExecute(DefaultMaven.java:319)
[06-21 22:46:28 584 ERROR] [main] contract.log.SystemPrintStream - 	at org.apache.maven.DefaultMaven.execute(DefaultMaven.java:156)
[06-21 22:46:28 584 ERROR] [main] contract.log.SystemPrintStream - 	at org.apache.maven.cli.MavenCli.execute(MavenCli.java:537)
[06-21 22:46:28 584 ERROR] [main] contract.log.SystemPrintStream - 	at org.apache.maven.cli.MavenCli.doMain(MavenCli.java:196)
[06-21 22:46:28 585 ERROR] [main] contract.log.SystemPrintStream - 	at org.apache.maven.cli.MavenCli.main(MavenCli.java:141)
[06-21 22:46:28 585 ERROR] [main] contract.log.SystemPrintStream - 	at sun.reflect.NativeMethodAccessorImpl.invoke0(Native Method)
[06-21 22:46:28 585 ERROR] [main] contract.log.SystemPrintStream - 	at sun.reflect.NativeMethodAccessorImpl.invoke(NativeMethodAccessorImpl.java:57)
[06-21 22:46:28 585 ERROR] [main] contract.log.SystemPrintStream - 	at sun.reflect.DelegatingMethodAccessorImpl.invoke(DelegatingMethodAccessorImpl.java:43)
[06-21 22:46:28 586 ERROR] [main] contract.log.SystemPrintStream - 	at java.lang.reflect.Method.invoke(Method.java:606)
[06-21 22:46:28 586 ERROR] [main] contract.log.SystemPrintStream - 	at org.codehaus.plexus.classworlds.launcher.Launcher.launchEnhanced(Launcher.java:290)
[06-21 22:46:28 586 ERROR] [main] contract.log.SystemPrintStream - 	at org.codehaus.plexus.classworlds.launcher.Launcher.launch(Launcher.java:230)
[06-21 22:46:28 587 ERROR] [main] contract.log.SystemPrintStream - 	at org.codehaus.plexus.classworlds.launcher.Launcher.mainWithExitCode(Launcher.java:409)
[06-21 22:46:28 587 ERROR] [main] contract.log.SystemPrintStream - 	at org.codehaus.plexus.classworlds.launcher.Launcher.main(Launcher.java:352)
[06-21 23:00:07 899 ERROR] [main] contract.log.SystemPrintStream - java.lang.ClassCastException: ProxyFactory1466521186310 cannot be cast to org.spat.scf.server.contract.context.IProxyFactory
[06-21 23:00:07 903 ERROR] [main] contract.log.SystemPrintStream - 	at org.spat.scf.server.deploy.bytecode.CreateManager.careteProxy(CreateManager.java:40)
[06-21 23:00:07 903 ERROR] [main] contract.log.SystemPrintStream - 	at org.spat.scf.server.deploy.hotdeploy.ProxyFactoryLoader.loadProxyFactory(ProxyFactoryLoader.java:25)
[06-21 23:00:07 904 ERROR] [main] contract.log.SystemPrintStream - 	at org.spat.scf.server.bootstrap.Main.main(Main.java:149)
[06-21 23:00:07 904 ERROR] [main] contract.log.SystemPrintStream - 	at org.spat.scf.maven.RunMojo.execute(RunMojo.java:47)
[06-21 23:00:07 905 ERROR] [main] contract.log.SystemPrintStream - 	at org.apache.maven.plugin.DefaultBuildPluginManager.executeMojo(DefaultBuildPluginManager.java:101)
[06-21 23:00:07 905 ERROR] [main] contract.log.SystemPrintStream - 	at org.apache.maven.lifecycle.internal.MojoExecutor.execute(MojoExecutor.java:209)
[06-21 23:00:07 906 ERROR] [main] contract.log.SystemPrintStream - 	at org.apache.maven.lifecycle.internal.MojoExecutor.execute(MojoExecutor.java:153)
[06-21 23:00:07 906 ERROR] [main] contract.log.SystemPrintStream - 	at org.apache.maven.lifecycle.internal.MojoExecutor.execute(MojoExecutor.java:145)
[06-21 23:00:07 906 ERROR] [main] contract.log.SystemPrintStream - 	at org.apache.maven.lifecycle.internal.LifecycleModuleBuilder.buildProject(LifecycleModuleBuilder.java:84)
[06-21 23:00:07 906 ERROR] [main] contract.log.SystemPrintStream - 	at org.apache.maven.lifecycle.internal.LifecycleModuleBuilder.buildProject(LifecycleModuleBuilder.java:59)
[06-21 23:00:07 907 ERROR] [main] contract.log.SystemPrintStream - 	at org.apache.maven.lifecycle.internal.LifecycleStarter.singleThreadedBuild(LifecycleStarter.java:183)
[06-21 23:00:07 907 ERROR] [main] contract.log.SystemPrintStream - 	at org.apache.maven.lifecycle.internal.LifecycleStarter.execute(LifecycleStarter.java:161)
[06-21 23:00:07 907 ERROR] [main] contract.log.SystemPrintStream - 	at org.apache.maven.DefaultMaven.doExecute(DefaultMaven.java:319)
[06-21 23:00:07 908 ERROR] [main] contract.log.SystemPrintStream - 	at org.apache.maven.DefaultMaven.execute(DefaultMaven.java:156)
[06-21 23:00:07 908 ERROR] [main] contract.log.SystemPrintStream - 	at org.apache.maven.cli.MavenCli.execute(MavenCli.java:537)
[06-21 23:00:07 908 ERROR] [main] contract.log.SystemPrintStream - 	at org.apache.maven.cli.MavenCli.doMain(MavenCli.java:196)
[06-21 23:00:07 908 ERROR] [main] contract.log.SystemPrintStream - 	at org.apache.maven.cli.MavenCli.main(MavenCli.java:141)
[06-21 23:00:07 909 ERROR] [main] contract.log.SystemPrintStream - 	at sun.reflect.NativeMethodAccessorImpl.invoke0(Native Method)
[06-21 23:00:07 909 ERROR] [main] contract.log.SystemPrintStream - 	at sun.reflect.NativeMethodAccessorImpl.invoke(NativeMethodAccessorImpl.java:57)
[06-21 23:00:07 909 ERROR] [main] contract.log.SystemPrintStream - 	at sun.reflect.DelegatingMethodAccessorImpl.invoke(DelegatingMethodAccessorImpl.java:43)
[06-21 23:00:07 910 ERROR] [main] contract.log.SystemPrintStream - 	at java.lang.reflect.Method.invoke(Method.java:606)
[06-21 23:00:07 910 ERROR] [main] contract.log.SystemPrintStream - 	at org.codehaus.plexus.classworlds.launcher.Launcher.launchEnhanced(Launcher.java:290)
[06-21 23:00:07 911 ERROR] [main] contract.log.SystemPrintStream - 	at org.codehaus.plexus.classworlds.launcher.Launcher.launch(Launcher.java:230)
[06-21 23:00:07 911 ERROR] [main] contract.log.SystemPrintStream - 	at org.codehaus.plexus.classworlds.launcher.Launcher.mainWithExitCode(Launcher.java:409)
[06-21 23:00:07 911 ERROR] [main] contract.log.SystemPrintStream - 	at org.codehaus.plexus.classworlds.launcher.Launcher.main(Launcher.java:352)
[06-21 23:08:33 731 ERROR] [main] contract.log.SystemPrintStream - java.lang.ClassCastException: ProxyFactory1466521442818 cannot be cast to org.spat.scf.server.contract.context.IProxyFactory
[06-21 23:08:33 734 ERROR] [main] contract.log.SystemPrintStream - 	at org.spat.scf.server.deploy.bytecode.CreateManager.careteProxy(CreateManager.java:40)
[06-21 23:08:33 735 ERROR] [main] contract.log.SystemPrintStream - 	at org.spat.scf.server.deploy.hotdeploy.ProxyFactoryLoader.loadProxyFactory(ProxyFactoryLoader.java:25)
[06-21 23:08:33 736 ERROR] [main] contract.log.SystemPrintStream - 	at org.spat.scf.server.bootstrap.Main.main(Main.java:149)
[06-21 23:08:33 737 ERROR] [main] contract.log.SystemPrintStream - 	at org.spat.scf.maven.RunMojo.execute(RunMojo.java:47)
[06-21 23:08:33 739 ERROR] [main] contract.log.SystemPrintStream - 	at org.apache.maven.plugin.DefaultBuildPluginManager.executeMojo(DefaultBuildPluginManager.java:101)
[06-21 23:08:33 740 ERROR] [main] contract.log.SystemPrintStream - 	at org.apache.maven.lifecycle.internal.MojoExecutor.execute(MojoExecutor.java:209)
[06-21 23:08:33 740 ERROR] [main] contract.log.SystemPrintStream - 	at org.apache.maven.lifecycle.internal.MojoExecutor.execute(MojoExecutor.java:153)
[06-21 23:08:33 741 ERROR] [main] contract.log.SystemPrintStream - 	at org.apache.maven.lifecycle.internal.MojoExecutor.execute(MojoExecutor.java:145)
[06-21 23:08:33 742 ERROR] [main] contract.log.SystemPrintStream - 	at org.apache.maven.lifecycle.internal.LifecycleModuleBuilder.buildProject(LifecycleModuleBuilder.java:84)
[06-21 23:08:33 744 ERROR] [main] contract.log.SystemPrintStream - 	at org.apache.maven.lifecycle.internal.LifecycleModuleBuilder.buildProject(LifecycleModuleBuilder.java:59)
[06-21 23:08:33 745 ERROR] [main] contract.log.SystemPrintStream - 	at org.apache.maven.lifecycle.internal.LifecycleStarter.singleThreadedBuild(LifecycleStarter.java:183)
[06-21 23:08:33 745 ERROR] [main] contract.log.SystemPrintStream - 	at org.apache.maven.lifecycle.internal.LifecycleStarter.execute(LifecycleStarter.java:161)
[06-21 23:08:33 746 ERROR] [main] contract.log.SystemPrintStream - 	at org.apache.maven.DefaultMaven.doExecute(DefaultMaven.java:319)
[06-21 23:08:33 747 ERROR] [main] contract.log.SystemPrintStream - 	at org.apache.maven.DefaultMaven.execute(DefaultMaven.java:156)
[06-21 23:08:33 748 ERROR] [main] contract.log.SystemPrintStream - 	at org.apache.maven.cli.MavenCli.execute(MavenCli.java:537)
[06-21 23:08:33 748 ERROR] [main] contract.log.SystemPrintStream - 	at org.apache.maven.cli.MavenCli.doMain(MavenCli.java:196)
[06-21 23:08:33 749 ERROR] [main] contract.log.SystemPrintStream - 	at org.apache.maven.cli.MavenCli.main(MavenCli.java:141)
[06-21 23:08:33 750 ERROR] [main] contract.log.SystemPrintStream - 	at sun.reflect.NativeMethodAccessorImpl.invoke0(Native Method)
[06-21 23:08:33 751 ERROR] [main] contract.log.SystemPrintStream - 	at sun.reflect.NativeMethodAccessorImpl.invoke(NativeMethodAccessorImpl.java:57)
[06-21 23:08:33 752 ERROR] [main] contract.log.SystemPrintStream - 	at sun.reflect.DelegatingMethodAccessorImpl.invoke(DelegatingMethodAccessorImpl.java:43)
[06-21 23:08:33 753 ERROR] [main] contract.log.SystemPrintStream - 	at java.lang.reflect.Method.invoke(Method.java:606)
[06-21 23:08:33 753 ERROR] [main] contract.log.SystemPrintStream - 	at org.codehaus.plexus.classworlds.launcher.Launcher.launchEnhanced(Launcher.java:290)
[06-21 23:08:33 754 ERROR] [main] contract.log.SystemPrintStream - 	at org.codehaus.plexus.classworlds.launcher.Launcher.launch(Launcher.java:230)
[06-21 23:08:33 755 ERROR] [main] contract.log.SystemPrintStream - 	at org.codehaus.plexus.classworlds.launcher.Launcher.mainWithExitCode(Launcher.java:409)
[06-21 23:08:33 755 ERROR] [main] contract.log.SystemPrintStream - 	at org.codehaus.plexus.classworlds.launcher.Launcher.main(Launcher.java:352)
[06-21 23:10:56 709 ERROR] [main] contract.log.SystemPrintStream - java.lang.ClassCastException: ProxyFactory1466521856079 cannot be cast to org.spat.scf.server.contract.context.IProxyFactory
[06-21 23:10:56 711 ERROR] [main] contract.log.SystemPrintStream - 	at org.spat.scf.server.deploy.bytecode.CreateManager.careteProxy(CreateManager.java:40)
[06-21 23:10:56 711 ERROR] [main] contract.log.SystemPrintStream - 	at org.spat.scf.server.deploy.hotdeploy.ProxyFactoryLoader.loadProxyFactory(ProxyFactoryLoader.java:25)
[06-21 23:10:56 711 ERROR] [main] contract.log.SystemPrintStream - 	at org.spat.scf.server.bootstrap.Main.main(Main.java:149)
[06-21 23:10:56 712 ERROR] [main] contract.log.SystemPrintStream - 	at org.spat.scf.maven.RunMojo.execute(RunMojo.java:47)
[06-21 23:10:56 713 ERROR] [main] contract.log.SystemPrintStream - 	at org.apache.maven.plugin.DefaultBuildPluginManager.executeMojo(DefaultBuildPluginManager.java:101)
[06-21 23:10:56 713 ERROR] [main] contract.log.SystemPrintStream - 	at org.apache.maven.lifecycle.internal.MojoExecutor.execute(MojoExecutor.java:209)
[06-21 23:10:56 714 ERROR] [main] contract.log.SystemPrintStream - 	at org.apache.maven.lifecycle.internal.MojoExecutor.execute(MojoExecutor.java:153)
[06-21 23:10:56 714 ERROR] [main] contract.log.SystemPrintStream - 	at org.apache.maven.lifecycle.internal.MojoExecutor.execute(MojoExecutor.java:145)
[06-21 23:10:56 714 ERROR] [main] contract.log.SystemPrintStream - 	at org.apache.maven.lifecycle.internal.LifecycleModuleBuilder.buildProject(LifecycleModuleBuilder.java:84)
[06-21 23:10:56 715 ERROR] [main] contract.log.SystemPrintStream - 	at org.apache.maven.lifecycle.internal.LifecycleModuleBuilder.buildProject(LifecycleModuleBuilder.java:59)
[06-21 23:10:56 715 ERROR] [main] contract.log.SystemPrintStream - 	at org.apache.maven.lifecycle.internal.LifecycleStarter.singleThreadedBuild(LifecycleStarter.java:183)
[06-21 23:10:56 715 ERROR] [main] contract.log.SystemPrintStream - 	at org.apache.maven.lifecycle.internal.LifecycleStarter.execute(LifecycleStarter.java:161)
[06-21 23:10:56 716 ERROR] [main] contract.log.SystemPrintStream - 	at org.apache.maven.DefaultMaven.doExecute(DefaultMaven.java:319)
[06-21 23:10:56 716 ERROR] [main] contract.log.SystemPrintStream - 	at org.apache.maven.DefaultMaven.execute(DefaultMaven.java:156)
[06-21 23:10:56 717 ERROR] [main] contract.log.SystemPrintStream - 	at org.apache.maven.cli.MavenCli.execute(MavenCli.java:537)
[06-21 23:10:56 717 ERROR] [main] contract.log.SystemPrintStream - 	at org.apache.maven.cli.MavenCli.doMain(MavenCli.java:196)
[06-21 23:10:56 717 ERROR] [main] contract.log.SystemPrintStream - 	at org.apache.maven.cli.MavenCli.main(MavenCli.java:141)
[06-21 23:10:56 718 ERROR] [main] contract.log.SystemPrintStream - 	at sun.reflect.NativeMethodAccessorImpl.invoke0(Native Method)
[06-21 23:10:56 718 ERROR] [main] contract.log.SystemPrintStream - 	at sun.reflect.NativeMethodAccessorImpl.invoke(NativeMethodAccessorImpl.java:57)
[06-21 23:10:56 718 ERROR] [main] contract.log.SystemPrintStream - 	at sun.reflect.DelegatingMethodAccessorImpl.invoke(DelegatingMethodAccessorImpl.java:43)
[06-21 23:10:56 719 ERROR] [main] contract.log.SystemPrintStream - 	at java.lang.reflect.Method.invoke(Method.java:606)
[06-21 23:10:56 719 ERROR] [main] contract.log.SystemPrintStream - 	at org.codehaus.plexus.classworlds.launcher.Launcher.launchEnhanced(Launcher.java:290)
[06-21 23:10:56 719 ERROR] [main] contract.log.SystemPrintStream - 	at org.codehaus.plexus.classworlds.launcher.Launcher.launch(Launcher.java:230)
[06-21 23:10:56 720 ERROR] [main] contract.log.SystemPrintStream - 	at org.codehaus.plexus.classworlds.launcher.Launcher.mainWithExitCode(Launcher.java:409)
[06-21 23:10:56 720 ERROR] [main] contract.log.SystemPrintStream - 	at org.codehaus.plexus.classworlds.launcher.Launcher.main(Launcher.java:352)
[06-21 23:26:17 302 ERROR] [main] contract.log.SystemPrintStream - java.lang.ClassCastException: ProxyFactory1466522772184 cannot be cast to org.spat.scf.server.contract.context.IProxyFactory
[06-21 23:26:17 303 ERROR] [main] contract.log.SystemPrintStream - 	at org.spat.scf.server.deploy.bytecode.CreateManager.careteProxy(CreateManager.java:40)
[06-21 23:26:17 304 ERROR] [main] contract.log.SystemPrintStream - 	at org.spat.scf.server.deploy.hotdeploy.ProxyFactoryLoader.loadProxyFactory(ProxyFactoryLoader.java:25)
[06-21 23:26:17 304 ERROR] [main] contract.log.SystemPrintStream - 	at org.spat.scf.server.bootstrap.Main.main(Main.java:149)
[06-21 23:26:17 305 ERROR] [main] contract.log.SystemPrintStream - 	at org.spat.scf.maven.RunMojo.execute(RunMojo.java:47)
[06-21 23:26:17 305 ERROR] [main] contract.log.SystemPrintStream - 	at org.apache.maven.plugin.DefaultBuildPluginManager.executeMojo(DefaultBuildPluginManager.java:101)
[06-21 23:26:17 305 ERROR] [main] contract.log.SystemPrintStream - 	at org.apache.maven.lifecycle.internal.MojoExecutor.execute(MojoExecutor.java:209)
[06-21 23:26:17 306 ERROR] [main] contract.log.SystemPrintStream - 	at org.apache.maven.lifecycle.internal.MojoExecutor.execute(MojoExecutor.java:153)
[06-21 23:26:17 306 ERROR] [main] contract.log.SystemPrintStream - 	at org.apache.maven.lifecycle.internal.MojoExecutor.execute(MojoExecutor.java:145)
[06-21 23:26:17 306 ERROR] [main] contract.log.SystemPrintStream - 	at org.apache.maven.lifecycle.internal.LifecycleModuleBuilder.buildProject(LifecycleModuleBuilder.java:84)
[06-21 23:26:17 306 ERROR] [main] contract.log.SystemPrintStream - 	at org.apache.maven.lifecycle.internal.LifecycleModuleBuilder.buildProject(LifecycleModuleBuilder.java:59)
[06-21 23:26:17 307 ERROR] [main] contract.log.SystemPrintStream - 	at org.apache.maven.lifecycle.internal.LifecycleStarter.singleThreadedBuild(LifecycleStarter.java:183)
[06-21 23:26:17 308 ERROR] [main] contract.log.SystemPrintStream - 	at org.apache.maven.lifecycle.internal.LifecycleStarter.execute(LifecycleStarter.java:161)
[06-21 23:26:17 308 ERROR] [main] contract.log.SystemPrintStream - 	at org.apache.maven.DefaultMaven.doExecute(DefaultMaven.java:319)
[06-21 23:26:17 308 ERROR] [main] contract.log.SystemPrintStream - 	at org.apache.maven.DefaultMaven.execute(DefaultMaven.java:156)
[06-21 23:26:17 309 ERROR] [main] contract.log.SystemPrintStream - 	at org.apache.maven.cli.MavenCli.execute(MavenCli.java:537)
[06-21 23:26:17 309 ERROR] [main] contract.log.SystemPrintStream - 	at org.apache.maven.cli.MavenCli.doMain(MavenCli.java:196)
[06-21 23:26:17 309 ERROR] [main] contract.log.SystemPrintStream - 	at org.apache.maven.cli.MavenCli.main(MavenCli.java:141)
[06-21 23:26:17 310 ERROR] [main] contract.log.SystemPrintStream - 	at sun.reflect.NativeMethodAccessorImpl.invoke0(Native Method)
[06-21 23:26:17 310 ERROR] [main] contract.log.SystemPrintStream - 	at sun.reflect.NativeMethodAccessorImpl.invoke(NativeMethodAccessorImpl.java:57)
[06-21 23:26:17 310 ERROR] [main] contract.log.SystemPrintStream - 	at sun.reflect.DelegatingMethodAccessorImpl.invoke(DelegatingMethodAccessorImpl.java:43)
[06-21 23:26:17 310 ERROR] [main] contract.log.SystemPrintStream - 	at java.lang.reflect.Method.invoke(Method.java:606)
[06-21 23:26:17 311 ERROR] [main] contract.log.SystemPrintStream - 	at org.codehaus.plexus.classworlds.launcher.Launcher.launchEnhanced(Launcher.java:290)
[06-21 23:26:17 311 ERROR] [main] contract.log.SystemPrintStream - 	at org.codehaus.plexus.classworlds.launcher.Launcher.launch(Launcher.java:230)
[06-21 23:26:17 311 ERROR] [main] contract.log.SystemPrintStream - 	at org.codehaus.plexus.classworlds.launcher.Launcher.mainWithExitCode(Launcher.java:409)
[06-21 23:26:17 312 ERROR] [main] contract.log.SystemPrintStream - 	at org.codehaus.plexus.classworlds.launcher.Launcher.main(Launcher.java:352)
