[06-26 16:41:38 063 ERROR] [main] contract.log.SystemPrintStream - 开始扫描全部引用jar包，如果扫描过程过长请在启动vm参数中设置scf.serializer.basepakage或者设置scf.serializer.scantype=asyn使用异步模式扫描。
[06-26 16:43:15 273 ERROR] [main] contract.log.SystemPrintStream - 开始扫描全部引用jar包，如果扫描过程过长请在启动vm参数中设置scf.serializer.basepakage或者设置scf.serializer.scantype=asyn使用异步模式扫描。
[06-26 16:43:19 247 ERROR] [main] contract.log.SystemPrintStream - SLF4J: Class path contains multiple SLF4J bindings.
[06-26 16:43:19 247 ERROR] [main] contract.log.SystemPrintStream - SLF4J: Found binding in [jar:file:/d:/scfV3/lib/log4j-slf4j-impl-2.2.jar!/org/slf4j/impl/StaticLoggerBinder.class]
[06-26 16:43:19 248 ERROR] [main] contract.log.SystemPrintStream - SLF4J: Found binding in [jar:file:D:\scfV3\lib\log4j-slf4j-impl-2.2.jar!/org/slf4j/impl/StaticLoggerBinder.class]
[06-26 16:43:19 248 ERROR] [main] contract.log.SystemPrintStream - SLF4J: See http://www.slf4j.org/codes.html#multiple_bindings for an explanation.
[06-26 16:43:19 251 ERROR] [main] contract.log.SystemPrintStream - SLF4J: Actual binding is of type [org.apache.logging.slf4j.Log4jLoggerFactory]
[06-26 16:44:34 775 ERROR] [main] contract.log.SystemPrintStream - 开始扫描全部引用jar包，如果扫描过程过长请在启动vm参数中设置scf.serializer.basepakage或者设置scf.serializer.scantype=asyn使用异步模式扫描。
[06-26 16:52:59 771 ERROR] [main] contract.log.SystemPrintStream - 开始扫描全部引用jar包，如果扫描过程过长请在启动vm参数中设置scf.serializer.basepakage或者设置scf.serializer.scantype=asyn使用异步模式扫描。
[06-26 16:53:03 939 ERROR] [main] contract.log.SystemPrintStream - SLF4J: Class path contains multiple SLF4J bindings.
[06-26 16:53:03 940 ERROR] [main] contract.log.SystemPrintStream - SLF4J: Found binding in [jar:file:/d:/scfV3/lib/log4j-slf4j-impl-2.2.jar!/org/slf4j/impl/StaticLoggerBinder.class]
[06-26 16:53:03 941 ERROR] [main] contract.log.SystemPrintStream - SLF4J: Found binding in [jar:file:D:\scfV3\lib\log4j-slf4j-impl-2.2.jar!/org/slf4j/impl/StaticLoggerBinder.class]
[06-26 16:53:03 941 ERROR] [main] contract.log.SystemPrintStream - SLF4J: See http://www.slf4j.org/codes.html#multiple_bindings for an explanation.
[06-26 16:53:03 944 ERROR] [main] contract.log.SystemPrintStream - SLF4J: Actual binding is of type [org.apache.logging.slf4j.Log4jLoggerFactory]
[06-26 17:51:58 199 ERROR] [main] contract.log.SystemPrintStream - SLF4J: Class path contains multiple SLF4J bindings.
[06-26 17:51:58 200 ERROR] [main] contract.log.SystemPrintStream - SLF4J: Found binding in [jar:file:/d:/scfV3/lib/log4j-slf4j-impl-2.2.jar!/org/slf4j/impl/StaticLoggerBinder.class]
[06-26 17:51:58 200 ERROR] [main] contract.log.SystemPrintStream - SLF4J: Found binding in [jar:file:D:\scfV3\lib\log4j-slf4j-impl-2.2.jar!/org/slf4j/impl/StaticLoggerBinder.class]
[06-26 17:51:58 201 ERROR] [main] contract.log.SystemPrintStream - SLF4J: See http://www.slf4j.org/codes.html#multiple_bindings for an explanation.
[06-26 17:51:58 207 ERROR] [main] contract.log.SystemPrintStream - SLF4J: Actual binding is of type [org.apache.logging.slf4j.Log4jLoggerFactory]
[06-26 17:52:28 051 ERROR] [New I/O server worker #1-4] communication.tcp.SocketHandler - unexpected exception from downstream remoteAddress(/127.0.0.1:65246)
java.io.IOException: 远程主机强迫关闭了一个现有的连接。
	at sun.nio.ch.SocketDispatcher.read0(Native Method)
	at sun.nio.ch.SocketDispatcher.read(SocketDispatcher.java:43)
	at sun.nio.ch.IOUtil.readIntoNativeBuffer(IOUtil.java:223)
	at sun.nio.ch.IOUtil.read(IOUtil.java:197)
	at sun.nio.ch.SocketChannelImpl.read(SocketChannelImpl.java:379)
	at org.jboss.netty.buffer.HeapChannelBuffer.setBytes(HeapChannelBuffer.java:156)
	at org.jboss.netty.buffer.AbstractChannelBuffer.writeBytes(AbstractChannelBuffer.java:425)
	at org.jboss.netty.channel.socket.nio.NioWorker.read(NioWorker.java:305)
	at org.jboss.netty.channel.socket.nio.NioWorker.processSelectedKeys(NioWorker.java:275)
	at org.jboss.netty.channel.socket.nio.NioWorker.run(NioWorker.java:196)
	at org.jboss.netty.util.internal.IoWorkerRunnable.run(IoWorkerRunnable.java:46)
	at java.util.concurrent.ThreadPoolExecutor.runWorker(ThreadPoolExecutor.java:1145)
	at java.util.concurrent.ThreadPoolExecutor$Worker.run(ThreadPoolExecutor.java:615)
	at java.lang.Thread.run(Thread.java:745)
[06-26 17:52:28 032 ERROR] [New I/O server worker #1-1] communication.tcp.SocketHandler - unexpected exception from downstream remoteAddress(/127.0.0.1:65235)
java.io.IOException: 远程主机强迫关闭了一个现有的连接。
	at sun.nio.ch.SocketDispatcher.read0(Native Method)
	at sun.nio.ch.SocketDispatcher.read(SocketDispatcher.java:43)
	at sun.nio.ch.IOUtil.readIntoNativeBuffer(IOUtil.java:223)
	at sun.nio.ch.IOUtil.read(IOUtil.java:197)
	at sun.nio.ch.SocketChannelImpl.read(SocketChannelImpl.java:379)
	at org.jboss.netty.buffer.HeapChannelBuffer.setBytes(HeapChannelBuffer.java:156)
	at org.jboss.netty.buffer.AbstractChannelBuffer.writeBytes(AbstractChannelBuffer.java:425)
	at org.jboss.netty.channel.socket.nio.NioWorker.read(NioWorker.java:305)
	at org.jboss.netty.channel.socket.nio.NioWorker.processSelectedKeys(NioWorker.java:275)
	at org.jboss.netty.channel.socket.nio.NioWorker.run(NioWorker.java:196)
	at org.jboss.netty.util.internal.IoWorkerRunnable.run(IoWorkerRunnable.java:46)
	at java.util.concurrent.ThreadPoolExecutor.runWorker(ThreadPoolExecutor.java:1145)
	at java.util.concurrent.ThreadPoolExecutor$Worker.run(ThreadPoolExecutor.java:615)
	at java.lang.Thread.run(Thread.java:745)
[06-26 17:52:28 043 ERROR] [New I/O server worker #1-5] communication.tcp.SocketHandler - unexpected exception from downstream remoteAddress(/127.0.0.1:65249)
java.io.IOException: 远程主机强迫关闭了一个现有的连接。
	at sun.nio.ch.SocketDispatcher.read0(Native Method)
	at sun.nio.ch.SocketDispatcher.read(SocketDispatcher.java:43)
	at sun.nio.ch.IOUtil.readIntoNativeBuffer(IOUtil.java:223)
	at sun.nio.ch.IOUtil.read(IOUtil.java:197)
	at sun.nio.ch.SocketChannelImpl.read(SocketChannelImpl.java:379)
	at org.jboss.netty.buffer.HeapChannelBuffer.setBytes(HeapChannelBuffer.java:156)
	at org.jboss.netty.buffer.AbstractChannelBuffer.writeBytes(AbstractChannelBuffer.java:425)
	at org.jboss.netty.channel.socket.nio.NioWorker.read(NioWorker.java:305)
	at org.jboss.netty.channel.socket.nio.NioWorker.processSelectedKeys(NioWorker.java:275)
	at org.jboss.netty.channel.socket.nio.NioWorker.run(NioWorker.java:196)
	at org.jboss.netty.util.internal.IoWorkerRunnable.run(IoWorkerRunnable.java:46)
	at java.util.concurrent.ThreadPoolExecutor.runWorker(ThreadPoolExecutor.java:1145)
	at java.util.concurrent.ThreadPoolExecutor$Worker.run(ThreadPoolExecutor.java:615)
	at java.lang.Thread.run(Thread.java:745)
[06-26 17:52:28 063 ERROR] [New I/O server worker #1-2] communication.tcp.SocketHandler - unexpected exception from downstream remoteAddress(/127.0.0.1:65240)
java.io.IOException: 远程主机强迫关闭了一个现有的连接。
	at sun.nio.ch.SocketDispatcher.read0(Native Method)
	at sun.nio.ch.SocketDispatcher.read(SocketDispatcher.java:43)
	at sun.nio.ch.IOUtil.readIntoNativeBuffer(IOUtil.java:223)
	at sun.nio.ch.IOUtil.read(IOUtil.java:197)
	at sun.nio.ch.SocketChannelImpl.read(SocketChannelImpl.java:379)
	at org.jboss.netty.buffer.HeapChannelBuffer.setBytes(HeapChannelBuffer.java:156)
	at org.jboss.netty.buffer.AbstractChannelBuffer.writeBytes(AbstractChannelBuffer.java:425)
	at org.jboss.netty.channel.socket.nio.NioWorker.read(NioWorker.java:305)
	at org.jboss.netty.channel.socket.nio.NioWorker.processSelectedKeys(NioWorker.java:275)
	at org.jboss.netty.channel.socket.nio.NioWorker.run(NioWorker.java:196)
	at org.jboss.netty.util.internal.IoWorkerRunnable.run(IoWorkerRunnable.java:46)
	at java.util.concurrent.ThreadPoolExecutor.runWorker(ThreadPoolExecutor.java:1145)
	at java.util.concurrent.ThreadPoolExecutor$Worker.run(ThreadPoolExecutor.java:615)
	at java.lang.Thread.run(Thread.java:745)
[06-26 17:52:28 043 ERROR] [New I/O server worker #1-3] communication.tcp.SocketHandler - unexpected exception from downstream remoteAddress(/127.0.0.1:65243)
java.io.IOException: 远程主机强迫关闭了一个现有的连接。
	at sun.nio.ch.SocketDispatcher.read0(Native Method)
	at sun.nio.ch.SocketDispatcher.read(SocketDispatcher.java:43)
	at sun.nio.ch.IOUtil.readIntoNativeBuffer(IOUtil.java:223)
	at sun.nio.ch.IOUtil.read(IOUtil.java:197)
	at sun.nio.ch.SocketChannelImpl.read(SocketChannelImpl.java:379)
	at org.jboss.netty.buffer.HeapChannelBuffer.setBytes(HeapChannelBuffer.java:156)
	at org.jboss.netty.buffer.AbstractChannelBuffer.writeBytes(AbstractChannelBuffer.java:425)
	at org.jboss.netty.channel.socket.nio.NioWorker.read(NioWorker.java:305)
	at org.jboss.netty.channel.socket.nio.NioWorker.processSelectedKeys(NioWorker.java:275)
	at org.jboss.netty.channel.socket.nio.NioWorker.run(NioWorker.java:196)
	at org.jboss.netty.util.internal.IoWorkerRunnable.run(IoWorkerRunnable.java:46)
	at java.util.concurrent.ThreadPoolExecutor.runWorker(ThreadPoolExecutor.java:1145)
	at java.util.concurrent.ThreadPoolExecutor$Worker.run(ThreadPoolExecutor.java:615)
	at java.lang.Thread.run(Thread.java:745)
